[11-Oct-2021 07:58:02 UTC] PHP Warning:  require(/home/nocjadpy678c/public_html/tryyourwork.com/jattmatrimony/../app/Config/Paths.php): failed to open stream: No such file or directory in /home/nocjadpy678c/public_html/tryyourwork.com/jattmatrimony/index.php on line 22
[11-Oct-2021 07:58:02 UTC] PHP Fatal error:  require(): Failed opening required '/home/nocjadpy678c/public_html/tryyourwork.com/jattmatrimony/../app/Config/Paths.php' (include_path='.:/opt/alt/php74/usr/share/pear') in /home/nocjadpy678c/public_html/tryyourwork.com/jattmatrimony/index.php on line 22
[11-Oct-2021 07:58:06 UTC] PHP Warning:  require(/home/nocjadpy678c/public_html/tryyourwork.com/jattmatrimony/../app/Config/Paths.php): failed to open stream: No such file or directory in /home/nocjadpy678c/public_html/tryyourwork.com/jattmatrimony/index.php on line 22
[11-Oct-2021 07:58:06 UTC] PHP Fatal error:  require(): Failed opening required '/home/nocjadpy678c/public_html/tryyourwork.com/jattmatrimony/../app/Config/Paths.php' (include_path='.:/opt/alt/php74/usr/share/pear') in /home/nocjadpy678c/public_html/tryyourwork.com/jattmatrimony/index.php on line 22
[11-Oct-2021 07:58:12 UTC] PHP Warning:  require(/home/nocjadpy678c/public_html/tryyourwork.com/jattmatrimony/../app/Config/Paths.php): failed to open stream: No such file or directory in /home/nocjadpy678c/public_html/tryyourwork.com/jattmatrimony/index.php on line 22
[11-Oct-2021 07:58:12 UTC] PHP Fatal error:  require(): Failed opening required '/home/nocjadpy678c/public_html/tryyourwork.com/jattmatrimony/../app/Config/Paths.php' (include_path='.:/opt/alt/php74/usr/share/pear') in /home/nocjadpy678c/public_html/tryyourwork.com/jattmatrimony/index.php on line 22
[11-Oct-2021 07:58:12 UTC] PHP Warning:  require(/home/nocjadpy678c/public_html/tryyourwork.com/jattmatrimony/../app/Config/Paths.php): failed to open stream: No such file or directory in /home/nocjadpy678c/public_html/tryyourwork.com/jattmatrimony/index.php on line 22
[11-Oct-2021 07:58:12 UTC] PHP Fatal error:  require(): Failed opening required '/home/nocjadpy678c/public_html/tryyourwork.com/jattmatrimony/../app/Config/Paths.php' (include_path='.:/opt/alt/php74/usr/share/pear') in /home/nocjadpy678c/public_html/tryyourwork.com/jattmatrimony/index.php on line 22
[11-Oct-2021 07:58:18 UTC] PHP Warning:  require(/home/nocjadpy678c/public_html/tryyourwork.com/jattmatrimony/../app/Config/Paths.php): failed to open stream: No such file or directory in /home/nocjadpy678c/public_html/tryyourwork.com/jattmatrimony/index.php on line 22
[11-Oct-2021 07:58:18 UTC] PHP Fatal error:  require(): Failed opening required '/home/nocjadpy678c/public_html/tryyourwork.com/jattmatrimony/../app/Config/Paths.php' (include_path='.:/opt/alt/php74/usr/share/pear') in /home/nocjadpy678c/public_html/tryyourwork.com/jattmatrimony/index.php on line 22
[11-Oct-2021 07:59:08 UTC] PHP Warning:  require(/home/nocjadpy678c/public_html/tryyourwork.com/jattmatrimony/../app/Config/Paths.php): failed to open stream: No such file or directory in /home/nocjadpy678c/public_html/tryyourwork.com/jattmatrimony/index.php on line 22
[11-Oct-2021 07:59:08 UTC] PHP Fatal error:  require(): Failed opening required '/home/nocjadpy678c/public_html/tryyourwork.com/jattmatrimony/../app/Config/Paths.php' (include_path='.:/opt/alt/php74/usr/share/pear') in /home/nocjadpy678c/public_html/tryyourwork.com/jattmatrimony/index.php on line 22
[11-Oct-2021 07:59:54 UTC] PHP Warning:  require(/home/nocjadpy678c/public_html/tryyourwork.com/jattmatrimony/../app/Config/Paths.php): failed to open stream: No such file or directory in /home/nocjadpy678c/public_html/tryyourwork.com/jattmatrimony/index.php on line 22
[11-Oct-2021 07:59:54 UTC] PHP Fatal error:  require(): Failed opening required '/home/nocjadpy678c/public_html/tryyourwork.com/jattmatrimony/../app/Config/Paths.php' (include_path='.:/opt/alt/php74/usr/share/pear') in /home/nocjadpy678c/public_html/tryyourwork.com/jattmatrimony/index.php on line 22
[11-Oct-2021 07:59:59 UTC] PHP Warning:  require(/home/nocjadpy678c/public_html/tryyourwork.com/jattmatrimony/../app/Config/Paths.php): failed to open stream: No such file or directory in /home/nocjadpy678c/public_html/tryyourwork.com/jattmatrimony/index.php on line 22
[11-Oct-2021 07:59:59 UTC] PHP Fatal error:  require(): Failed opening required '/home/nocjadpy678c/public_html/tryyourwork.com/jattmatrimony/../app/Config/Paths.php' (include_path='.:/opt/alt/php74/usr/share/pear') in /home/nocjadpy678c/public_html/tryyourwork.com/jattmatrimony/index.php on line 22
[11-Oct-2021 08:01:42 UTC] PHP Warning:  require(/home/nocjadpy678c/public_html/tryyourwork.com/jattmatrimony/../app/Config/Paths.php): failed to open stream: No such file or directory in /home/nocjadpy678c/public_html/tryyourwork.com/jattmatrimony/index.php on line 22
[11-Oct-2021 08:01:42 UTC] PHP Fatal error:  require(): Failed opening required '/home/nocjadpy678c/public_html/tryyourwork.com/jattmatrimony/../app/Config/Paths.php' (include_path='.:/opt/alt/php74/usr/share/pear') in /home/nocjadpy678c/public_html/tryyourwork.com/jattmatrimony/index.php on line 22
[11-Oct-2021 08:01:51 UTC] PHP Warning:  require(/home/nocjadpy678c/public_html/tryyourwork.com/jattmatrimony/../app/Config/Paths.php): failed to open stream: No such file or directory in /home/nocjadpy678c/public_html/tryyourwork.com/jattmatrimony/index.php on line 22
[11-Oct-2021 08:01:51 UTC] PHP Fatal error:  require(): Failed opening required '/home/nocjadpy678c/public_html/tryyourwork.com/jattmatrimony/../app/Config/Paths.php' (include_path='.:/opt/alt/php74/usr/share/pear') in /home/nocjadpy678c/public_html/tryyourwork.com/jattmatrimony/index.php on line 22
[11-Oct-2021 08:01:58 UTC] PHP Warning:  require(/home/nocjadpy678c/public_html/tryyourwork.com/jattmatrimony/../app/Config/Paths.php): failed to open stream: No such file or directory in /home/nocjadpy678c/public_html/tryyourwork.com/jattmatrimony/index.php on line 22
[11-Oct-2021 08:01:58 UTC] PHP Fatal error:  require(): Failed opening required '/home/nocjadpy678c/public_html/tryyourwork.com/jattmatrimony/../app/Config/Paths.php' (include_path='.:/opt/alt/php74/usr/share/pear') in /home/nocjadpy678c/public_html/tryyourwork.com/jattmatrimony/index.php on line 22
[11-Oct-2021 08:02:02 UTC] PHP Warning:  require(/home/nocjadpy678c/public_html/tryyourwork.com/jattmatrimony/../app/Config/Paths.php): failed to open stream: No such file or directory in /home/nocjadpy678c/public_html/tryyourwork.com/jattmatrimony/index.php on line 22
[11-Oct-2021 08:02:02 UTC] PHP Fatal error:  require(): Failed opening required '/home/nocjadpy678c/public_html/tryyourwork.com/jattmatrimony/../app/Config/Paths.php' (include_path='.:/opt/alt/php74/usr/share/pear') in /home/nocjadpy678c/public_html/tryyourwork.com/jattmatrimony/index.php on line 22
[11-Oct-2021 08:02:18 UTC] PHP Warning:  require(/home/nocjadpy678c/public_html/tryyourwork.com/jattmatrimony/../app/Config/Paths.php): failed to open stream: No such file or directory in /home/nocjadpy678c/public_html/tryyourwork.com/jattmatrimony/index.php on line 22
[11-Oct-2021 08:02:18 UTC] PHP Fatal error:  require(): Failed opening required '/home/nocjadpy678c/public_html/tryyourwork.com/jattmatrimony/../app/Config/Paths.php' (include_path='.:/opt/alt/php74/usr/share/pear') in /home/nocjadpy678c/public_html/tryyourwork.com/jattmatrimony/index.php on line 22
[11-Oct-2021 08:02:35 UTC] PHP Warning:  require(/home/nocjadpy678c/public_html/tryyourwork.com/jattmatrimony/../app/Config/Paths.php): failed to open stream: No such file or directory in /home/nocjadpy678c/public_html/tryyourwork.com/jattmatrimony/index.php on line 22
[11-Oct-2021 08:02:35 UTC] PHP Fatal error:  require(): Failed opening required '/home/nocjadpy678c/public_html/tryyourwork.com/jattmatrimony/../app/Config/Paths.php' (include_path='.:/opt/alt/php74/usr/share/pear') in /home/nocjadpy678c/public_html/tryyourwork.com/jattmatrimony/index.php on line 22
[11-Oct-2021 08:04:47 UTC] PHP Warning:  require(/home/nocjadpy678c/public_html/tryyourwork.com/jattmatrimony/../app/Config/Paths.php): failed to open stream: No such file or directory in /home/nocjadpy678c/public_html/tryyourwork.com/jattmatrimony/index.php on line 22
[11-Oct-2021 08:04:47 UTC] PHP Fatal error:  require(): Failed opening required '/home/nocjadpy678c/public_html/tryyourwork.com/jattmatrimony/../app/Config/Paths.php' (include_path='.:/opt/alt/php74/usr/share/pear') in /home/nocjadpy678c/public_html/tryyourwork.com/jattmatrimony/index.php on line 22
[11-Oct-2021 08:05:34 UTC] PHP Warning:  require(/home/nocjadpy678c/public_html/tryyourwork.com/jattmatrimony/../app/Config/Paths.php): failed to open stream: No such file or directory in /home/nocjadpy678c/public_html/tryyourwork.com/jattmatrimony/index.php on line 22
[11-Oct-2021 08:05:35 UTC] PHP Fatal error:  require(): Failed opening required '/home/nocjadpy678c/public_html/tryyourwork.com/jattmatrimony/../app/Config/Paths.php' (include_path='.:/opt/alt/php74/usr/share/pear') in /home/nocjadpy678c/public_html/tryyourwork.com/jattmatrimony/index.php on line 22
[11-Oct-2021 08:06:02 UTC] PHP Warning:  require(/home/nocjadpy678c/public_html/tryyourwork.com/jattmatrimony/../app/Config/Paths.php): failed to open stream: No such file or directory in /home/nocjadpy678c/public_html/tryyourwork.com/jattmatrimony/index.php on line 22
[11-Oct-2021 08:06:02 UTC] PHP Fatal error:  require(): Failed opening required '/home/nocjadpy678c/public_html/tryyourwork.com/jattmatrimony/../app/Config/Paths.php' (include_path='.:/opt/alt/php74/usr/share/pear') in /home/nocjadpy678c/public_html/tryyourwork.com/jattmatrimony/index.php on line 22
[11-Oct-2021 08:06:05 UTC] PHP Warning:  require(/home/nocjadpy678c/public_html/tryyourwork.com/jattmatrimony/../app/Config/Paths.php): failed to open stream: No such file or directory in /home/nocjadpy678c/public_html/tryyourwork.com/jattmatrimony/index.php on line 22
[11-Oct-2021 08:06:05 UTC] PHP Fatal error:  require(): Failed opening required '/home/nocjadpy678c/public_html/tryyourwork.com/jattmatrimony/../app/Config/Paths.php' (include_path='.:/opt/alt/php74/usr/share/pear') in /home/nocjadpy678c/public_html/tryyourwork.com/jattmatrimony/index.php on line 22
[11-Oct-2021 08:06:32 UTC] PHP Warning:  require(/home/nocjadpy678c/public_html/tryyourwork.com/jattmatrimony/../app/Config/Paths.php): failed to open stream: No such file or directory in /home/nocjadpy678c/public_html/tryyourwork.com/jattmatrimony/index.php on line 22
[11-Oct-2021 08:06:32 UTC] PHP Fatal error:  require(): Failed opening required '/home/nocjadpy678c/public_html/tryyourwork.com/jattmatrimony/../app/Config/Paths.php' (include_path='.:/opt/alt/php74/usr/share/pear') in /home/nocjadpy678c/public_html/tryyourwork.com/jattmatrimony/index.php on line 22
[11-Oct-2021 08:07:46 UTC] PHP Warning:  require(/home/nocjadpy678c/public_html/tryyourwork.com/jattmatrimony/../app/Config/Paths.php): failed to open stream: No such file or directory in /home/nocjadpy678c/public_html/tryyourwork.com/jattmatrimony/index.php on line 22
[11-Oct-2021 08:07:46 UTC] PHP Fatal error:  require(): Failed opening required '/home/nocjadpy678c/public_html/tryyourwork.com/jattmatrimony/../app/Config/Paths.php' (include_path='.:/opt/alt/php74/usr/share/pear') in /home/nocjadpy678c/public_html/tryyourwork.com/jattmatrimony/index.php on line 22
[11-Oct-2021 08:07:51 UTC] PHP Warning:  require(/home/nocjadpy678c/public_html/tryyourwork.com/jattmatrimony/../app/Config/Paths.php): failed to open stream: No such file or directory in /home/nocjadpy678c/public_html/tryyourwork.com/jattmatrimony/index.php on line 22
[11-Oct-2021 08:07:51 UTC] PHP Fatal error:  require(): Failed opening required '/home/nocjadpy678c/public_html/tryyourwork.com/jattmatrimony/../app/Config/Paths.php' (include_path='.:/opt/alt/php74/usr/share/pear') in /home/nocjadpy678c/public_html/tryyourwork.com/jattmatrimony/index.php on line 22
[11-Oct-2021 08:09:10 UTC] PHP Warning:  require(/home/nocjadpy678c/public_html/tryyourwork.com/jattmatrimony/../app/Config/Paths.php): failed to open stream: No such file or directory in /home/nocjadpy678c/public_html/tryyourwork.com/jattmatrimony/index.php on line 22
[11-Oct-2021 08:09:10 UTC] PHP Fatal error:  require(): Failed opening required '/home/nocjadpy678c/public_html/tryyourwork.com/jattmatrimony/../app/Config/Paths.php' (include_path='.:/opt/alt/php74/usr/share/pear') in /home/nocjadpy678c/public_html/tryyourwork.com/jattmatrimony/index.php on line 22
[11-Oct-2021 08:14:50 UTC] PHP Warning:  require(/home/nocjadpy678c/public_html/tryyourwork.com/jattmatrimony/../app/Config/Paths.php): failed to open stream: No such file or directory in /home/nocjadpy678c/public_html/tryyourwork.com/jattmatrimony/index.php on line 22
[11-Oct-2021 08:14:50 UTC] PHP Fatal error:  require(): Failed opening required '/home/nocjadpy678c/public_html/tryyourwork.com/jattmatrimony/../app/Config/Paths.php' (include_path='.:/opt/alt/php74/usr/share/pear') in /home/nocjadpy678c/public_html/tryyourwork.com/jattmatrimony/index.php on line 22
[11-Oct-2021 08:14:53 UTC] PHP Warning:  require(/home/nocjadpy678c/public_html/tryyourwork.com/jattmatrimony/../app/Config/Paths.php): failed to open stream: No such file or directory in /home/nocjadpy678c/public_html/tryyourwork.com/jattmatrimony/index.php on line 22
[11-Oct-2021 08:14:53 UTC] PHP Fatal error:  require(): Failed opening required '/home/nocjadpy678c/public_html/tryyourwork.com/jattmatrimony/../app/Config/Paths.php' (include_path='.:/opt/alt/php74/usr/share/pear') in /home/nocjadpy678c/public_html/tryyourwork.com/jattmatrimony/index.php on line 22
[11-Oct-2021 08:53:44 UTC] PHP Warning:  require(/home/nocjadpy678c/public_html/tryyourwork.com/jattmatrimony/../app/Config/Paths.php): failed to open stream: No such file or directory in /home/nocjadpy678c/public_html/tryyourwork.com/jattmatrimony/index.php on line 22
[11-Oct-2021 08:53:44 UTC] PHP Fatal error:  require(): Failed opening required '/home/nocjadpy678c/public_html/tryyourwork.com/jattmatrimony/../app/Config/Paths.php' (include_path='.:/opt/alt/php74/usr/share/pear') in /home/nocjadpy678c/public_html/tryyourwork.com/jattmatrimony/index.php on line 22
[11-Oct-2021 08:53:46 UTC] PHP Warning:  require(/home/nocjadpy678c/public_html/tryyourwork.com/jattmatrimony/../app/Config/Paths.php): failed to open stream: No such file or directory in /home/nocjadpy678c/public_html/tryyourwork.com/jattmatrimony/index.php on line 22
[11-Oct-2021 08:53:46 UTC] PHP Fatal error:  require(): Failed opening required '/home/nocjadpy678c/public_html/tryyourwork.com/jattmatrimony/../app/Config/Paths.php' (include_path='.:/opt/alt/php74/usr/share/pear') in /home/nocjadpy678c/public_html/tryyourwork.com/jattmatrimony/index.php on line 22
[11-Oct-2021 08:53:48 UTC] PHP Warning:  require(/home/nocjadpy678c/public_html/tryyourwork.com/jattmatrimony/../app/Config/Paths.php): failed to open stream: No such file or directory in /home/nocjadpy678c/public_html/tryyourwork.com/jattmatrimony/index.php on line 22
[11-Oct-2021 08:53:48 UTC] PHP Fatal error:  require(): Failed opening required '/home/nocjadpy678c/public_html/tryyourwork.com/jattmatrimony/../app/Config/Paths.php' (include_path='.:/opt/alt/php74/usr/share/pear') in /home/nocjadpy678c/public_html/tryyourwork.com/jattmatrimony/index.php on line 22
[11-Oct-2021 08:55:04 UTC] PHP Warning:  require(/home/nocjadpy678c/public_html/tryyourwork.com/jattmatrimony/../app/Config/Paths.php): failed to open stream: No such file or directory in /home/nocjadpy678c/public_html/tryyourwork.com/jattmatrimony/index.php on line 22
[11-Oct-2021 08:55:04 UTC] PHP Fatal error:  require(): Failed opening required '/home/nocjadpy678c/public_html/tryyourwork.com/jattmatrimony/../app/Config/Paths.php' (include_path='.:/opt/alt/php74/usr/share/pear') in /home/nocjadpy678c/public_html/tryyourwork.com/jattmatrimony/index.php on line 22
[11-Oct-2021 08:55:12 UTC] PHP Warning:  require(/home/nocjadpy678c/public_html/tryyourwork.com/jattmatrimony/../app/Config/Paths.php): failed to open stream: No such file or directory in /home/nocjadpy678c/public_html/tryyourwork.com/jattmatrimony/index.php on line 22
[11-Oct-2021 08:55:12 UTC] PHP Fatal error:  require(): Failed opening required '/home/nocjadpy678c/public_html/tryyourwork.com/jattmatrimony/../app/Config/Paths.php' (include_path='.:/opt/alt/php74/usr/share/pear') in /home/nocjadpy678c/public_html/tryyourwork.com/jattmatrimony/index.php on line 22
[11-Oct-2021 08:56:55 UTC] PHP Warning:  require(/home/nocjadpy678c/public_html/tryyourwork.com/jattmatrimony/../app/Config/Paths.php): failed to open stream: No such file or directory in /home/nocjadpy678c/public_html/tryyourwork.com/jattmatrimony/index.php on line 22
[11-Oct-2021 08:56:55 UTC] PHP Fatal error:  require(): Failed opening required '/home/nocjadpy678c/public_html/tryyourwork.com/jattmatrimony/../app/Config/Paths.php' (include_path='.:/opt/alt/php74/usr/share/pear') in /home/nocjadpy678c/public_html/tryyourwork.com/jattmatrimony/index.php on line 22
[11-Oct-2021 08:58:07 UTC] PHP Warning:  require(/home/nocjadpy678c/public_html/tryyourwork.com/jattmatrimony/../app/Config/Paths.php): failed to open stream: No such file or directory in /home/nocjadpy678c/public_html/tryyourwork.com/jattmatrimony/index.php on line 22
[11-Oct-2021 08:58:07 UTC] PHP Fatal error:  require(): Failed opening required '/home/nocjadpy678c/public_html/tryyourwork.com/jattmatrimony/../app/Config/Paths.php' (include_path='.:/opt/alt/php74/usr/share/pear') in /home/nocjadpy678c/public_html/tryyourwork.com/jattmatrimony/index.php on line 22
[11-Oct-2021 09:00:00 UTC] PHP Warning:  require(/home/nocjadpy678c/public_html/tryyourwork.com/jattmatrimony/../app/Config/Paths.php): failed to open stream: No such file or directory in /home/nocjadpy678c/public_html/tryyourwork.com/jattmatrimony/index.php on line 22
[11-Oct-2021 09:00:00 UTC] PHP Fatal error:  require(): Failed opening required '/home/nocjadpy678c/public_html/tryyourwork.com/jattmatrimony/../app/Config/Paths.php' (include_path='.:/opt/alt/php74/usr/share/pear') in /home/nocjadpy678c/public_html/tryyourwork.com/jattmatrimony/index.php on line 22
[11-Oct-2021 09:01:03 UTC] PHP Warning:  require(/home/nocjadpy678c/public_html/tryyourwork.com/jattmatrimony/../app/Config/Paths.php): failed to open stream: No such file or directory in /home/nocjadpy678c/public_html/tryyourwork.com/jattmatrimony/index.php on line 22
[11-Oct-2021 09:01:03 UTC] PHP Fatal error:  require(): Failed opening required '/home/nocjadpy678c/public_html/tryyourwork.com/jattmatrimony/../app/Config/Paths.php' (include_path='.:/opt/alt/php74/usr/share/pear') in /home/nocjadpy678c/public_html/tryyourwork.com/jattmatrimony/index.php on line 22
[11-Oct-2021 09:01:09 UTC] PHP Warning:  require(/home/nocjadpy678c/public_html/tryyourwork.com/jattmatrimony/../app/Config/Paths.php): failed to open stream: No such file or directory in /home/nocjadpy678c/public_html/tryyourwork.com/jattmatrimony/index.php on line 22
[11-Oct-2021 09:01:09 UTC] PHP Fatal error:  require(): Failed opening required '/home/nocjadpy678c/public_html/tryyourwork.com/jattmatrimony/../app/Config/Paths.php' (include_path='.:/opt/alt/php74/usr/share/pear') in /home/nocjadpy678c/public_html/tryyourwork.com/jattmatrimony/index.php on line 22
[11-Oct-2021 09:11:10 UTC] PHP Warning:  require(/home/nocjadpy678c/public_html/tryyourwork.com/jattmatrimony/../app/Config/Paths.php): failed to open stream: No such file or directory in /home/nocjadpy678c/public_html/tryyourwork.com/jattmatrimony/index.php on line 22
[11-Oct-2021 09:11:10 UTC] PHP Fatal error:  require(): Failed opening required '/home/nocjadpy678c/public_html/tryyourwork.com/jattmatrimony/../app/Config/Paths.php' (include_path='.:/opt/alt/php74/usr/share/pear') in /home/nocjadpy678c/public_html/tryyourwork.com/jattmatrimony/index.php on line 22
[11-Oct-2021 09:12:39 UTC] PHP Warning:  require(/home/nocjadpy678c/public_html/tryyourwork.com/jattmatrimony/../app/Config/Paths.php): failed to open stream: No such file or directory in /home/nocjadpy678c/public_html/tryyourwork.com/jattmatrimony/index.php on line 22
[11-Oct-2021 09:12:39 UTC] PHP Fatal error:  require(): Failed opening required '/home/nocjadpy678c/public_html/tryyourwork.com/jattmatrimony/../app/Config/Paths.php' (include_path='.:/opt/alt/php74/usr/share/pear') in /home/nocjadpy678c/public_html/tryyourwork.com/jattmatrimony/index.php on line 22
[11-Oct-2021 09:25:20 UTC] PHP Warning:  require(/home/nocjadpy678c/public_html/tryyourwork.com/jattmatrimony/../app/Config/Paths.php): failed to open stream: No such file or directory in /home/nocjadpy678c/public_html/tryyourwork.com/jattmatrimony/index.php on line 22
[11-Oct-2021 09:25:20 UTC] PHP Fatal error:  require(): Failed opening required '/home/nocjadpy678c/public_html/tryyourwork.com/jattmatrimony/../app/Config/Paths.php' (include_path='.:/opt/alt/php74/usr/share/pear') in /home/nocjadpy678c/public_html/tryyourwork.com/jattmatrimony/index.php on line 22
[11-Oct-2021 09:55:17 UTC] PHP Warning:  require(/home/nocjadpy678c/public_html/tryyourwork.com/jattmatrimony/../app/Config/Paths.php): failed to open stream: No such file or directory in /home/nocjadpy678c/public_html/tryyourwork.com/jattmatrimony/index.php on line 22
[11-Oct-2021 09:55:17 UTC] PHP Fatal error:  require(): Failed opening required '/home/nocjadpy678c/public_html/tryyourwork.com/jattmatrimony/../app/Config/Paths.php' (include_path='.:/opt/alt/php74/usr/share/pear') in /home/nocjadpy678c/public_html/tryyourwork.com/jattmatrimony/index.php on line 22
[11-Oct-2021 09:55:20 UTC] PHP Warning:  require(/home/nocjadpy678c/public_html/tryyourwork.com/jattmatrimony/../app/Config/Paths.php): failed to open stream: No such file or directory in /home/nocjadpy678c/public_html/tryyourwork.com/jattmatrimony/index.php on line 22
[11-Oct-2021 09:55:20 UTC] PHP Fatal error:  require(): Failed opening required '/home/nocjadpy678c/public_html/tryyourwork.com/jattmatrimony/../app/Config/Paths.php' (include_path='.:/opt/alt/php74/usr/share/pear') in /home/nocjadpy678c/public_html/tryyourwork.com/jattmatrimony/index.php on line 22
[11-Oct-2021 09:55:23 UTC] PHP Warning:  require(/home/nocjadpy678c/public_html/tryyourwork.com/jattmatrimony/../app/Config/Paths.php): failed to open stream: No such file or directory in /home/nocjadpy678c/public_html/tryyourwork.com/jattmatrimony/index.php on line 22
[11-Oct-2021 09:55:23 UTC] PHP Fatal error:  require(): Failed opening required '/home/nocjadpy678c/public_html/tryyourwork.com/jattmatrimony/../app/Config/Paths.php' (include_path='.:/opt/alt/php74/usr/share/pear') in /home/nocjadpy678c/public_html/tryyourwork.com/jattmatrimony/index.php on line 22
[11-Oct-2021 09:55:23 UTC] PHP Warning:  require(/home/nocjadpy678c/public_html/tryyourwork.com/jattmatrimony/../app/Config/Paths.php): failed to open stream: No such file or directory in /home/nocjadpy678c/public_html/tryyourwork.com/jattmatrimony/index.php on line 22
[11-Oct-2021 09:55:23 UTC] PHP Fatal error:  require(): Failed opening required '/home/nocjadpy678c/public_html/tryyourwork.com/jattmatrimony/../app/Config/Paths.php' (include_path='.:/opt/alt/php74/usr/share/pear') in /home/nocjadpy678c/public_html/tryyourwork.com/jattmatrimony/index.php on line 22
[11-Oct-2021 09:55:24 UTC] PHP Warning:  require(/home/nocjadpy678c/public_html/tryyourwork.com/jattmatrimony/../app/Config/Paths.php): failed to open stream: No such file or directory in /home/nocjadpy678c/public_html/tryyourwork.com/jattmatrimony/index.php on line 22
[11-Oct-2021 09:55:24 UTC] PHP Fatal error:  require(): Failed opening required '/home/nocjadpy678c/public_html/tryyourwork.com/jattmatrimony/../app/Config/Paths.php' (include_path='.:/opt/alt/php74/usr/share/pear') in /home/nocjadpy678c/public_html/tryyourwork.com/jattmatrimony/index.php on line 22
[11-Oct-2021 09:55:38 UTC] PHP Warning:  require(/home/nocjadpy678c/public_html/tryyourwork.com/jattmatrimony/../app/Config/Paths.php): failed to open stream: No such file or directory in /home/nocjadpy678c/public_html/tryyourwork.com/jattmatrimony/index.php on line 22
[11-Oct-2021 09:55:38 UTC] PHP Fatal error:  require(): Failed opening required '/home/nocjadpy678c/public_html/tryyourwork.com/jattmatrimony/../app/Config/Paths.php' (include_path='.:/opt/alt/php74/usr/share/pear') in /home/nocjadpy678c/public_html/tryyourwork.com/jattmatrimony/index.php on line 22
[11-Oct-2021 09:59:31 UTC] PHP Warning:  require(/home/nocjadpy678c/public_html/tryyourwork.com/jattmatrimony/../app/Config/Paths.php): failed to open stream: No such file or directory in /home/nocjadpy678c/public_html/tryyourwork.com/jattmatrimony/index.php on line 22
[11-Oct-2021 09:59:31 UTC] PHP Fatal error:  require(): Failed opening required '/home/nocjadpy678c/public_html/tryyourwork.com/jattmatrimony/../app/Config/Paths.php' (include_path='.:/opt/alt/php74/usr/share/pear') in /home/nocjadpy678c/public_html/tryyourwork.com/jattmatrimony/index.php on line 22
[11-Oct-2021 09:59:44 UTC] PHP Warning:  require(/home/nocjadpy678c/public_html/tryyourwork.com/jattmatrimony/../app/Config/Paths.php): failed to open stream: No such file or directory in /home/nocjadpy678c/public_html/tryyourwork.com/jattmatrimony/index.php on line 22
[11-Oct-2021 09:59:44 UTC] PHP Fatal error:  require(): Failed opening required '/home/nocjadpy678c/public_html/tryyourwork.com/jattmatrimony/../app/Config/Paths.php' (include_path='.:/opt/alt/php74/usr/share/pear') in /home/nocjadpy678c/public_html/tryyourwork.com/jattmatrimony/index.php on line 22
[11-Oct-2021 09:59:53 UTC] PHP Warning:  require(/home/nocjadpy678c/public_html/tryyourwork.com/jattmatrimony/../app/Config/Paths.php): failed to open stream: No such file or directory in /home/nocjadpy678c/public_html/tryyourwork.com/jattmatrimony/index.php on line 22
[11-Oct-2021 09:59:54 UTC] PHP Fatal error:  require(): Failed opening required '/home/nocjadpy678c/public_html/tryyourwork.com/jattmatrimony/../app/Config/Paths.php' (include_path='.:/opt/alt/php74/usr/share/pear') in /home/nocjadpy678c/public_html/tryyourwork.com/jattmatrimony/index.php on line 22
[11-Oct-2021 10:00:17 UTC] PHP Warning:  require(/home/nocjadpy678c/public_html/tryyourwork.com/jattmatrimony/../app/Config/Paths.php): failed to open stream: No such file or directory in /home/nocjadpy678c/public_html/tryyourwork.com/jattmatrimony/index.php on line 22
[11-Oct-2021 10:00:17 UTC] PHP Fatal error:  require(): Failed opening required '/home/nocjadpy678c/public_html/tryyourwork.com/jattmatrimony/../app/Config/Paths.php' (include_path='.:/opt/alt/php74/usr/share/pear') in /home/nocjadpy678c/public_html/tryyourwork.com/jattmatrimony/index.php on line 22
[11-Oct-2021 10:00:19 UTC] PHP Warning:  require(/home/nocjadpy678c/public_html/tryyourwork.com/jattmatrimony/../app/Config/Paths.php): failed to open stream: No such file or directory in /home/nocjadpy678c/public_html/tryyourwork.com/jattmatrimony/index.php on line 22
[11-Oct-2021 10:00:19 UTC] PHP Fatal error:  require(): Failed opening required '/home/nocjadpy678c/public_html/tryyourwork.com/jattmatrimony/../app/Config/Paths.php' (include_path='.:/opt/alt/php74/usr/share/pear') in /home/nocjadpy678c/public_html/tryyourwork.com/jattmatrimony/index.php on line 22
[11-Oct-2021 10:00:24 UTC] PHP Warning:  require(/home/nocjadpy678c/public_html/tryyourwork.com/jattmatrimony/../app/Config/Paths.php): failed to open stream: No such file or directory in /home/nocjadpy678c/public_html/tryyourwork.com/jattmatrimony/index.php on line 22
[11-Oct-2021 10:00:24 UTC] PHP Fatal error:  require(): Failed opening required '/home/nocjadpy678c/public_html/tryyourwork.com/jattmatrimony/../app/Config/Paths.php' (include_path='.:/opt/alt/php74/usr/share/pear') in /home/nocjadpy678c/public_html/tryyourwork.com/jattmatrimony/index.php on line 22
[11-Oct-2021 14:12:25 UTC] PHP Warning:  require(/home/nocjadpy678c/public_html/tryyourwork.com/jattmatrimony/../app/Config/Paths.php): failed to open stream: No such file or directory in /home/nocjadpy678c/public_html/tryyourwork.com/jattmatrimony/index.php on line 22
[11-Oct-2021 14:12:25 UTC] PHP Fatal error:  require(): Failed opening required '/home/nocjadpy678c/public_html/tryyourwork.com/jattmatrimony/../app/Config/Paths.php' (include_path='.:/opt/alt/php74/usr/share/pear') in /home/nocjadpy678c/public_html/tryyourwork.com/jattmatrimony/index.php on line 22
[11-Oct-2021 14:12:44 UTC] PHP Warning:  require(/home/nocjadpy678c/public_html/tryyourwork.com/jattmatrimony/../app/Config/Paths.php): failed to open stream: No such file or directory in /home/nocjadpy678c/public_html/tryyourwork.com/jattmatrimony/index.php on line 22
[11-Oct-2021 14:12:44 UTC] PHP Fatal error:  require(): Failed opening required '/home/nocjadpy678c/public_html/tryyourwork.com/jattmatrimony/../app/Config/Paths.php' (include_path='.:/opt/alt/php74/usr/share/pear') in /home/nocjadpy678c/public_html/tryyourwork.com/jattmatrimony/index.php on line 22
[11-Oct-2021 14:12:47 UTC] PHP Warning:  require(/home/nocjadpy678c/public_html/tryyourwork.com/jattmatrimony/../app/Config/Paths.php): failed to open stream: No such file or directory in /home/nocjadpy678c/public_html/tryyourwork.com/jattmatrimony/index.php on line 22
[11-Oct-2021 14:12:47 UTC] PHP Fatal error:  require(): Failed opening required '/home/nocjadpy678c/public_html/tryyourwork.com/jattmatrimony/../app/Config/Paths.php' (include_path='.:/opt/alt/php74/usr/share/pear') in /home/nocjadpy678c/public_html/tryyourwork.com/jattmatrimony/index.php on line 22
[11-Oct-2021 14:12:59 UTC] PHP Warning:  require(/home/nocjadpy678c/public_html/tryyourwork.com/jattmatrimony/../app/Config/Paths.php): failed to open stream: No such file or directory in /home/nocjadpy678c/public_html/tryyourwork.com/jattmatrimony/index.php on line 22
[11-Oct-2021 14:12:59 UTC] PHP Fatal error:  require(): Failed opening required '/home/nocjadpy678c/public_html/tryyourwork.com/jattmatrimony/../app/Config/Paths.php' (include_path='.:/opt/alt/php74/usr/share/pear') in /home/nocjadpy678c/public_html/tryyourwork.com/jattmatrimony/index.php on line 22
[11-Oct-2021 14:13:02 UTC] PHP Warning:  require(/home/nocjadpy678c/public_html/tryyourwork.com/jattmatrimony/../app/Config/Paths.php): failed to open stream: No such file or directory in /home/nocjadpy678c/public_html/tryyourwork.com/jattmatrimony/index.php on line 22
[11-Oct-2021 14:13:02 UTC] PHP Fatal error:  require(): Failed opening required '/home/nocjadpy678c/public_html/tryyourwork.com/jattmatrimony/../app/Config/Paths.php' (include_path='.:/opt/alt/php74/usr/share/pear') in /home/nocjadpy678c/public_html/tryyourwork.com/jattmatrimony/index.php on line 22
[11-Oct-2021 14:13:27 UTC] PHP Warning:  require(/home/nocjadpy678c/public_html/tryyourwork.com/jattmatrimony/../app/Config/Paths.php): failed to open stream: No such file or directory in /home/nocjadpy678c/public_html/tryyourwork.com/jattmatrimony/index.php on line 22
[11-Oct-2021 14:13:27 UTC] PHP Fatal error:  require(): Failed opening required '/home/nocjadpy678c/public_html/tryyourwork.com/jattmatrimony/../app/Config/Paths.php' (include_path='.:/opt/alt/php74/usr/share/pear') in /home/nocjadpy678c/public_html/tryyourwork.com/jattmatrimony/index.php on line 22
[11-Oct-2021 14:13:29 UTC] PHP Warning:  require(/home/nocjadpy678c/public_html/tryyourwork.com/jattmatrimony/../app/Config/Paths.php): failed to open stream: No such file or directory in /home/nocjadpy678c/public_html/tryyourwork.com/jattmatrimony/index.php on line 22
[11-Oct-2021 14:13:29 UTC] PHP Fatal error:  require(): Failed opening required '/home/nocjadpy678c/public_html/tryyourwork.com/jattmatrimony/../app/Config/Paths.php' (include_path='.:/opt/alt/php74/usr/share/pear') in /home/nocjadpy678c/public_html/tryyourwork.com/jattmatrimony/index.php on line 22
[11-Oct-2021 14:17:07 UTC] PHP Warning:  require(/home/nocjadpy678c/public_html/tryyourwork.com/jattmatrimony/../app/Config/Paths.php): failed to open stream: No such file or directory in /home/nocjadpy678c/public_html/tryyourwork.com/jattmatrimony/index.php on line 22
[11-Oct-2021 14:17:07 UTC] PHP Fatal error:  require(): Failed opening required '/home/nocjadpy678c/public_html/tryyourwork.com/jattmatrimony/../app/Config/Paths.php' (include_path='.:/opt/alt/php74/usr/share/pear') in /home/nocjadpy678c/public_html/tryyourwork.com/jattmatrimony/index.php on line 22
[11-Oct-2021 14:19:02 UTC] PHP Warning:  require(/home/nocjadpy678c/public_html/tryyourwork.com/jattmatrimony/../app/Config/Paths.php): failed to open stream: No such file or directory in /home/nocjadpy678c/public_html/tryyourwork.com/jattmatrimony/index.php on line 22
[11-Oct-2021 14:19:02 UTC] PHP Fatal error:  require(): Failed opening required '/home/nocjadpy678c/public_html/tryyourwork.com/jattmatrimony/../app/Config/Paths.php' (include_path='.:/opt/alt/php74/usr/share/pear') in /home/nocjadpy678c/public_html/tryyourwork.com/jattmatrimony/index.php on line 22
[11-Oct-2021 14:19:39 UTC] PHP Warning:  require(/home/nocjadpy678c/public_html/tryyourwork.com/jattmatrimony/../app/Config/Paths.php): failed to open stream: No such file or directory in /home/nocjadpy678c/public_html/tryyourwork.com/jattmatrimony/index.php on line 22
[11-Oct-2021 14:19:39 UTC] PHP Fatal error:  require(): Failed opening required '/home/nocjadpy678c/public_html/tryyourwork.com/jattmatrimony/../app/Config/Paths.php' (include_path='.:/opt/alt/php74/usr/share/pear') in /home/nocjadpy678c/public_html/tryyourwork.com/jattmatrimony/index.php on line 22
[11-Oct-2021 14:19:45 UTC] PHP Warning:  require(/home/nocjadpy678c/public_html/tryyourwork.com/jattmatrimony/../app/Config/Paths.php): failed to open stream: No such file or directory in /home/nocjadpy678c/public_html/tryyourwork.com/jattmatrimony/index.php on line 22
[11-Oct-2021 14:19:45 UTC] PHP Fatal error:  require(): Failed opening required '/home/nocjadpy678c/public_html/tryyourwork.com/jattmatrimony/../app/Config/Paths.php' (include_path='.:/opt/alt/php74/usr/share/pear') in /home/nocjadpy678c/public_html/tryyourwork.com/jattmatrimony/index.php on line 22
[11-Oct-2021 14:20:00 UTC] PHP Warning:  require(/home/nocjadpy678c/public_html/tryyourwork.com/jattmatrimony/../app/Config/Paths.php): failed to open stream: No such file or directory in /home/nocjadpy678c/public_html/tryyourwork.com/jattmatrimony/index.php on line 22
[11-Oct-2021 14:20:00 UTC] PHP Fatal error:  require(): Failed opening required '/home/nocjadpy678c/public_html/tryyourwork.com/jattmatrimony/../app/Config/Paths.php' (include_path='.:/opt/alt/php74/usr/share/pear') in /home/nocjadpy678c/public_html/tryyourwork.com/jattmatrimony/index.php on line 22
[11-Oct-2021 14:21:10 UTC] PHP Warning:  require(/home/nocjadpy678c/public_html/tryyourwork.com/jattmatrimony/../app/Config/Paths.php): failed to open stream: No such file or directory in /home/nocjadpy678c/public_html/tryyourwork.com/jattmatrimony/index.php on line 22
[11-Oct-2021 14:21:10 UTC] PHP Fatal error:  require(): Failed opening required '/home/nocjadpy678c/public_html/tryyourwork.com/jattmatrimony/../app/Config/Paths.php' (include_path='.:/opt/alt/php74/usr/share/pear') in /home/nocjadpy678c/public_html/tryyourwork.com/jattmatrimony/index.php on line 22
[13-Oct-2021 04:32:24 UTC] PHP Warning:  require(/home/nocjadpy678c/public_html/tryyourwork.com/jattmatrimony/../app/Config/Paths.php): failed to open stream: No such file or directory in /home/nocjadpy678c/public_html/tryyourwork.com/jattmatrimony/index.php on line 22
[13-Oct-2021 04:32:24 UTC] PHP Fatal error:  require(): Failed opening required '/home/nocjadpy678c/public_html/tryyourwork.com/jattmatrimony/../app/Config/Paths.php' (include_path='.:/opt/alt/php74/usr/share/pear') in /home/nocjadpy678c/public_html/tryyourwork.com/jattmatrimony/index.php on line 22
[13-Oct-2021 04:33:34 UTC] PHP Warning:  require(/home/nocjadpy678c/public_html/tryyourwork.com/jattmatrimony/../app/Config/Paths.php): failed to open stream: No such file or directory in /home/nocjadpy678c/public_html/tryyourwork.com/jattmatrimony/index.php on line 22
[13-Oct-2021 04:33:34 UTC] PHP Fatal error:  require(): Failed opening required '/home/nocjadpy678c/public_html/tryyourwork.com/jattmatrimony/../app/Config/Paths.php' (include_path='.:/opt/alt/php74/usr/share/pear') in /home/nocjadpy678c/public_html/tryyourwork.com/jattmatrimony/index.php on line 22
[13-Oct-2021 04:34:34 UTC] PHP Warning:  require(/home/nocjadpy678c/public_html/tryyourwork.com/jattmatrimony/../app/Config/Paths.php): failed to open stream: No such file or directory in /home/nocjadpy678c/public_html/tryyourwork.com/jattmatrimony/index.php on line 22
[13-Oct-2021 04:34:34 UTC] PHP Fatal error:  require(): Failed opening required '/home/nocjadpy678c/public_html/tryyourwork.com/jattmatrimony/../app/Config/Paths.php' (include_path='.:/opt/alt/php74/usr/share/pear') in /home/nocjadpy678c/public_html/tryyourwork.com/jattmatrimony/index.php on line 22
[13-Oct-2021 09:16:24 UTC] PHP Warning:  require(/home/nocjadpy678c/public_html/tryyourwork.com/jattmatrimony/../app/Config/Paths.php): failed to open stream: No such file or directory in /home/nocjadpy678c/public_html/tryyourwork.com/jattmatrimony/index.php on line 22
[13-Oct-2021 09:16:24 UTC] PHP Fatal error:  require(): Failed opening required '/home/nocjadpy678c/public_html/tryyourwork.com/jattmatrimony/../app/Config/Paths.php' (include_path='.:/opt/alt/php74/usr/share/pear') in /home/nocjadpy678c/public_html/tryyourwork.com/jattmatrimony/index.php on line 22
[14-Oct-2021 07:38:29 America/Chicago] PHP Fatal error:  Cannot use [] for reading in /home/nocjadpy678c/public_html/tryyourwork.com/jattmatrimony/app/Controllers/UserProfile.php on line 186
[18-Oct-2021 06:46:04 America/Chicago] PHP Warning:  Uncaught ErrorException: require_once(/home/nocjadpy678c/public_html/tryyourwork.com/jattmatrimony/app/Libraries\vendor\autoload.php): failed to open stream: No such file or directory in /home/nocjadpy678c/public_html/tryyourwork.com/jattmatrimony/app/Controllers/User.php:124
Stack trace:
#0 /home/nocjadpy678c/public_html/tryyourwork.com/jattmatrimony/app/Controllers/User.php(124): CodeIgniter\Debug\Exceptions->errorHandler(2, 'require_once(/h...', '/home/nocjadpy6...', 124, Array)
#1 /home/nocjadpy678c/public_html/tryyourwork.com/jattmatrimony/app/Controllers/User.php(124): require_once()
#2 /home/nocjadpy678c/public_html/tryyourwork.com/jattmatrimony/vendor/codeigniter4/framework/system/CodeIgniter.php(802): App\Controllers\User->login_with_gmail()
#3 /home/nocjadpy678c/public_html/tryyourwork.com/jattmatrimony/vendor/codeigniter4/framework/system/CodeIgniter.php(399): CodeIgniter\CodeIgniter->runController(Object(App\Controllers\User))
#4 /home/nocjadpy678c/public_html/tryyourwork.com/jattmatrimony/vendor/ in /home/nocjadpy678c/public_html/tryyourwork.com/jattmatrimony/app/Controllers/User.php on line 124
[18-Oct-2021 06:46:04 America/Chicago] PHP Fatal error:  App\Controllers\User::login_with_gmail(): Failed opening required '/home/nocjadpy678c/public_html/tryyourwork.com/jattmatrimony/app/Libraries\vendor\autoload.php' (include_path='.:/opt/alt/php74/usr/share/pear') in /home/nocjadpy678c/public_html/tryyourwork.com/jattmatrimony/app/Controllers/User.php on line 124
[18-Oct-2021 06:47:38 America/Chicago] PHP Warning:  Uncaught ErrorException: require_once(/home/nocjadpy678c/public_html/tryyourwork.com/jattmatrimony/app/Libraries\vendor\autoload.php): failed to open stream: No such file or directory in /home/nocjadpy678c/public_html/tryyourwork.com/jattmatrimony/app/Controllers/User.php:124
Stack trace:
#0 /home/nocjadpy678c/public_html/tryyourwork.com/jattmatrimony/app/Controllers/User.php(124): CodeIgniter\Debug\Exceptions->errorHandler(2, 'require_once(/h...', '/home/nocjadpy6...', 124, Array)
#1 /home/nocjadpy678c/public_html/tryyourwork.com/jattmatrimony/app/Controllers/User.php(124): require_once()
#2 /home/nocjadpy678c/public_html/tryyourwork.com/jattmatrimony/vendor/codeigniter4/framework/system/CodeIgniter.php(802): App\Controllers\User->login_with_gmail()
#3 /home/nocjadpy678c/public_html/tryyourwork.com/jattmatrimony/vendor/codeigniter4/framework/system/CodeIgniter.php(399): CodeIgniter\CodeIgniter->runController(Object(App\Controllers\User))
#4 /home/nocjadpy678c/public_html/tryyourwork.com/jattmatrimony/vendor/ in /home/nocjadpy678c/public_html/tryyourwork.com/jattmatrimony/app/Controllers/User.php on line 124
[18-Oct-2021 06:47:38 America/Chicago] PHP Fatal error:  App\Controllers\User::login_with_gmail(): Failed opening required '/home/nocjadpy678c/public_html/tryyourwork.com/jattmatrimony/app/Libraries\vendor\autoload.php' (include_path='.:/opt/alt/php74/usr/share/pear') in /home/nocjadpy678c/public_html/tryyourwork.com/jattmatrimony/app/Controllers/User.php on line 124
[18-Oct-2021 06:49:26 America/Chicago] PHP Warning:  Uncaught ErrorException: require_once(/home/nocjadpy678c/public_html/tryyourwork.com/jattmatrimony/app/Libraries\vendor\autoload.php): failed to open stream: No such file or directory in /home/nocjadpy678c/public_html/tryyourwork.com/jattmatrimony/app/Controllers/User.php:124
Stack trace:
#0 /home/nocjadpy678c/public_html/tryyourwork.com/jattmatrimony/app/Controllers/User.php(124): CodeIgniter\Debug\Exceptions->errorHandler(2, 'require_once(/h...', '/home/nocjadpy6...', 124, Array)
#1 /home/nocjadpy678c/public_html/tryyourwork.com/jattmatrimony/app/Controllers/User.php(124): require_once()
#2 /home/nocjadpy678c/public_html/tryyourwork.com/jattmatrimony/vendor/codeigniter4/framework/system/CodeIgniter.php(802): App\Controllers\User->login_with_gmail()
#3 /home/nocjadpy678c/public_html/tryyourwork.com/jattmatrimony/vendor/codeigniter4/framework/system/CodeIgniter.php(399): CodeIgniter\CodeIgniter->runController(Object(App\Controllers\User))
#4 /home/nocjadpy678c/public_html/tryyourwork.com/jattmatrimony/vendor/ in /home/nocjadpy678c/public_html/tryyourwork.com/jattmatrimony/app/Controllers/User.php on line 124
[18-Oct-2021 06:49:26 America/Chicago] PHP Fatal error:  App\Controllers\User::login_with_gmail(): Failed opening required '/home/nocjadpy678c/public_html/tryyourwork.com/jattmatrimony/app/Libraries\vendor\autoload.php' (include_path='.:/opt/alt/php74/usr/share/pear') in /home/nocjadpy678c/public_html/tryyourwork.com/jattmatrimony/app/Controllers/User.php on line 124
[18-Oct-2021 06:52:33 America/Chicago] PHP Warning:  Uncaught ErrorException: require_once(/home/nocjadpy678c/public_html/tryyourwork.com/jattmatrimony/app/Libraries\vendor\autoload.php): failed to open stream: No such file or directory in /home/nocjadpy678c/public_html/tryyourwork.com/jattmatrimony/app/Controllers/User.php:124
Stack trace:
#0 /home/nocjadpy678c/public_html/tryyourwork.com/jattmatrimony/app/Controllers/User.php(124): CodeIgniter\Debug\Exceptions->errorHandler(2, 'require_once(/h...', '/home/nocjadpy6...', 124, Array)
#1 /home/nocjadpy678c/public_html/tryyourwork.com/jattmatrimony/app/Controllers/User.php(124): require_once()
#2 /home/nocjadpy678c/public_html/tryyourwork.com/jattmatrimony/vendor/codeigniter4/framework/system/CodeIgniter.php(802): App\Controllers\User->login_with_gmail()
#3 /home/nocjadpy678c/public_html/tryyourwork.com/jattmatrimony/vendor/codeigniter4/framework/system/CodeIgniter.php(399): CodeIgniter\CodeIgniter->runController(Object(App\Controllers\User))
#4 /home/nocjadpy678c/public_html/tryyourwork.com/jattmatrimony/vendor/ in /home/nocjadpy678c/public_html/tryyourwork.com/jattmatrimony/app/Controllers/User.php on line 124
[18-Oct-2021 06:52:33 America/Chicago] PHP Fatal error:  App\Controllers\User::login_with_gmail(): Failed opening required '/home/nocjadpy678c/public_html/tryyourwork.com/jattmatrimony/app/Libraries\vendor\autoload.php' (include_path='.:/opt/alt/php74/usr/share/pear') in /home/nocjadpy678c/public_html/tryyourwork.com/jattmatrimony/app/Controllers/User.php on line 124
[18-Oct-2021 06:53:26 America/Chicago] PHP Warning:  Uncaught ErrorException: require_once(/home/nocjadpy678c/public_html/tryyourwork.com/jattmatrimony/app/Libraries\vendor\autoload.php): failed to open stream: No such file or directory in /home/nocjadpy678c/public_html/tryyourwork.com/jattmatrimony/app/Controllers/User.php:124
Stack trace:
#0 /home/nocjadpy678c/public_html/tryyourwork.com/jattmatrimony/app/Controllers/User.php(124): CodeIgniter\Debug\Exceptions->errorHandler(2, 'require_once(/h...', '/home/nocjadpy6...', 124, Array)
#1 /home/nocjadpy678c/public_html/tryyourwork.com/jattmatrimony/app/Controllers/User.php(124): require_once()
#2 /home/nocjadpy678c/public_html/tryyourwork.com/jattmatrimony/vendor/codeigniter4/framework/system/CodeIgniter.php(802): App\Controllers\User->login_with_gmail()
#3 /home/nocjadpy678c/public_html/tryyourwork.com/jattmatrimony/vendor/codeigniter4/framework/system/CodeIgniter.php(399): CodeIgniter\CodeIgniter->runController(Object(App\Controllers\User))
#4 /home/nocjadpy678c/public_html/tryyourwork.com/jattmatrimony/vendor/ in /home/nocjadpy678c/public_html/tryyourwork.com/jattmatrimony/app/Controllers/User.php on line 124
[18-Oct-2021 06:53:26 America/Chicago] PHP Fatal error:  App\Controllers\User::login_with_gmail(): Failed opening required '/home/nocjadpy678c/public_html/tryyourwork.com/jattmatrimony/app/Libraries\vendor\autoload.php' (include_path='.:/opt/alt/php74/usr/share/pear') in /home/nocjadpy678c/public_html/tryyourwork.com/jattmatrimony/app/Controllers/User.php on line 124
[18-Oct-2021 09:00:08 America/Chicago] PHP Fatal error:  Cannot redeclare App\Controllers\User::login() in /home/nocjadpy678c/public_html/tryyourwork.com/jattmatrimony/app/Controllers/User.php on line 123
[20-Oct-2021 09:30:55 America/Chicago] PHP Fatal error:  Cannot use isset() on the result of an expression (you can use "null !== expression" instead) in /home/nocjadpy678c/public_html/tryyourwork.com/jattmatrimony/app/Views/user-setting.php on line 232
[20-Oct-2021 09:33:45 America/Chicago] PHP Fatal error:  Cannot use isset() on the result of an expression (you can use "null !== expression" instead) in /home/nocjadpy678c/public_html/tryyourwork.com/jattmatrimony/app/Views/user-setting.php on line 232
[20-Oct-2021 11:27:48 America/Chicago] PHP Fatal error:  Cannot use isset() on the result of an expression (you can use "null !== expression" instead) in /home/nocjadpy678c/public_html/tryyourwork.com/jattmatrimony/app/Views/user-setting.php on line 232
[20-Oct-2021 11:30:57 America/Chicago] PHP Fatal error:  Cannot use isset() on the result of an expression (you can use "null !== expression" instead) in /home/nocjadpy678c/public_html/tryyourwork.com/jattmatrimony/app/Views/user-setting.php on line 232
[20-Oct-2021 11:31:21 America/Chicago] PHP Fatal error:  Cannot use isset() on the result of an expression (you can use "null !== expression" instead) in /home/nocjadpy678c/public_html/tryyourwork.com/jattmatrimony/app/Views/user-setting.php on line 232
[22-Oct-2021 03:59:34 America/Chicago] PHP Fatal error:  Cannot redeclare App\Models\UserModel::updatepassword() in /home/nocjadpy678c/public_html/tryyourwork.com/jattmatrimony/app/Models/UserModel.php on line 67
[22-Oct-2021 12:51:24 America/Chicago] PHP Fatal error:  Cannot use isset() on the result of an expression (you can use "null !== expression" instead) in /home/nocjadpy678c/public_html/tryyourwork.com/jattmatrimony/app/Views/user-change-pass.php on line 153
[22-Oct-2021 12:51:49 America/Chicago] PHP Fatal error:  Cannot use isset() on the result of an expression (you can use "null !== expression" instead) in /home/nocjadpy678c/public_html/tryyourwork.com/jattmatrimony/app/Views/user-change-pass.php on line 153
[25-Oct-2021 03:56:53 America/Chicago] PHP Fatal error:  Cannot use isset() on the result of an expression (you can use "null !== expression" instead) in /home/nocjadpy678c/public_html/tryyourwork.com/jattmatrimony/app/Controllers/UserProfile.php on line 300
[25-Oct-2021 03:57:26 America/Chicago] PHP Fatal error:  Cannot use isset() on the result of an expression (you can use "null !== expression" instead) in /home/nocjadpy678c/public_html/tryyourwork.com/jattmatrimony/app/Controllers/UserProfile.php on line 300
[25-Oct-2021 04:39:58 America/Chicago] PHP Fatal error:  Cannot use isset() on the result of an expression (you can use "null !== expression" instead) in /home/nocjadpy678c/public_html/tryyourwork.com/jattmatrimony/app/Views/user-notification.php on line 291
[25-Oct-2021 04:40:53 America/Chicago] PHP Fatal error:  Cannot use isset() on the result of an expression (you can use "null !== expression" instead) in /home/nocjadpy678c/public_html/tryyourwork.com/jattmatrimony/app/Views/user-notification.php on line 291
[25-Oct-2021 04:43:40 America/Chicago] PHP Fatal error:  Cannot use isset() on the result of an expression (you can use "null !== expression" instead) in /home/nocjadpy678c/public_html/tryyourwork.com/jattmatrimony/app/Views/user-notification.php on line 291
[25-Oct-2021 04:47:57 America/Chicago] PHP Fatal error:  Cannot use isset() on the result of an expression (you can use "null !== expression" instead) in /home/nocjadpy678c/public_html/tryyourwork.com/jattmatrimony/app/Views/user-notification.php on line 200
[25-Oct-2021 04:49:04 America/Chicago] PHP Fatal error:  Cannot use isset() on the result of an expression (you can use "null !== expression" instead) in /home/nocjadpy678c/public_html/tryyourwork.com/jattmatrimony/app/Views/user-notification.php on line 200
[25-Oct-2021 04:49:07 America/Chicago] PHP Fatal error:  Cannot use isset() on the result of an expression (you can use "null !== expression" instead) in /home/nocjadpy678c/public_html/tryyourwork.com/jattmatrimony/app/Views/user-notification.php on line 200
[25-Oct-2021 04:57:12 America/Chicago] PHP Fatal error:  Cannot use isset() on the result of an expression (you can use "null !== expression" instead) in /home/nocjadpy678c/public_html/tryyourwork.com/jattmatrimony/app/Views/user-notification.php on line 139
[25-Oct-2021 04:57:29 America/Chicago] PHP Fatal error:  Cannot use isset() on the result of an expression (you can use "null !== expression" instead) in /home/nocjadpy678c/public_html/tryyourwork.com/jattmatrimony/app/Views/user-notification.php on line 139
[25-Oct-2021 05:00:43 America/Chicago] PHP Fatal error:  Cannot use isset() on the result of an expression (you can use "null !== expression" instead) in /home/nocjadpy678c/public_html/tryyourwork.com/jattmatrimony/app/Views/user-notification.php on line 139
[25-Oct-2021 05:00:49 America/Chicago] PHP Fatal error:  Cannot use isset() on the result of an expression (you can use "null !== expression" instead) in /home/nocjadpy678c/public_html/tryyourwork.com/jattmatrimony/app/Views/user-notification.php on line 139
[28-Oct-2021 06:04:34 America/Chicago] PHP Fatal error:  Cannot use App\Models\CountryModel as CountryModel because the name is already in use in /home/nocjadpy678c/public_html/tryyourwork.com/jattmatrimony/app/Controllers/UserSetting.php on line 7
[28-Oct-2021 15:08:54 America/Chicago] PHP Fatal error:  Allowed memory size of 134217728 bytes exhausted (tried to allocate 20480 bytes) in /home/nocjadpy678c/public_html/tryyourwork.com/jattmatrimony/vendor/codeigniter4/framework/system/Common.php on line 394
[28-Oct-2021 15:08:58 America/Chicago] PHP Fatal error:  Allowed memory size of 134217728 bytes exhausted (tried to allocate 20480 bytes) in /home/nocjadpy678c/public_html/tryyourwork.com/jattmatrimony/vendor/codeigniter4/framework/system/Common.php on line 394
[28-Oct-2021 15:09:03 America/Chicago] PHP Fatal error:  Allowed memory size of 134217728 bytes exhausted (tried to allocate 20480 bytes) in /home/nocjadpy678c/public_html/tryyourwork.com/jattmatrimony/vendor/codeigniter4/framework/system/Common.php on line 394
[28-Oct-2021 15:09:07 America/Chicago] PHP Fatal error:  Allowed memory size of 134217728 bytes exhausted (tried to allocate 20480 bytes) in /home/nocjadpy678c/public_html/tryyourwork.com/jattmatrimony/vendor/codeigniter4/framework/system/Common.php on line 394
[28-Oct-2021 15:09:38 America/Chicago] PHP Fatal error:  Allowed memory size of 134217728 bytes exhausted (tried to allocate 20480 bytes) in /home/nocjadpy678c/public_html/tryyourwork.com/jattmatrimony/vendor/codeigniter4/framework/system/Common.php on line 394
[28-Oct-2021 15:10:06 America/Chicago] PHP Fatal error:  Allowed memory size of 134217728 bytes exhausted (tried to allocate 20480 bytes) in /home/nocjadpy678c/public_html/tryyourwork.com/jattmatrimony/vendor/codeigniter4/framework/system/Common.php on line 394
[28-Oct-2021 15:10:41 America/Chicago] PHP Fatal error:  Allowed memory size of 134217728 bytes exhausted (tried to allocate 20480 bytes) in /home/nocjadpy678c/public_html/tryyourwork.com/jattmatrimony/vendor/codeigniter4/framework/system/Common.php on line 394
[28-Oct-2021 15:12:39 America/Chicago] PHP Fatal error:  Allowed memory size of 134217728 bytes exhausted (tried to allocate 20480 bytes) in /home/nocjadpy678c/public_html/tryyourwork.com/jattmatrimony/vendor/codeigniter4/framework/system/Common.php on line 394
[28-Oct-2021 15:12:43 America/Chicago] PHP Fatal error:  Allowed memory size of 134217728 bytes exhausted (tried to allocate 20463616 bytes) in /home/nocjadpy678c/public_html/tryyourwork.com/jattmatrimony/app/Controllers/UserSetting.php on line 268
[28-Oct-2021 15:19:39 America/Chicago] PHP Fatal error:  Cannot use isset() on the result of an expression (you can use "null !== expression" instead) in /home/nocjadpy678c/public_html/tryyourwork.com/jattmatrimony/app/Views/user-setting.php on line 300
[29-Oct-2021 07:04:03 America/Chicago] PHP Fatal error:  Cannot redeclare App\Models\UserModel::updatePassword() in /home/nocjadpy678c/public_html/tryyourwork.com/jattmatrimony/app/Models/UserModel.php on line 82
[29-Oct-2021 07:05:51 America/Chicago] PHP Fatal error:  Cannot redeclare App\Models\UserModel::updatePassword() in /home/nocjadpy678c/public_html/tryyourwork.com/jattmatrimony/app/Models/UserModel.php on line 82
[01-Nov-2021 05:10:59 America/Chicago] PHP Fatal error:  Allowed memory size of 134217728 bytes exhausted (tried to allocate 58258024 bytes) in /home/nocjadpy678c/public_html/tryyourwork.com/jattmatrimony/vendor/codeigniter4/framework/system/ThirdParty/Escaper/Escaper.php on line 182
[01-Nov-2021 05:16:32 America/Chicago] PHP Fatal error:  Allowed memory size of 134217728 bytes exhausted (tried to allocate 58258008 bytes) in /home/nocjadpy678c/public_html/tryyourwork.com/jattmatrimony/vendor/codeigniter4/framework/system/ThirdParty/Escaper/Escaper.php on line 182
[01-Nov-2021 05:17:52 America/Chicago] PHP Fatal error:  Allowed memory size of 134217728 bytes exhausted (tried to allocate 20463616 bytes) in /home/nocjadpy678c/public_html/tryyourwork.com/jattmatrimony/app/Controllers/UserProfile.php on line 55
[01-Nov-2021 05:18:10 America/Chicago] PHP Fatal error:  Allowed memory size of 134217728 bytes exhausted (tried to allocate 20463616 bytes) in /home/nocjadpy678c/public_html/tryyourwork.com/jattmatrimony/app/Controllers/UserProfile.php on line 55
[01-Nov-2021 05:18:14 America/Chicago] PHP Fatal error:  Allowed memory size of 134217728 bytes exhausted (tried to allocate 20463616 bytes) in /home/nocjadpy678c/public_html/tryyourwork.com/jattmatrimony/app/Controllers/UserProfile.php on line 55
[11-Nov-2021 05:22:35 America/Chicago] PHP Fatal error:  Cannot redeclare App\Models\UserModel::ChangePassword() in /home/nocjadpy678c/public_html/tryyourwork.com/jattmatrimony/app/Models/UserModel.php on line 83
[11-Nov-2021 05:22:36 America/Chicago] PHP Fatal error:  Cannot redeclare App\Models\UserModel::ChangePassword() in /home/nocjadpy678c/public_html/tryyourwork.com/jattmatrimony/app/Models/UserModel.php on line 83
[11-Nov-2021 05:22:45 America/Chicago] PHP Fatal error:  Cannot redeclare App\Models\UserModel::ChangePassword() in /home/nocjadpy678c/public_html/tryyourwork.com/jattmatrimony/app/Models/UserModel.php on line 83
[11-Nov-2021 05:22:49 America/Chicago] PHP Fatal error:  Cannot redeclare App\Models\UserModel::ChangePassword() in /home/nocjadpy678c/public_html/tryyourwork.com/jattmatrimony/app/Models/UserModel.php on line 83
[11-Nov-2021 05:23:09 America/Chicago] PHP Fatal error:  Cannot redeclare App\Models\UserModel::ChangePassword() in /home/nocjadpy678c/public_html/tryyourwork.com/jattmatrimony/app/Models/UserModel.php on line 83
[11-Nov-2021 05:23:21 America/Chicago] PHP Fatal error:  Cannot redeclare App\Models\UserModel::ChangePassword() in /home/nocjadpy678c/public_html/tryyourwork.com/jattmatrimony/app/Models/UserModel.php on line 83
[28-Nov-2021 15:59:50 America/Chicago] PHP Fatal error:  Uncaught CodeIgniter\Format\Exceptions\FormatException: Failed to parse json string, error: "Malformed UTF-8 characters, possibly incorrectly encoded". in /home/nocjadpy678c/public_html/tryyourwork.com/jattmatrimony/vendor/codeigniter4/framework/system/Format/JSONFormatter.php:41
Stack trace:
#0 /home/nocjadpy678c/public_html/tryyourwork.com/jattmatrimony/vendor/codeigniter4/framework/system/Format/JSONFormatter.php(41): CodeIgniter\Format\Exceptions\FormatException::forInvalidJSON('Malformed UTF-8...')
#1 /home/nocjadpy678c/public_html/tryyourwork.com/jattmatrimony/vendor/codeigniter4/framework/system/API/ResponseTrait.php(341): CodeIgniter\Format\JSONFormatter->format(Array)
#2 /home/nocjadpy678c/public_html/tryyourwork.com/jattmatrimony/vendor/codeigniter4/framework/system/API/ResponseTrait.php(99): CodeIgniter\Debug\Exceptions->format(Array)
#3 /home/nocjadpy678c/public_html/tryyourwork.com/jattmatrimony/vendor/codeigniter4/framework/system/Debug/Exceptions.php(126): CodeIgniter\Debug\Exceptions->respond( in /home/nocjadpy678c/public_html/tryyourwork.com/jattmatrimony/vendor/codeigniter4/framework/system/Format/JSONFormatter.php on line 41
[30-Nov-2021 00:47:56 America/Chicago] PHP Fatal error:  Cannot use App\Models\CountryModel as CountryModel because the name is already in use in /home/nocjadpy678c/public_html/tryyourwork.com/jattmatrimony/app/Controllers/Sendrequest.php on line 9
[30-Nov-2021 03:53:39 America/Chicago] PHP Fatal error:  Cannot redeclare App\Controllers\UserProfile::getcity() in /home/nocjadpy678c/public_html/tryyourwork.com/jattmatrimony/app/Controllers/UserProfile.php on line 244
[30-Nov-2021 04:07:01 America/Chicago] PHP Fatal error:  Cannot redeclare App\Controllers\UserProfile::getcity() in /home/nocjadpy678c/public_html/tryyourwork.com/jattmatrimony/app/Controllers/UserProfile.php on line 244
[30-Nov-2021 04:09:33 America/Chicago] PHP Fatal error:  Cannot redeclare App\Controllers\UserProfile::getcity() in /home/nocjadpy678c/public_html/tryyourwork.com/jattmatrimony/app/Controllers/UserProfile.php on line 244
[30-Nov-2021 04:10:53 America/Chicago] PHP Fatal error:  Cannot redeclare App\Controllers\UserProfile::getcity() in /home/nocjadpy678c/public_html/tryyourwork.com/jattmatrimony/app/Controllers/UserProfile.php on line 243
[30-Nov-2021 04:12:50 America/Chicago] PHP Fatal error:  Cannot redeclare App\Controllers\UserProfile::getcity() in /home/nocjadpy678c/public_html/tryyourwork.com/jattmatrimony/app/Controllers/UserProfile.php on line 244
[30-Nov-2021 04:12:57 America/Chicago] PHP Fatal error:  Cannot redeclare App\Controllers\UserProfile::getcity() in /home/nocjadpy678c/public_html/tryyourwork.com/jattmatrimony/app/Controllers/UserProfile.php on line 244
[30-Nov-2021 04:13:23 America/Chicago] PHP Fatal error:  Cannot redeclare App\Controllers\UserProfile::getcity() in /home/nocjadpy678c/public_html/tryyourwork.com/jattmatrimony/app/Controllers/UserProfile.php on line 244
[30-Nov-2021 04:13:52 America/Chicago] PHP Fatal error:  Cannot redeclare App\Controllers\UserProfile::getcity() in /home/nocjadpy678c/public_html/tryyourwork.com/jattmatrimony/app/Controllers/UserProfile.php on line 244
[30-Nov-2021 04:15:14 America/Chicago] PHP Fatal error:  Cannot redeclare App\Controllers\UserProfile::getcity() in /home/nocjadpy678c/public_html/tryyourwork.com/jattmatrimony/app/Controllers/UserProfile.php on line 245
[01-Dec-2021 08:30:17 America/Chicago] PHP Fatal error:  Uncaught CodeIgniter\Format\Exceptions\FormatException: Failed to parse json string, error: "Malformed UTF-8 characters, possibly incorrectly encoded". in /home/nocjadpy678c/public_html/tryyourwork.com/jattmatrimony/vendor/codeigniter4/framework/system/Format/JSONFormatter.php:41
Stack trace:
#0 /home/nocjadpy678c/public_html/tryyourwork.com/jattmatrimony/vendor/codeigniter4/framework/system/Format/JSONFormatter.php(41): CodeIgniter\Format\Exceptions\FormatException::forInvalidJSON('Malformed UTF-8...')
#1 /home/nocjadpy678c/public_html/tryyourwork.com/jattmatrimony/vendor/codeigniter4/framework/system/API/ResponseTrait.php(341): CodeIgniter\Format\JSONFormatter->format(Array)
#2 /home/nocjadpy678c/public_html/tryyourwork.com/jattmatrimony/vendor/codeigniter4/framework/system/API/ResponseTrait.php(99): CodeIgniter\Debug\Exceptions->format(Array)
#3 /home/nocjadpy678c/public_html/tryyourwork.com/jattmatrimony/vendor/codeigniter4/framework/system/Debug/Exceptions.php(126): CodeIgniter\Debug\Exceptions->respond( in /home/nocjadpy678c/public_html/tryyourwork.com/jattmatrimony/vendor/codeigniter4/framework/system/Format/JSONFormatter.php on line 41
[02-Dec-2021 08:10:01 America/Chicago] PHP Fatal error:  Cannot declare class App\Models\CommonleftModel, because the name is already in use in /home/nocjadpy678c/public_html/tryyourwork.com/jattmatrimony/app/Models/MembershipModel.php on line 4
[03-Dec-2021 02:51:58 America/Chicago] PHP Warning:  Uncaught ErrorException: require_once(application/libraries/stripe-php/init.php): failed to open stream: No such file or directory in /home/nocjadpy678c/public_html/tryyourwork.com/jattmatrimony/app/Controllers/UserMembership.php:31
Stack trace:
#0 /home/nocjadpy678c/public_html/tryyourwork.com/jattmatrimony/app/Controllers/UserMembership.php(31): CodeIgniter\Debug\Exceptions->errorHandler(2, 'require_once(ap...', '/home/nocjadpy6...', 31, Array)
#1 /home/nocjadpy678c/public_html/tryyourwork.com/jattmatrimony/app/Controllers/UserMembership.php(31): require_once()
#2 /home/nocjadpy678c/public_html/tryyourwork.com/jattmatrimony/vendor/codeigniter4/framework/system/CodeIgniter.php(802): App\Controllers\UserMembership->membership('3')
#3 /home/nocjadpy678c/public_html/tryyourwork.com/jattmatrimony/vendor/codeigniter4/framework/system/CodeIgniter.php(399): CodeIgniter\CodeIgniter->runController(Object(App\Controllers\UserMembership))
#4 /home/nocjadpy678c/public_html/tryyourwork.com/jattmatrimony/vendor/codeignite in /home/nocjadpy678c/public_html/tryyourwork.com/jattmatrimony/app/Controllers/UserMembership.php on line 31
[03-Dec-2021 02:51:58 America/Chicago] PHP Fatal error:  App\Controllers\UserMembership::membership(): Failed opening required 'application/libraries/stripe-php/init.php' (include_path='.:/opt/alt/php74/usr/share/pear') in /home/nocjadpy678c/public_html/tryyourwork.com/jattmatrimony/app/Controllers/UserMembership.php on line 31
[03-Dec-2021 02:52:40 America/Chicago] PHP Warning:  Uncaught ErrorException: require_once(application/libraries/stripe-php/init.php): failed to open stream: No such file or directory in /home/nocjadpy678c/public_html/tryyourwork.com/jattmatrimony/app/Controllers/UserMembership.php:31
Stack trace:
#0 /home/nocjadpy678c/public_html/tryyourwork.com/jattmatrimony/app/Controllers/UserMembership.php(31): CodeIgniter\Debug\Exceptions->errorHandler(2, 'require_once(ap...', '/home/nocjadpy6...', 31, Array)
#1 /home/nocjadpy678c/public_html/tryyourwork.com/jattmatrimony/app/Controllers/UserMembership.php(31): require_once()
#2 /home/nocjadpy678c/public_html/tryyourwork.com/jattmatrimony/vendor/codeigniter4/framework/system/CodeIgniter.php(802): App\Controllers\UserMembership->membership('3')
#3 /home/nocjadpy678c/public_html/tryyourwork.com/jattmatrimony/vendor/codeigniter4/framework/system/CodeIgniter.php(399): CodeIgniter\CodeIgniter->runController(Object(App\Controllers\UserMembership))
#4 /home/nocjadpy678c/public_html/tryyourwork.com/jattmatrimony/vendor/codeignite in /home/nocjadpy678c/public_html/tryyourwork.com/jattmatrimony/app/Controllers/UserMembership.php on line 31
[03-Dec-2021 02:52:40 America/Chicago] PHP Fatal error:  App\Controllers\UserMembership::membership(): Failed opening required 'application/libraries/stripe-php/init.php' (include_path='.:/opt/alt/php74/usr/share/pear') in /home/nocjadpy678c/public_html/tryyourwork.com/jattmatrimony/app/Controllers/UserMembership.php on line 31
[03-Dec-2021 02:54:39 America/Chicago] PHP Warning:  Uncaught ErrorException: require_once(/home/nocjadpy678c/public_html/tryyourwork.com/jattmatrimony/app/Controllers/application/libraries/stripe-php/init.php): failed to open stream: No such file or directory in /home/nocjadpy678c/public_html/tryyourwork.com/jattmatrimony/app/Controllers/UserMembership.php:31
Stack trace:
#0 /home/nocjadpy678c/public_html/tryyourwork.com/jattmatrimony/app/Controllers/UserMembership.php(31): CodeIgniter\Debug\Exceptions->errorHandler(2, 'require_once(/h...', '/home/nocjadpy6...', 31, Array)
#1 /home/nocjadpy678c/public_html/tryyourwork.com/jattmatrimony/app/Controllers/UserMembership.php(31): require_once()
#2 /home/nocjadpy678c/public_html/tryyourwork.com/jattmatrimony/vendor/codeigniter4/framework/system/CodeIgniter.php(802): App\Controllers\UserMembership->membership('3')
#3 /home/nocjadpy678c/public_html/tryyourwork.com/jattmatrimony/vendor/codeigniter4/framework/system/CodeIgniter.php(399): CodeIgniter\CodeIgniter->runController(Object(App\Controllers\UserMembership))
#4 / in /home/nocjadpy678c/public_html/tryyourwork.com/jattmatrimony/app/Controllers/UserMembership.php on line 31
[03-Dec-2021 02:54:39 America/Chicago] PHP Fatal error:  App\Controllers\UserMembership::membership(): Failed opening required '/home/nocjadpy678c/public_html/tryyourwork.com/jattmatrimony/app/Controllers/application/libraries/stripe-php/init.php' (include_path='.:/opt/alt/php74/usr/share/pear') in /home/nocjadpy678c/public_html/tryyourwork.com/jattmatrimony/app/Controllers/UserMembership.php on line 31
[03-Dec-2021 02:55:11 America/Chicago] PHP Warning:  Uncaught ErrorException: require_once(/home/nocjadpy678c/public_html/tryyourwork.com/jattmatrimony/app/Controllers/libraries/stripe-php/init.php): failed to open stream: No such file or directory in /home/nocjadpy678c/public_html/tryyourwork.com/jattmatrimony/app/Controllers/UserMembership.php:31
Stack trace:
#0 /home/nocjadpy678c/public_html/tryyourwork.com/jattmatrimony/app/Controllers/UserMembership.php(31): CodeIgniter\Debug\Exceptions->errorHandler(2, 'require_once(/h...', '/home/nocjadpy6...', 31, Array)
#1 /home/nocjadpy678c/public_html/tryyourwork.com/jattmatrimony/app/Controllers/UserMembership.php(31): require_once()
#2 /home/nocjadpy678c/public_html/tryyourwork.com/jattmatrimony/vendor/codeigniter4/framework/system/CodeIgniter.php(802): App\Controllers\UserMembership->membership('3')
#3 /home/nocjadpy678c/public_html/tryyourwork.com/jattmatrimony/vendor/codeigniter4/framework/system/CodeIgniter.php(399): CodeIgniter\CodeIgniter->runController(Object(App\Controllers\UserMembership))
#4 /home/nocjadp in /home/nocjadpy678c/public_html/tryyourwork.com/jattmatrimony/app/Controllers/UserMembership.php on line 31
[03-Dec-2021 02:55:11 America/Chicago] PHP Fatal error:  App\Controllers\UserMembership::membership(): Failed opening required '/home/nocjadpy678c/public_html/tryyourwork.com/jattmatrimony/app/Controllers/libraries/stripe-php/init.php' (include_path='.:/opt/alt/php74/usr/share/pear') in /home/nocjadpy678c/public_html/tryyourwork.com/jattmatrimony/app/Controllers/UserMembership.php on line 31
[03-Dec-2021 02:56:58 America/Chicago] PHP Warning:  Uncaught ErrorException: require_once(/home/nocjadpy678c/public_html/tryyourwork.com/jattmatrimony/app/ControllersLibraries/vendor/stripe/stripe-php/init.php): failed to open stream: No such file or directory in /home/nocjadpy678c/public_html/tryyourwork.com/jattmatrimony/app/Controllers/UserMembership.php:31
Stack trace:
#0 /home/nocjadpy678c/public_html/tryyourwork.com/jattmatrimony/app/Controllers/UserMembership.php(31): CodeIgniter\Debug\Exceptions->errorHandler(2, 'require_once(/h...', '/home/nocjadpy6...', 31, Array)
#1 /home/nocjadpy678c/public_html/tryyourwork.com/jattmatrimony/app/Controllers/UserMembership.php(31): require_once()
#2 /home/nocjadpy678c/public_html/tryyourwork.com/jattmatrimony/vendor/codeigniter4/framework/system/CodeIgniter.php(802): App\Controllers\UserMembership->membership('3')
#3 /home/nocjadpy678c/public_html/tryyourwork.com/jattmatrimony/vendor/codeigniter4/framework/system/CodeIgniter.php(399): CodeIgniter\CodeIgniter->runController(Object(App\Controllers\UserMembership))
#4  in /home/nocjadpy678c/public_html/tryyourwork.com/jattmatrimony/app/Controllers/UserMembership.php on line 31
[03-Dec-2021 02:56:58 America/Chicago] PHP Fatal error:  App\Controllers\UserMembership::membership(): Failed opening required '/home/nocjadpy678c/public_html/tryyourwork.com/jattmatrimony/app/ControllersLibraries/vendor/stripe/stripe-php/init.php' (include_path='.:/opt/alt/php74/usr/share/pear') in /home/nocjadpy678c/public_html/tryyourwork.com/jattmatrimony/app/Controllers/UserMembership.php on line 31
[03-Dec-2021 02:57:24 America/Chicago] PHP Warning:  Uncaught ErrorException: require_once(/home/nocjadpy678c/public_html/tryyourwork.com/jattmatrimony/app/Controllers/Libraries/vendor/stripe/stripe-php/init.php): failed to open stream: No such file or directory in /home/nocjadpy678c/public_html/tryyourwork.com/jattmatrimony/app/Controllers/UserMembership.php:31
Stack trace:
#0 /home/nocjadpy678c/public_html/tryyourwork.com/jattmatrimony/app/Controllers/UserMembership.php(31): CodeIgniter\Debug\Exceptions->errorHandler(2, 'require_once(/h...', '/home/nocjadpy6...', 31, Array)
#1 /home/nocjadpy678c/public_html/tryyourwork.com/jattmatrimony/app/Controllers/UserMembership.php(31): require_once()
#2 /home/nocjadpy678c/public_html/tryyourwork.com/jattmatrimony/vendor/codeigniter4/framework/system/CodeIgniter.php(802): App\Controllers\UserMembership->membership('3')
#3 /home/nocjadpy678c/public_html/tryyourwork.com/jattmatrimony/vendor/codeigniter4/framework/system/CodeIgniter.php(399): CodeIgniter\CodeIgniter->runController(Object(App\Controllers\UserMembership))
#4 in /home/nocjadpy678c/public_html/tryyourwork.com/jattmatrimony/app/Controllers/UserMembership.php on line 31
[03-Dec-2021 02:57:24 America/Chicago] PHP Fatal error:  App\Controllers\UserMembership::membership(): Failed opening required '/home/nocjadpy678c/public_html/tryyourwork.com/jattmatrimony/app/Controllers/Libraries/vendor/stripe/stripe-php/init.php' (include_path='.:/opt/alt/php74/usr/share/pear') in /home/nocjadpy678c/public_html/tryyourwork.com/jattmatrimony/app/Controllers/UserMembership.php on line 31
[07-Dec-2021 06:54:57 America/Chicago] PHP Fatal error:  Cannot use isset() on the result of an expression (you can use "null !== expression" instead) in /home/nocjadpy678c/public_html/tryyourwork.com/jattmatrimony/app/Models/CommonleftModel.php on line 51
[08-Dec-2021 03:27:51 America/Chicago] PHP Fatal error:  Namespace declaration statement has to be the very first statement or after any declare call in the script in /home/nocjadpy678c/public_html/tryyourwork.com/jattmatrimony/app/Controllers/UserMembership.php on line 3
[09-Dec-2021 09:27:32 America/Chicago] PHP Fatal error:  Uncaught CodeIgniter\Format\Exceptions\FormatException: Failed to parse json string, error: "Malformed UTF-8 characters, possibly incorrectly encoded". in /home/nocjadpy678c/public_html/tryyourwork.com/jattmatrimony/vendor/codeigniter4/framework/system/Format/JSONFormatter.php:41
Stack trace:
#0 /home/nocjadpy678c/public_html/tryyourwork.com/jattmatrimony/vendor/codeigniter4/framework/system/Format/JSONFormatter.php(41): CodeIgniter\Format\Exceptions\FormatException::forInvalidJSON('Malformed UTF-8...')
#1 /home/nocjadpy678c/public_html/tryyourwork.com/jattmatrimony/vendor/codeigniter4/framework/system/API/ResponseTrait.php(341): CodeIgniter\Format\JSONFormatter->format(Array)
#2 /home/nocjadpy678c/public_html/tryyourwork.com/jattmatrimony/vendor/codeigniter4/framework/system/API/ResponseTrait.php(99): CodeIgniter\Debug\Exceptions->format(Array)
#3 /home/nocjadpy678c/public_html/tryyourwork.com/jattmatrimony/vendor/codeigniter4/framework/system/Debug/Exceptions.php(126): CodeIgniter\Debug\Exceptions->respond( in /home/nocjadpy678c/public_html/tryyourwork.com/jattmatrimony/vendor/codeigniter4/framework/system/Format/JSONFormatter.php on line 41
[09-Dec-2021 22:51:53 America/Chicago] PHP Fatal error:  Uncaught CodeIgniter\Format\Exceptions\FormatException: Failed to parse json string, error: "Malformed UTF-8 characters, possibly incorrectly encoded". in /home/nocjadpy678c/public_html/tryyourwork.com/jattmatrimony/vendor/codeigniter4/framework/system/Format/JSONFormatter.php:41
Stack trace:
#0 /home/nocjadpy678c/public_html/tryyourwork.com/jattmatrimony/vendor/codeigniter4/framework/system/Format/JSONFormatter.php(41): CodeIgniter\Format\Exceptions\FormatException::forInvalidJSON('Malformed UTF-8...')
#1 /home/nocjadpy678c/public_html/tryyourwork.com/jattmatrimony/vendor/codeigniter4/framework/system/API/ResponseTrait.php(341): CodeIgniter\Format\JSONFormatter->format(Array)
#2 /home/nocjadpy678c/public_html/tryyourwork.com/jattmatrimony/vendor/codeigniter4/framework/system/API/ResponseTrait.php(99): CodeIgniter\Debug\Exceptions->format(Array)
#3 /home/nocjadpy678c/public_html/tryyourwork.com/jattmatrimony/vendor/codeigniter4/framework/system/Debug/Exceptions.php(126): CodeIgniter\Debug\Exceptions->respond( in /home/nocjadpy678c/public_html/tryyourwork.com/jattmatrimony/vendor/codeigniter4/framework/system/Format/JSONFormatter.php on line 41
[16-Dec-2021 22:03:18 America/Chicago] PHP Fatal error:  Uncaught CodeIgniter\Format\Exceptions\FormatException: Failed to parse json string, error: "Malformed UTF-8 characters, possibly incorrectly encoded". in /home/nocjadpy678c/public_html/tryyourwork.com/jattmatrimony/vendor/codeigniter4/framework/system/Format/JSONFormatter.php:41
Stack trace:
#0 /home/nocjadpy678c/public_html/tryyourwork.com/jattmatrimony/vendor/codeigniter4/framework/system/Format/JSONFormatter.php(41): CodeIgniter\Format\Exceptions\FormatException::forInvalidJSON('Malformed UTF-8...')
#1 /home/nocjadpy678c/public_html/tryyourwork.com/jattmatrimony/vendor/codeigniter4/framework/system/API/ResponseTrait.php(341): CodeIgniter\Format\JSONFormatter->format(Array)
#2 /home/nocjadpy678c/public_html/tryyourwork.com/jattmatrimony/vendor/codeigniter4/framework/system/API/ResponseTrait.php(99): CodeIgniter\Debug\Exceptions->format(Array)
#3 /home/nocjadpy678c/public_html/tryyourwork.com/jattmatrimony/vendor/codeigniter4/framework/system/Debug/Exceptions.php(126): CodeIgniter\Debug\Exceptions->respond( in /home/nocjadpy678c/public_html/tryyourwork.com/jattmatrimony/vendor/codeigniter4/framework/system/Format/JSONFormatter.php on line 41
[21-Dec-2021 00:17:02 America/Chicago] PHP Fatal error:  Uncaught CodeIgniter\Format\Exceptions\FormatException: Failed to parse json string, error: "Malformed UTF-8 characters, possibly incorrectly encoded". in /home/nocjadpy678c/public_html/tryyourwork.com/jattmatrimony/vendor/codeigniter4/framework/system/Format/JSONFormatter.php:41
Stack trace:
#0 /home/nocjadpy678c/public_html/tryyourwork.com/jattmatrimony/vendor/codeigniter4/framework/system/Format/JSONFormatter.php(41): CodeIgniter\Format\Exceptions\FormatException::forInvalidJSON('Malformed UTF-8...')
#1 /home/nocjadpy678c/public_html/tryyourwork.com/jattmatrimony/vendor/codeigniter4/framework/system/API/ResponseTrait.php(341): CodeIgniter\Format\JSONFormatter->format(Array)
#2 /home/nocjadpy678c/public_html/tryyourwork.com/jattmatrimony/vendor/codeigniter4/framework/system/API/ResponseTrait.php(99): CodeIgniter\Debug\Exceptions->format(Array)
#3 /home/nocjadpy678c/public_html/tryyourwork.com/jattmatrimony/vendor/codeigniter4/framework/system/Debug/Exceptions.php(126): CodeIgniter\Debug\Exceptions->respond( in /home/nocjadpy678c/public_html/tryyourwork.com/jattmatrimony/vendor/codeigniter4/framework/system/Format/JSONFormatter.php on line 41
[21-Dec-2021 00:17:03 America/Chicago] PHP Fatal error:  Uncaught CodeIgniter\Format\Exceptions\FormatException: Failed to parse json string, error: "Malformed UTF-8 characters, possibly incorrectly encoded". in /home/nocjadpy678c/public_html/tryyourwork.com/jattmatrimony/vendor/codeigniter4/framework/system/Format/JSONFormatter.php:41
Stack trace:
#0 /home/nocjadpy678c/public_html/tryyourwork.com/jattmatrimony/vendor/codeigniter4/framework/system/Format/JSONFormatter.php(41): CodeIgniter\Format\Exceptions\FormatException::forInvalidJSON('Malformed UTF-8...')
#1 /home/nocjadpy678c/public_html/tryyourwork.com/jattmatrimony/vendor/codeigniter4/framework/system/API/ResponseTrait.php(341): CodeIgniter\Format\JSONFormatter->format(Array)
#2 /home/nocjadpy678c/public_html/tryyourwork.com/jattmatrimony/vendor/codeigniter4/framework/system/API/ResponseTrait.php(99): CodeIgniter\Debug\Exceptions->format(Array)
#3 /home/nocjadpy678c/public_html/tryyourwork.com/jattmatrimony/vendor/codeigniter4/framework/system/Debug/Exceptions.php(126): CodeIgniter\Debug\Exceptions->respond( in /home/nocjadpy678c/public_html/tryyourwork.com/jattmatrimony/vendor/codeigniter4/framework/system/Format/JSONFormatter.php on line 41
[21-Dec-2021 00:17:06 America/Chicago] PHP Fatal error:  Uncaught CodeIgniter\Format\Exceptions\FormatException: Failed to parse json string, error: "Malformed UTF-8 characters, possibly incorrectly encoded". in /home/nocjadpy678c/public_html/tryyourwork.com/jattmatrimony/vendor/codeigniter4/framework/system/Format/JSONFormatter.php:41
Stack trace:
#0 /home/nocjadpy678c/public_html/tryyourwork.com/jattmatrimony/vendor/codeigniter4/framework/system/Format/JSONFormatter.php(41): CodeIgniter\Format\Exceptions\FormatException::forInvalidJSON('Malformed UTF-8...')
#1 /home/nocjadpy678c/public_html/tryyourwork.com/jattmatrimony/vendor/codeigniter4/framework/system/API/ResponseTrait.php(341): CodeIgniter\Format\JSONFormatter->format(Array)
#2 /home/nocjadpy678c/public_html/tryyourwork.com/jattmatrimony/vendor/codeigniter4/framework/system/API/ResponseTrait.php(99): CodeIgniter\Debug\Exceptions->format(Array)
#3 /home/nocjadpy678c/public_html/tryyourwork.com/jattmatrimony/vendor/codeigniter4/framework/system/Debug/Exceptions.php(126): CodeIgniter\Debug\Exceptions->respond( in /home/nocjadpy678c/public_html/tryyourwork.com/jattmatrimony/vendor/codeigniter4/framework/system/Format/JSONFormatter.php on line 41
[21-Dec-2021 00:18:57 America/Chicago] PHP Fatal error:  Uncaught CodeIgniter\Format\Exceptions\FormatException: Failed to parse json string, error: "Malformed UTF-8 characters, possibly incorrectly encoded". in /home/nocjadpy678c/public_html/tryyourwork.com/jattmatrimony/vendor/codeigniter4/framework/system/Format/JSONFormatter.php:41
Stack trace:
#0 /home/nocjadpy678c/public_html/tryyourwork.com/jattmatrimony/vendor/codeigniter4/framework/system/Format/JSONFormatter.php(41): CodeIgniter\Format\Exceptions\FormatException::forInvalidJSON('Malformed UTF-8...')
#1 /home/nocjadpy678c/public_html/tryyourwork.com/jattmatrimony/vendor/codeigniter4/framework/system/API/ResponseTrait.php(341): CodeIgniter\Format\JSONFormatter->format(Array)
#2 /home/nocjadpy678c/public_html/tryyourwork.com/jattmatrimony/vendor/codeigniter4/framework/system/API/ResponseTrait.php(99): CodeIgniter\Debug\Exceptions->format(Array)
#3 /home/nocjadpy678c/public_html/tryyourwork.com/jattmatrimony/vendor/codeigniter4/framework/system/Debug/Exceptions.php(126): CodeIgniter\Debug\Exceptions->respond( in /home/nocjadpy678c/public_html/tryyourwork.com/jattmatrimony/vendor/codeigniter4/framework/system/Format/JSONFormatter.php on line 41
[21-Dec-2021 00:18:57 America/Chicago] PHP Fatal error:  Uncaught CodeIgniter\Format\Exceptions\FormatException: Failed to parse json string, error: "Malformed UTF-8 characters, possibly incorrectly encoded". in /home/nocjadpy678c/public_html/tryyourwork.com/jattmatrimony/vendor/codeigniter4/framework/system/Format/JSONFormatter.php:41
Stack trace:
#0 /home/nocjadpy678c/public_html/tryyourwork.com/jattmatrimony/vendor/codeigniter4/framework/system/Format/JSONFormatter.php(41): CodeIgniter\Format\Exceptions\FormatException::forInvalidJSON('Malformed UTF-8...')
#1 /home/nocjadpy678c/public_html/tryyourwork.com/jattmatrimony/vendor/codeigniter4/framework/system/API/ResponseTrait.php(341): CodeIgniter\Format\JSONFormatter->format(Array)
#2 /home/nocjadpy678c/public_html/tryyourwork.com/jattmatrimony/vendor/codeigniter4/framework/system/API/ResponseTrait.php(99): CodeIgniter\Debug\Exceptions->format(Array)
#3 /home/nocjadpy678c/public_html/tryyourwork.com/jattmatrimony/vendor/codeigniter4/framework/system/Debug/Exceptions.php(126): CodeIgniter\Debug\Exceptions->respond( in /home/nocjadpy678c/public_html/tryyourwork.com/jattmatrimony/vendor/codeigniter4/framework/system/Format/JSONFormatter.php on line 41
[21-Dec-2021 00:18:58 America/Chicago] PHP Fatal error:  Uncaught CodeIgniter\Format\Exceptions\FormatException: Failed to parse json string, error: "Malformed UTF-8 characters, possibly incorrectly encoded". in /home/nocjadpy678c/public_html/tryyourwork.com/jattmatrimony/vendor/codeigniter4/framework/system/Format/JSONFormatter.php:41
Stack trace:
#0 /home/nocjadpy678c/public_html/tryyourwork.com/jattmatrimony/vendor/codeigniter4/framework/system/Format/JSONFormatter.php(41): CodeIgniter\Format\Exceptions\FormatException::forInvalidJSON('Malformed UTF-8...')
#1 /home/nocjadpy678c/public_html/tryyourwork.com/jattmatrimony/vendor/codeigniter4/framework/system/API/ResponseTrait.php(341): CodeIgniter\Format\JSONFormatter->format(Array)
#2 /home/nocjadpy678c/public_html/tryyourwork.com/jattmatrimony/vendor/codeigniter4/framework/system/API/ResponseTrait.php(99): CodeIgniter\Debug\Exceptions->format(Array)
#3 /home/nocjadpy678c/public_html/tryyourwork.com/jattmatrimony/vendor/codeigniter4/framework/system/Debug/Exceptions.php(126): CodeIgniter\Debug\Exceptions->respond( in /home/nocjadpy678c/public_html/tryyourwork.com/jattmatrimony/vendor/codeigniter4/framework/system/Format/JSONFormatter.php on line 41
[21-Dec-2021 00:19:05 America/Chicago] PHP Fatal error:  Uncaught CodeIgniter\Format\Exceptions\FormatException: Failed to parse json string, error: "Malformed UTF-8 characters, possibly incorrectly encoded". in /home/nocjadpy678c/public_html/tryyourwork.com/jattmatrimony/vendor/codeigniter4/framework/system/Format/JSONFormatter.php:41
Stack trace:
#0 /home/nocjadpy678c/public_html/tryyourwork.com/jattmatrimony/vendor/codeigniter4/framework/system/Format/JSONFormatter.php(41): CodeIgniter\Format\Exceptions\FormatException::forInvalidJSON('Malformed UTF-8...')
#1 /home/nocjadpy678c/public_html/tryyourwork.com/jattmatrimony/vendor/codeigniter4/framework/system/API/ResponseTrait.php(341): CodeIgniter\Format\JSONFormatter->format(Array)
#2 /home/nocjadpy678c/public_html/tryyourwork.com/jattmatrimony/vendor/codeigniter4/framework/system/API/ResponseTrait.php(99): CodeIgniter\Debug\Exceptions->format(Array)
#3 /home/nocjadpy678c/public_html/tryyourwork.com/jattmatrimony/vendor/codeigniter4/framework/system/Debug/Exceptions.php(126): CodeIgniter\Debug\Exceptions->respond( in /home/nocjadpy678c/public_html/tryyourwork.com/jattmatrimony/vendor/codeigniter4/framework/system/Format/JSONFormatter.php on line 41
[21-Dec-2021 00:19:05 America/Chicago] PHP Fatal error:  Uncaught CodeIgniter\Format\Exceptions\FormatException: Failed to parse json string, error: "Malformed UTF-8 characters, possibly incorrectly encoded". in /home/nocjadpy678c/public_html/tryyourwork.com/jattmatrimony/vendor/codeigniter4/framework/system/Format/JSONFormatter.php:41
Stack trace:
#0 /home/nocjadpy678c/public_html/tryyourwork.com/jattmatrimony/vendor/codeigniter4/framework/system/Format/JSONFormatter.php(41): CodeIgniter\Format\Exceptions\FormatException::forInvalidJSON('Malformed UTF-8...')
#1 /home/nocjadpy678c/public_html/tryyourwork.com/jattmatrimony/vendor/codeigniter4/framework/system/API/ResponseTrait.php(341): CodeIgniter\Format\JSONFormatter->format(Array)
#2 /home/nocjadpy678c/public_html/tryyourwork.com/jattmatrimony/vendor/codeigniter4/framework/system/API/ResponseTrait.php(99): CodeIgniter\Debug\Exceptions->format(Array)
#3 /home/nocjadpy678c/public_html/tryyourwork.com/jattmatrimony/vendor/codeigniter4/framework/system/Debug/Exceptions.php(126): CodeIgniter\Debug\Exceptions->respond( in /home/nocjadpy678c/public_html/tryyourwork.com/jattmatrimony/vendor/codeigniter4/framework/system/Format/JSONFormatter.php on line 41
[21-Dec-2021 00:19:05 America/Chicago] PHP Fatal error:  Uncaught CodeIgniter\Format\Exceptions\FormatException: Failed to parse json string, error: "Malformed UTF-8 characters, possibly incorrectly encoded". in /home/nocjadpy678c/public_html/tryyourwork.com/jattmatrimony/vendor/codeigniter4/framework/system/Format/JSONFormatter.php:41
Stack trace:
#0 /home/nocjadpy678c/public_html/tryyourwork.com/jattmatrimony/vendor/codeigniter4/framework/system/Format/JSONFormatter.php(41): CodeIgniter\Format\Exceptions\FormatException::forInvalidJSON('Malformed UTF-8...')
#1 /home/nocjadpy678c/public_html/tryyourwork.com/jattmatrimony/vendor/codeigniter4/framework/system/API/ResponseTrait.php(341): CodeIgniter\Format\JSONFormatter->format(Array)
#2 /home/nocjadpy678c/public_html/tryyourwork.com/jattmatrimony/vendor/codeigniter4/framework/system/API/ResponseTrait.php(99): CodeIgniter\Debug\Exceptions->format(Array)
#3 /home/nocjadpy678c/public_html/tryyourwork.com/jattmatrimony/vendor/codeigniter4/framework/system/Debug/Exceptions.php(126): CodeIgniter\Debug\Exceptions->respond( in /home/nocjadpy678c/public_html/tryyourwork.com/jattmatrimony/vendor/codeigniter4/framework/system/Format/JSONFormatter.php on line 41
[21-Dec-2021 00:21:13 America/Chicago] PHP Fatal error:  Uncaught CodeIgniter\Format\Exceptions\FormatException: Failed to parse json string, error: "Malformed UTF-8 characters, possibly incorrectly encoded". in /home/nocjadpy678c/public_html/tryyourwork.com/jattmatrimony/vendor/codeigniter4/framework/system/Format/JSONFormatter.php:41
Stack trace:
#0 /home/nocjadpy678c/public_html/tryyourwork.com/jattmatrimony/vendor/codeigniter4/framework/system/Format/JSONFormatter.php(41): CodeIgniter\Format\Exceptions\FormatException::forInvalidJSON('Malformed UTF-8...')
#1 /home/nocjadpy678c/public_html/tryyourwork.com/jattmatrimony/vendor/codeigniter4/framework/system/API/ResponseTrait.php(341): CodeIgniter\Format\JSONFormatter->format(Array)
#2 /home/nocjadpy678c/public_html/tryyourwork.com/jattmatrimony/vendor/codeigniter4/framework/system/API/ResponseTrait.php(99): CodeIgniter\Debug\Exceptions->format(Array)
#3 /home/nocjadpy678c/public_html/tryyourwork.com/jattmatrimony/vendor/codeigniter4/framework/system/Debug/Exceptions.php(126): CodeIgniter\Debug\Exceptions->respond( in /home/nocjadpy678c/public_html/tryyourwork.com/jattmatrimony/vendor/codeigniter4/framework/system/Format/JSONFormatter.php on line 41
[21-Dec-2021 00:21:14 America/Chicago] PHP Fatal error:  Uncaught CodeIgniter\Format\Exceptions\FormatException: Failed to parse json string, error: "Malformed UTF-8 characters, possibly incorrectly encoded". in /home/nocjadpy678c/public_html/tryyourwork.com/jattmatrimony/vendor/codeigniter4/framework/system/Format/JSONFormatter.php:41
Stack trace:
#0 /home/nocjadpy678c/public_html/tryyourwork.com/jattmatrimony/vendor/codeigniter4/framework/system/Format/JSONFormatter.php(41): CodeIgniter\Format\Exceptions\FormatException::forInvalidJSON('Malformed UTF-8...')
#1 /home/nocjadpy678c/public_html/tryyourwork.com/jattmatrimony/vendor/codeigniter4/framework/system/API/ResponseTrait.php(341): CodeIgniter\Format\JSONFormatter->format(Array)
#2 /home/nocjadpy678c/public_html/tryyourwork.com/jattmatrimony/vendor/codeigniter4/framework/system/API/ResponseTrait.php(99): CodeIgniter\Debug\Exceptions->format(Array)
#3 /home/nocjadpy678c/public_html/tryyourwork.com/jattmatrimony/vendor/codeigniter4/framework/system/Debug/Exceptions.php(126): CodeIgniter\Debug\Exceptions->respond( in /home/nocjadpy678c/public_html/tryyourwork.com/jattmatrimony/vendor/codeigniter4/framework/system/Format/JSONFormatter.php on line 41
[21-Dec-2021 00:21:14 America/Chicago] PHP Fatal error:  Uncaught CodeIgniter\Format\Exceptions\FormatException: Failed to parse json string, error: "Malformed UTF-8 characters, possibly incorrectly encoded". in /home/nocjadpy678c/public_html/tryyourwork.com/jattmatrimony/vendor/codeigniter4/framework/system/Format/JSONFormatter.php:41
Stack trace:
#0 /home/nocjadpy678c/public_html/tryyourwork.com/jattmatrimony/vendor/codeigniter4/framework/system/Format/JSONFormatter.php(41): CodeIgniter\Format\Exceptions\FormatException::forInvalidJSON('Malformed UTF-8...')
#1 /home/nocjadpy678c/public_html/tryyourwork.com/jattmatrimony/vendor/codeigniter4/framework/system/API/ResponseTrait.php(341): CodeIgniter\Format\JSONFormatter->format(Array)
#2 /home/nocjadpy678c/public_html/tryyourwork.com/jattmatrimony/vendor/codeigniter4/framework/system/API/ResponseTrait.php(99): CodeIgniter\Debug\Exceptions->format(Array)
#3 /home/nocjadpy678c/public_html/tryyourwork.com/jattmatrimony/vendor/codeigniter4/framework/system/Debug/Exceptions.php(126): CodeIgniter\Debug\Exceptions->respond( in /home/nocjadpy678c/public_html/tryyourwork.com/jattmatrimony/vendor/codeigniter4/framework/system/Format/JSONFormatter.php on line 41
[21-Dec-2021 00:21:43 America/Chicago] PHP Fatal error:  Uncaught CodeIgniter\Format\Exceptions\FormatException: Failed to parse json string, error: "Malformed UTF-8 characters, possibly incorrectly encoded". in /home/nocjadpy678c/public_html/tryyourwork.com/jattmatrimony/vendor/codeigniter4/framework/system/Format/JSONFormatter.php:41
Stack trace:
#0 /home/nocjadpy678c/public_html/tryyourwork.com/jattmatrimony/vendor/codeigniter4/framework/system/Format/JSONFormatter.php(41): CodeIgniter\Format\Exceptions\FormatException::forInvalidJSON('Malformed UTF-8...')
#1 /home/nocjadpy678c/public_html/tryyourwork.com/jattmatrimony/vendor/codeigniter4/framework/system/API/ResponseTrait.php(341): CodeIgniter\Format\JSONFormatter->format(Array)
#2 /home/nocjadpy678c/public_html/tryyourwork.com/jattmatrimony/vendor/codeigniter4/framework/system/API/ResponseTrait.php(99): CodeIgniter\Debug\Exceptions->format(Array)
#3 /home/nocjadpy678c/public_html/tryyourwork.com/jattmatrimony/vendor/codeigniter4/framework/system/Debug/Exceptions.php(126): CodeIgniter\Debug\Exceptions->respond( in /home/nocjadpy678c/public_html/tryyourwork.com/jattmatrimony/vendor/codeigniter4/framework/system/Format/JSONFormatter.php on line 41
[21-Dec-2021 00:21:43 America/Chicago] PHP Fatal error:  Uncaught CodeIgniter\Format\Exceptions\FormatException: Failed to parse json string, error: "Malformed UTF-8 characters, possibly incorrectly encoded". in /home/nocjadpy678c/public_html/tryyourwork.com/jattmatrimony/vendor/codeigniter4/framework/system/Format/JSONFormatter.php:41
Stack trace:
#0 /home/nocjadpy678c/public_html/tryyourwork.com/jattmatrimony/vendor/codeigniter4/framework/system/Format/JSONFormatter.php(41): CodeIgniter\Format\Exceptions\FormatException::forInvalidJSON('Malformed UTF-8...')
#1 /home/nocjadpy678c/public_html/tryyourwork.com/jattmatrimony/vendor/codeigniter4/framework/system/API/ResponseTrait.php(341): CodeIgniter\Format\JSONFormatter->format(Array)
#2 /home/nocjadpy678c/public_html/tryyourwork.com/jattmatrimony/vendor/codeigniter4/framework/system/API/ResponseTrait.php(99): CodeIgniter\Debug\Exceptions->format(Array)
#3 /home/nocjadpy678c/public_html/tryyourwork.com/jattmatrimony/vendor/codeigniter4/framework/system/Debug/Exceptions.php(126): CodeIgniter\Debug\Exceptions->respond( in /home/nocjadpy678c/public_html/tryyourwork.com/jattmatrimony/vendor/codeigniter4/framework/system/Format/JSONFormatter.php on line 41
[21-Dec-2021 00:21:43 America/Chicago] PHP Fatal error:  Uncaught CodeIgniter\Format\Exceptions\FormatException: Failed to parse json string, error: "Malformed UTF-8 characters, possibly incorrectly encoded". in /home/nocjadpy678c/public_html/tryyourwork.com/jattmatrimony/vendor/codeigniter4/framework/system/Format/JSONFormatter.php:41
Stack trace:
#0 /home/nocjadpy678c/public_html/tryyourwork.com/jattmatrimony/vendor/codeigniter4/framework/system/Format/JSONFormatter.php(41): CodeIgniter\Format\Exceptions\FormatException::forInvalidJSON('Malformed UTF-8...')
#1 /home/nocjadpy678c/public_html/tryyourwork.com/jattmatrimony/vendor/codeigniter4/framework/system/API/ResponseTrait.php(341): CodeIgniter\Format\JSONFormatter->format(Array)
#2 /home/nocjadpy678c/public_html/tryyourwork.com/jattmatrimony/vendor/codeigniter4/framework/system/API/ResponseTrait.php(99): CodeIgniter\Debug\Exceptions->format(Array)
#3 /home/nocjadpy678c/public_html/tryyourwork.com/jattmatrimony/vendor/codeigniter4/framework/system/Debug/Exceptions.php(126): CodeIgniter\Debug\Exceptions->respond( in /home/nocjadpy678c/public_html/tryyourwork.com/jattmatrimony/vendor/codeigniter4/framework/system/Format/JSONFormatter.php on line 41
[27-Dec-2021 07:01:29 America/Chicago] PHP Fatal error:  Uncaught CodeIgniter\Format\Exceptions\FormatException: Failed to parse json string, error: "Malformed UTF-8 characters, possibly incorrectly encoded". in /home/nocjadpy678c/public_html/tryyourwork.com/jattmatrimony/vendor/codeigniter4/framework/system/Format/JSONFormatter.php:41
Stack trace:
#0 /home/nocjadpy678c/public_html/tryyourwork.com/jattmatrimony/vendor/codeigniter4/framework/system/Format/JSONFormatter.php(41): CodeIgniter\Format\Exceptions\FormatException::forInvalidJSON('Malformed UTF-8...')
#1 /home/nocjadpy678c/public_html/tryyourwork.com/jattmatrimony/vendor/codeigniter4/framework/system/API/ResponseTrait.php(341): CodeIgniter\Format\JSONFormatter->format(Array)
#2 /home/nocjadpy678c/public_html/tryyourwork.com/jattmatrimony/vendor/codeigniter4/framework/system/API/ResponseTrait.php(99): CodeIgniter\Debug\Exceptions->format(Array)
#3 /home/nocjadpy678c/public_html/tryyourwork.com/jattmatrimony/vendor/codeigniter4/framework/system/Debug/Exceptions.php(126): CodeIgniter\Debug\Exceptions->respond( in /home/nocjadpy678c/public_html/tryyourwork.com/jattmatrimony/vendor/codeigniter4/framework/system/Format/JSONFormatter.php on line 41
[27-Dec-2021 07:01:29 America/Chicago] PHP Fatal error:  Uncaught CodeIgniter\Format\Exceptions\FormatException: Failed to parse json string, error: "Malformed UTF-8 characters, possibly incorrectly encoded". in /home/nocjadpy678c/public_html/tryyourwork.com/jattmatrimony/vendor/codeigniter4/framework/system/Format/JSONFormatter.php:41
Stack trace:
#0 /home/nocjadpy678c/public_html/tryyourwork.com/jattmatrimony/vendor/codeigniter4/framework/system/Format/JSONFormatter.php(41): CodeIgniter\Format\Exceptions\FormatException::forInvalidJSON('Malformed UTF-8...')
#1 /home/nocjadpy678c/public_html/tryyourwork.com/jattmatrimony/vendor/codeigniter4/framework/system/API/ResponseTrait.php(341): CodeIgniter\Format\JSONFormatter->format(Array)
#2 /home/nocjadpy678c/public_html/tryyourwork.com/jattmatrimony/vendor/codeigniter4/framework/system/API/ResponseTrait.php(99): CodeIgniter\Debug\Exceptions->format(Array)
#3 /home/nocjadpy678c/public_html/tryyourwork.com/jattmatrimony/vendor/codeigniter4/framework/system/Debug/Exceptions.php(126): CodeIgniter\Debug\Exceptions->respond( in /home/nocjadpy678c/public_html/tryyourwork.com/jattmatrimony/vendor/codeigniter4/framework/system/Format/JSONFormatter.php on line 41
[27-Dec-2021 07:01:29 America/Chicago] PHP Fatal error:  Uncaught CodeIgniter\Format\Exceptions\FormatException: Failed to parse json string, error: "Malformed UTF-8 characters, possibly incorrectly encoded". in /home/nocjadpy678c/public_html/tryyourwork.com/jattmatrimony/vendor/codeigniter4/framework/system/Format/JSONFormatter.php:41
Stack trace:
#0 /home/nocjadpy678c/public_html/tryyourwork.com/jattmatrimony/vendor/codeigniter4/framework/system/Format/JSONFormatter.php(41): CodeIgniter\Format\Exceptions\FormatException::forInvalidJSON('Malformed UTF-8...')
#1 /home/nocjadpy678c/public_html/tryyourwork.com/jattmatrimony/vendor/codeigniter4/framework/system/API/ResponseTrait.php(341): CodeIgniter\Format\JSONFormatter->format(Array)
#2 /home/nocjadpy678c/public_html/tryyourwork.com/jattmatrimony/vendor/codeigniter4/framework/system/API/ResponseTrait.php(99): CodeIgniter\Debug\Exceptions->format(Array)
#3 /home/nocjadpy678c/public_html/tryyourwork.com/jattmatrimony/vendor/codeigniter4/framework/system/Debug/Exceptions.php(126): CodeIgniter\Debug\Exceptions->respond( in /home/nocjadpy678c/public_html/tryyourwork.com/jattmatrimony/vendor/codeigniter4/framework/system/Format/JSONFormatter.php on line 41
[29-Dec-2021 10:51:25 America/Chicago] PHP Warning:  Uncaught ErrorException: require_once(/home/nocjadpy678c/public_html/tryyourwork.com/jattmatrimony/app/Libraries/vendor/autoload.php): failed to open stream: No such file or directory in /home/nocjadpy678c/public_html/tryyourwork.com/jattmatrimony/app/Controllers/User.php:144
Stack trace:
#0 /home/nocjadpy678c/public_html/tryyourwork.com/jattmatrimony/app/Controllers/User.php(144): CodeIgniter\Debug\Exceptions->errorHandler(2, 'require_once(/h...', '/home/nocjadpy6...', 144, Array)
#1 /home/nocjadpy678c/public_html/tryyourwork.com/jattmatrimony/app/Controllers/User.php(144): require_once()
#2 /home/nocjadpy678c/public_html/tryyourwork.com/jattmatrimony/vendor/codeigniter4/framework/system/CodeIgniter.php(802): App\Controllers\User->login()
#3 /home/nocjadpy678c/public_html/tryyourwork.com/jattmatrimony/vendor/codeigniter4/framework/system/CodeIgniter.php(399): CodeIgniter\CodeIgniter->runController(Object(App\Controllers\User))
#4 /home/nocjadpy678c/public_html/tryyourwork.com/jattmatrimony/vendor/codeigniter in /home/nocjadpy678c/public_html/tryyourwork.com/jattmatrimony/app/Controllers/User.php on line 144
[29-Dec-2021 10:51:25 America/Chicago] PHP Fatal error:  App\Controllers\User::login(): Failed opening required '/home/nocjadpy678c/public_html/tryyourwork.com/jattmatrimony/app/Libraries/vendor/autoload.php' (include_path='.:/opt/alt/php74/usr/share/pear') in /home/nocjadpy678c/public_html/tryyourwork.com/jattmatrimony/app/Controllers/User.php on line 144
[29-Dec-2021 23:56:51 America/Chicago] PHP Warning:  Uncaught ErrorException: require_once(/home/nocjadpy678c/public_html/tryyourwork.com/jattmatrimony/app/Libraries/vendor/autoload.php): failed to open stream: No such file or directory in /home/nocjadpy678c/public_html/tryyourwork.com/jattmatrimony/app/Controllers/User.php:144
Stack trace:
#0 /home/nocjadpy678c/public_html/tryyourwork.com/jattmatrimony/app/Controllers/User.php(144): CodeIgniter\Debug\Exceptions->errorHandler(2, 'require_once(/h...', '/home/nocjadpy6...', 144, Array)
#1 /home/nocjadpy678c/public_html/tryyourwork.com/jattmatrimony/app/Controllers/User.php(144): require_once()
#2 /home/nocjadpy678c/public_html/tryyourwork.com/jattmatrimony/vendor/codeigniter4/framework/system/CodeIgniter.php(802): App\Controllers\User->login()
#3 /home/nocjadpy678c/public_html/tryyourwork.com/jattmatrimony/vendor/codeigniter4/framework/system/CodeIgniter.php(399): CodeIgniter\CodeIgniter->runController(Object(App\Controllers\User))
#4 /home/nocjadpy678c/public_html/tryyourwork.com/jattmatrimony/vendor/codeigniter in /home/nocjadpy678c/public_html/tryyourwork.com/jattmatrimony/app/Controllers/User.php on line 144
[29-Dec-2021 23:56:51 America/Chicago] PHP Fatal error:  App\Controllers\User::login(): Failed opening required '/home/nocjadpy678c/public_html/tryyourwork.com/jattmatrimony/app/Libraries/vendor/autoload.php' (include_path='.:/opt/alt/php74/usr/share/pear') in /home/nocjadpy678c/public_html/tryyourwork.com/jattmatrimony/app/Controllers/User.php on line 144
[30-Dec-2021 01:36:11 America/Chicago] PHP Warning:  Uncaught ErrorException: require_once(/home/nocjadpy678c/public_html/tryyourwork.com/jattmatrimony/app/Libraries/vendor/autoload.php): failed to open stream: No such file or directory in /home/nocjadpy678c/public_html/tryyourwork.com/jattmatrimony/app/Controllers/User.php:144
Stack trace:
#0 /home/nocjadpy678c/public_html/tryyourwork.com/jattmatrimony/app/Controllers/User.php(144): CodeIgniter\Debug\Exceptions->errorHandler(2, 'require_once(/h...', '/home/nocjadpy6...', 144, Array)
#1 /home/nocjadpy678c/public_html/tryyourwork.com/jattmatrimony/app/Controllers/User.php(144): require_once()
#2 /home/nocjadpy678c/public_html/tryyourwork.com/jattmatrimony/vendor/codeigniter4/framework/system/CodeIgniter.php(802): App\Controllers\User->login()
#3 /home/nocjadpy678c/public_html/tryyourwork.com/jattmatrimony/vendor/codeigniter4/framework/system/CodeIgniter.php(399): CodeIgniter\CodeIgniter->runController(Object(App\Controllers\User))
#4 /home/nocjadpy678c/public_html/tryyourwork.com/jattmatrimony/vendor/codeigniter in /home/nocjadpy678c/public_html/tryyourwork.com/jattmatrimony/app/Controllers/User.php on line 144
[30-Dec-2021 01:36:11 America/Chicago] PHP Fatal error:  App\Controllers\User::login(): Failed opening required '/home/nocjadpy678c/public_html/tryyourwork.com/jattmatrimony/app/Libraries/vendor/autoload.php' (include_path='.:/opt/alt/php74/usr/share/pear') in /home/nocjadpy678c/public_html/tryyourwork.com/jattmatrimony/app/Controllers/User.php on line 144
[30-Dec-2021 01:40:20 America/Chicago] PHP Warning:  Uncaught ErrorException: require_once(/home/nocjadpy678c/public_html/tryyourwork.com/jattmatrimony/app/Libraries/vendor/autoload.php): failed to open stream: No such file or directory in /home/nocjadpy678c/public_html/tryyourwork.com/jattmatrimony/app/Controllers/User.php:144
Stack trace:
#0 /home/nocjadpy678c/public_html/tryyourwork.com/jattmatrimony/app/Controllers/User.php(144): CodeIgniter\Debug\Exceptions->errorHandler(2, 'require_once(/h...', '/home/nocjadpy6...', 144, Array)
#1 /home/nocjadpy678c/public_html/tryyourwork.com/jattmatrimony/app/Controllers/User.php(144): require_once()
#2 /home/nocjadpy678c/public_html/tryyourwork.com/jattmatrimony/vendor/codeigniter4/framework/system/CodeIgniter.php(802): App\Controllers\User->login()
#3 /home/nocjadpy678c/public_html/tryyourwork.com/jattmatrimony/vendor/codeigniter4/framework/system/CodeIgniter.php(399): CodeIgniter\CodeIgniter->runController(Object(App\Controllers\User))
#4 /home/nocjadpy678c/public_html/tryyourwork.com/jattmatrimony/vendor/codeigniter in /home/nocjadpy678c/public_html/tryyourwork.com/jattmatrimony/app/Controllers/User.php on line 144
[30-Dec-2021 01:40:20 America/Chicago] PHP Fatal error:  App\Controllers\User::login(): Failed opening required '/home/nocjadpy678c/public_html/tryyourwork.com/jattmatrimony/app/Libraries/vendor/autoload.php' (include_path='.:/opt/alt/php74/usr/share/pear') in /home/nocjadpy678c/public_html/tryyourwork.com/jattmatrimony/app/Controllers/User.php on line 144
[30-Dec-2021 01:40:24 America/Chicago] PHP Warning:  Uncaught ErrorException: require_once(/home/nocjadpy678c/public_html/tryyourwork.com/jattmatrimony/app/Libraries/vendor/autoload.php): failed to open stream: No such file or directory in /home/nocjadpy678c/public_html/tryyourwork.com/jattmatrimony/app/Controllers/User.php:144
Stack trace:
#0 /home/nocjadpy678c/public_html/tryyourwork.com/jattmatrimony/app/Controllers/User.php(144): CodeIgniter\Debug\Exceptions->errorHandler(2, 'require_once(/h...', '/home/nocjadpy6...', 144, Array)
#1 /home/nocjadpy678c/public_html/tryyourwork.com/jattmatrimony/app/Controllers/User.php(144): require_once()
#2 /home/nocjadpy678c/public_html/tryyourwork.com/jattmatrimony/vendor/codeigniter4/framework/system/CodeIgniter.php(802): App\Controllers\User->login()
#3 /home/nocjadpy678c/public_html/tryyourwork.com/jattmatrimony/vendor/codeigniter4/framework/system/CodeIgniter.php(399): CodeIgniter\CodeIgniter->runController(Object(App\Controllers\User))
#4 /home/nocjadpy678c/public_html/tryyourwork.com/jattmatrimony/vendor/codeigniter in /home/nocjadpy678c/public_html/tryyourwork.com/jattmatrimony/app/Controllers/User.php on line 144
[30-Dec-2021 01:40:24 America/Chicago] PHP Fatal error:  App\Controllers\User::login(): Failed opening required '/home/nocjadpy678c/public_html/tryyourwork.com/jattmatrimony/app/Libraries/vendor/autoload.php' (include_path='.:/opt/alt/php74/usr/share/pear') in /home/nocjadpy678c/public_html/tryyourwork.com/jattmatrimony/app/Controllers/User.php on line 144
[19-Jan-2022 02:53:01 America/Chicago] PHP Fatal error:  Cannot declare class App\Models\UserModel, because the name is already in use in /home/nocjadpy678c/public_html/tryyourwork.com/jattmatrimony/app/Models/Email.php on line 0
[25-Jan-2022 07:49:06 America/Chicago] PHP Fatal error:  Cannot use isset() on the result of an expression (you can use "null !== expression" instead) in /home/nocjadpy678c/public_html/tryyourwork.com/jattmatrimony/app/Controllers/Usercheckprofile.php on line 49
[25-Jan-2022 07:50:12 America/Chicago] PHP Fatal error:  Cannot use isset() on the result of an expression (you can use "null !== expression" instead) in /home/nocjadpy678c/public_html/tryyourwork.com/jattmatrimony/app/Controllers/Usercheckprofile.php on line 49
[25-Jan-2022 07:50:34 America/Chicago] PHP Fatal error:  Cannot use isset() on the result of an expression (you can use "null !== expression" instead) in /home/nocjadpy678c/public_html/tryyourwork.com/jattmatrimony/app/Controllers/Usercheckprofile.php on line 49
[25-Jan-2022 08:00:59 America/Chicago] PHP Fatal error:  Cannot use isset() on the result of an expression (you can use "null !== expression" instead) in /home/nocjadpy678c/public_html/tryyourwork.com/jattmatrimony/app/Controllers/Usercheckprofile.php on line 46
[25-Jan-2022 08:07:26 America/Chicago] PHP Fatal error:  Cannot use isset() on the result of an expression (you can use "null !== expression" instead) in /home/nocjadpy678c/public_html/tryyourwork.com/jattmatrimony/app/Controllers/Usercheckprofile.php on line 46
[25-Jan-2022 08:08:19 America/Chicago] PHP Fatal error:  Cannot use isset() on the result of an expression (you can use "null !== expression" instead) in /home/nocjadpy678c/public_html/tryyourwork.com/jattmatrimony/app/Controllers/Usercheckprofile.php on line 46
[26-Jan-2022 02:01:25 America/Chicago] PHP Fatal error:  Cannot use [] for reading in /home/nocjadpy678c/public_html/tryyourwork.com/jattmatrimony/app/Views/members.php on line 80
[01-Feb-2022 03:48:56 America/Chicago] PHP Fatal error:  Cannot redeclare App\Models\ProfileModel::addinsert() in /home/nocjadpy678c/public_html/tryyourwork.com/jattmatrimony/app/Models/ProfileModel.php on line 83
[03-Feb-2022 03:13:31 America/Chicago] PHP Fatal error:  Uncaught CodeIgniter\Format\Exceptions\FormatException: Failed to parse json string, error: "Malformed UTF-8 characters, possibly incorrectly encoded". in /home/nocjadpy678c/public_html/tryyourwork.com/jattmatrimony/vendor/codeigniter4/framework/system/Format/JSONFormatter.php:41
Stack trace:
#0 /home/nocjadpy678c/public_html/tryyourwork.com/jattmatrimony/vendor/codeigniter4/framework/system/Format/JSONFormatter.php(41): CodeIgniter\Format\Exceptions\FormatException::forInvalidJSON('Malformed UTF-8...')
#1 /home/nocjadpy678c/public_html/tryyourwork.com/jattmatrimony/vendor/codeigniter4/framework/system/API/ResponseTrait.php(341): CodeIgniter\Format\JSONFormatter->format(Array)
#2 /home/nocjadpy678c/public_html/tryyourwork.com/jattmatrimony/vendor/codeigniter4/framework/system/API/ResponseTrait.php(99): CodeIgniter\Debug\Exceptions->format(Array)
#3 /home/nocjadpy678c/public_html/tryyourwork.com/jattmatrimony/vendor/codeigniter4/framework/system/Debug/Exceptions.php(126): CodeIgniter\Debug\Exceptions->respond( in /home/nocjadpy678c/public_html/tryyourwork.com/jattmatrimony/vendor/codeigniter4/framework/system/Format/JSONFormatter.php on line 41
[03-Feb-2022 03:13:31 America/Chicago] PHP Fatal error:  Uncaught CodeIgniter\Format\Exceptions\FormatException: Failed to parse json string, error: "Malformed UTF-8 characters, possibly incorrectly encoded". in /home/nocjadpy678c/public_html/tryyourwork.com/jattmatrimony/vendor/codeigniter4/framework/system/Format/JSONFormatter.php:41
Stack trace:
#0 /home/nocjadpy678c/public_html/tryyourwork.com/jattmatrimony/vendor/codeigniter4/framework/system/Format/JSONFormatter.php(41): CodeIgniter\Format\Exceptions\FormatException::forInvalidJSON('Malformed UTF-8...')
#1 /home/nocjadpy678c/public_html/tryyourwork.com/jattmatrimony/vendor/codeigniter4/framework/system/API/ResponseTrait.php(341): CodeIgniter\Format\JSONFormatter->format(Array)
#2 /home/nocjadpy678c/public_html/tryyourwork.com/jattmatrimony/vendor/codeigniter4/framework/system/API/ResponseTrait.php(99): CodeIgniter\Debug\Exceptions->format(Array)
#3 /home/nocjadpy678c/public_html/tryyourwork.com/jattmatrimony/vendor/codeigniter4/framework/system/Debug/Exceptions.php(126): CodeIgniter\Debug\Exceptions->respond( in /home/nocjadpy678c/public_html/tryyourwork.com/jattmatrimony/vendor/codeigniter4/framework/system/Format/JSONFormatter.php on line 41
[03-Feb-2022 03:13:32 America/Chicago] PHP Fatal error:  Uncaught CodeIgniter\Format\Exceptions\FormatException: Failed to parse json string, error: "Malformed UTF-8 characters, possibly incorrectly encoded". in /home/nocjadpy678c/public_html/tryyourwork.com/jattmatrimony/vendor/codeigniter4/framework/system/Format/JSONFormatter.php:41
Stack trace:
#0 /home/nocjadpy678c/public_html/tryyourwork.com/jattmatrimony/vendor/codeigniter4/framework/system/Format/JSONFormatter.php(41): CodeIgniter\Format\Exceptions\FormatException::forInvalidJSON('Malformed UTF-8...')
#1 /home/nocjadpy678c/public_html/tryyourwork.com/jattmatrimony/vendor/codeigniter4/framework/system/API/ResponseTrait.php(341): CodeIgniter\Format\JSONFormatter->format(Array)
#2 /home/nocjadpy678c/public_html/tryyourwork.com/jattmatrimony/vendor/codeigniter4/framework/system/API/ResponseTrait.php(99): CodeIgniter\Debug\Exceptions->format(Array)
#3 /home/nocjadpy678c/public_html/tryyourwork.com/jattmatrimony/vendor/codeigniter4/framework/system/Debug/Exceptions.php(126): CodeIgniter\Debug\Exceptions->respond( in /home/nocjadpy678c/public_html/tryyourwork.com/jattmatrimony/vendor/codeigniter4/framework/system/Format/JSONFormatter.php on line 41
[03-Feb-2022 03:13:32 America/Chicago] PHP Fatal error:  Uncaught CodeIgniter\Format\Exceptions\FormatException: Failed to parse json string, error: "Malformed UTF-8 characters, possibly incorrectly encoded". in /home/nocjadpy678c/public_html/tryyourwork.com/jattmatrimony/vendor/codeigniter4/framework/system/Format/JSONFormatter.php:41
Stack trace:
#0 /home/nocjadpy678c/public_html/tryyourwork.com/jattmatrimony/vendor/codeigniter4/framework/system/Format/JSONFormatter.php(41): CodeIgniter\Format\Exceptions\FormatException::forInvalidJSON('Malformed UTF-8...')
#1 /home/nocjadpy678c/public_html/tryyourwork.com/jattmatrimony/vendor/codeigniter4/framework/system/API/ResponseTrait.php(341): CodeIgniter\Format\JSONFormatter->format(Array)
#2 /home/nocjadpy678c/public_html/tryyourwork.com/jattmatrimony/vendor/codeigniter4/framework/system/API/ResponseTrait.php(99): CodeIgniter\Debug\Exceptions->format(Array)
#3 /home/nocjadpy678c/public_html/tryyourwork.com/jattmatrimony/vendor/codeigniter4/framework/system/Debug/Exceptions.php(126): CodeIgniter\Debug\Exceptions->respond( in /home/nocjadpy678c/public_html/tryyourwork.com/jattmatrimony/vendor/codeigniter4/framework/system/Format/JSONFormatter.php on line 41
[03-Feb-2022 03:13:32 America/Chicago] PHP Fatal error:  Uncaught CodeIgniter\Format\Exceptions\FormatException: Failed to parse json string, error: "Malformed UTF-8 characters, possibly incorrectly encoded". in /home/nocjadpy678c/public_html/tryyourwork.com/jattmatrimony/vendor/codeigniter4/framework/system/Format/JSONFormatter.php:41
Stack trace:
#0 /home/nocjadpy678c/public_html/tryyourwork.com/jattmatrimony/vendor/codeigniter4/framework/system/Format/JSONFormatter.php(41): CodeIgniter\Format\Exceptions\FormatException::forInvalidJSON('Malformed UTF-8...')
#1 /home/nocjadpy678c/public_html/tryyourwork.com/jattmatrimony/vendor/codeigniter4/framework/system/API/ResponseTrait.php(341): CodeIgniter\Format\JSONFormatter->format(Array)
#2 /home/nocjadpy678c/public_html/tryyourwork.com/jattmatrimony/vendor/codeigniter4/framework/system/API/ResponseTrait.php(99): CodeIgniter\Debug\Exceptions->format(Array)
#3 /home/nocjadpy678c/public_html/tryyourwork.com/jattmatrimony/vendor/codeigniter4/framework/system/Debug/Exceptions.php(126): CodeIgniter\Debug\Exceptions->respond( in /home/nocjadpy678c/public_html/tryyourwork.com/jattmatrimony/vendor/codeigniter4/framework/system/Format/JSONFormatter.php on line 41
[03-Feb-2022 03:13:32 America/Chicago] PHP Fatal error:  Uncaught CodeIgniter\Format\Exceptions\FormatException: Failed to parse json string, error: "Malformed UTF-8 characters, possibly incorrectly encoded". in /home/nocjadpy678c/public_html/tryyourwork.com/jattmatrimony/vendor/codeigniter4/framework/system/Format/JSONFormatter.php:41
Stack trace:
#0 /home/nocjadpy678c/public_html/tryyourwork.com/jattmatrimony/vendor/codeigniter4/framework/system/Format/JSONFormatter.php(41): CodeIgniter\Format\Exceptions\FormatException::forInvalidJSON('Malformed UTF-8...')
#1 /home/nocjadpy678c/public_html/tryyourwork.com/jattmatrimony/vendor/codeigniter4/framework/system/API/ResponseTrait.php(341): CodeIgniter\Format\JSONFormatter->format(Array)
#2 /home/nocjadpy678c/public_html/tryyourwork.com/jattmatrimony/vendor/codeigniter4/framework/system/API/ResponseTrait.php(99): CodeIgniter\Debug\Exceptions->format(Array)
#3 /home/nocjadpy678c/public_html/tryyourwork.com/jattmatrimony/vendor/codeigniter4/framework/system/Debug/Exceptions.php(126): CodeIgniter\Debug\Exceptions->respond( in /home/nocjadpy678c/public_html/tryyourwork.com/jattmatrimony/vendor/codeigniter4/framework/system/Format/JSONFormatter.php on line 41
[03-Feb-2022 03:13:34 America/Chicago] PHP Fatal error:  Uncaught CodeIgniter\Format\Exceptions\FormatException: Failed to parse json string, error: "Malformed UTF-8 characters, possibly incorrectly encoded". in /home/nocjadpy678c/public_html/tryyourwork.com/jattmatrimony/vendor/codeigniter4/framework/system/Format/JSONFormatter.php:41
Stack trace:
#0 /home/nocjadpy678c/public_html/tryyourwork.com/jattmatrimony/vendor/codeigniter4/framework/system/Format/JSONFormatter.php(41): CodeIgniter\Format\Exceptions\FormatException::forInvalidJSON('Malformed UTF-8...')
#1 /home/nocjadpy678c/public_html/tryyourwork.com/jattmatrimony/vendor/codeigniter4/framework/system/API/ResponseTrait.php(341): CodeIgniter\Format\JSONFormatter->format(Array)
#2 /home/nocjadpy678c/public_html/tryyourwork.com/jattmatrimony/vendor/codeigniter4/framework/system/API/ResponseTrait.php(99): CodeIgniter\Debug\Exceptions->format(Array)
#3 /home/nocjadpy678c/public_html/tryyourwork.com/jattmatrimony/vendor/codeigniter4/framework/system/Debug/Exceptions.php(126): CodeIgniter\Debug\Exceptions->respond( in /home/nocjadpy678c/public_html/tryyourwork.com/jattmatrimony/vendor/codeigniter4/framework/system/Format/JSONFormatter.php on line 41
[03-Feb-2022 03:13:34 America/Chicago] PHP Fatal error:  Uncaught CodeIgniter\Format\Exceptions\FormatException: Failed to parse json string, error: "Malformed UTF-8 characters, possibly incorrectly encoded". in /home/nocjadpy678c/public_html/tryyourwork.com/jattmatrimony/vendor/codeigniter4/framework/system/Format/JSONFormatter.php:41
Stack trace:
#0 /home/nocjadpy678c/public_html/tryyourwork.com/jattmatrimony/vendor/codeigniter4/framework/system/Format/JSONFormatter.php(41): CodeIgniter\Format\Exceptions\FormatException::forInvalidJSON('Malformed UTF-8...')
#1 /home/nocjadpy678c/public_html/tryyourwork.com/jattmatrimony/vendor/codeigniter4/framework/system/API/ResponseTrait.php(341): CodeIgniter\Format\JSONFormatter->format(Array)
#2 /home/nocjadpy678c/public_html/tryyourwork.com/jattmatrimony/vendor/codeigniter4/framework/system/API/ResponseTrait.php(99): CodeIgniter\Debug\Exceptions->format(Array)
#3 /home/nocjadpy678c/public_html/tryyourwork.com/jattmatrimony/vendor/codeigniter4/framework/system/Debug/Exceptions.php(126): CodeIgniter\Debug\Exceptions->respond( in /home/nocjadpy678c/public_html/tryyourwork.com/jattmatrimony/vendor/codeigniter4/framework/system/Format/JSONFormatter.php on line 41
[03-Feb-2022 03:13:34 America/Chicago] PHP Fatal error:  Uncaught CodeIgniter\Format\Exceptions\FormatException: Failed to parse json string, error: "Malformed UTF-8 characters, possibly incorrectly encoded". in /home/nocjadpy678c/public_html/tryyourwork.com/jattmatrimony/vendor/codeigniter4/framework/system/Format/JSONFormatter.php:41
Stack trace:
#0 /home/nocjadpy678c/public_html/tryyourwork.com/jattmatrimony/vendor/codeigniter4/framework/system/Format/JSONFormatter.php(41): CodeIgniter\Format\Exceptions\FormatException::forInvalidJSON('Malformed UTF-8...')
#1 /home/nocjadpy678c/public_html/tryyourwork.com/jattmatrimony/vendor/codeigniter4/framework/system/API/ResponseTrait.php(341): CodeIgniter\Format\JSONFormatter->format(Array)
#2 /home/nocjadpy678c/public_html/tryyourwork.com/jattmatrimony/vendor/codeigniter4/framework/system/API/ResponseTrait.php(99): CodeIgniter\Debug\Exceptions->format(Array)
#3 /home/nocjadpy678c/public_html/tryyourwork.com/jattmatrimony/vendor/codeigniter4/framework/system/Debug/Exceptions.php(126): CodeIgniter\Debug\Exceptions->respond( in /home/nocjadpy678c/public_html/tryyourwork.com/jattmatrimony/vendor/codeigniter4/framework/system/Format/JSONFormatter.php on line 41
[03-Feb-2022 03:13:36 America/Chicago] PHP Fatal error:  Uncaught CodeIgniter\Format\Exceptions\FormatException: Failed to parse json string, error: "Malformed UTF-8 characters, possibly incorrectly encoded". in /home/nocjadpy678c/public_html/tryyourwork.com/jattmatrimony/vendor/codeigniter4/framework/system/Format/JSONFormatter.php:41
Stack trace:
#0 /home/nocjadpy678c/public_html/tryyourwork.com/jattmatrimony/vendor/codeigniter4/framework/system/Format/JSONFormatter.php(41): CodeIgniter\Format\Exceptions\FormatException::forInvalidJSON('Malformed UTF-8...')
#1 /home/nocjadpy678c/public_html/tryyourwork.com/jattmatrimony/vendor/codeigniter4/framework/system/API/ResponseTrait.php(341): CodeIgniter\Format\JSONFormatter->format(Array)
#2 /home/nocjadpy678c/public_html/tryyourwork.com/jattmatrimony/vendor/codeigniter4/framework/system/API/ResponseTrait.php(99): CodeIgniter\Debug\Exceptions->format(Array)
#3 /home/nocjadpy678c/public_html/tryyourwork.com/jattmatrimony/vendor/codeigniter4/framework/system/Debug/Exceptions.php(126): CodeIgniter\Debug\Exceptions->respond( in /home/nocjadpy678c/public_html/tryyourwork.com/jattmatrimony/vendor/codeigniter4/framework/system/Format/JSONFormatter.php on line 41
[03-Feb-2022 03:13:36 America/Chicago] PHP Fatal error:  Uncaught CodeIgniter\Format\Exceptions\FormatException: Failed to parse json string, error: "Malformed UTF-8 characters, possibly incorrectly encoded". in /home/nocjadpy678c/public_html/tryyourwork.com/jattmatrimony/vendor/codeigniter4/framework/system/Format/JSONFormatter.php:41
Stack trace:
#0 /home/nocjadpy678c/public_html/tryyourwork.com/jattmatrimony/vendor/codeigniter4/framework/system/Format/JSONFormatter.php(41): CodeIgniter\Format\Exceptions\FormatException::forInvalidJSON('Malformed UTF-8...')
#1 /home/nocjadpy678c/public_html/tryyourwork.com/jattmatrimony/vendor/codeigniter4/framework/system/API/ResponseTrait.php(341): CodeIgniter\Format\JSONFormatter->format(Array)
#2 /home/nocjadpy678c/public_html/tryyourwork.com/jattmatrimony/vendor/codeigniter4/framework/system/API/ResponseTrait.php(99): CodeIgniter\Debug\Exceptions->format(Array)
#3 /home/nocjadpy678c/public_html/tryyourwork.com/jattmatrimony/vendor/codeigniter4/framework/system/Debug/Exceptions.php(126): CodeIgniter\Debug\Exceptions->respond( in /home/nocjadpy678c/public_html/tryyourwork.com/jattmatrimony/vendor/codeigniter4/framework/system/Format/JSONFormatter.php on line 41
[03-Feb-2022 03:13:36 America/Chicago] PHP Fatal error:  Uncaught CodeIgniter\Format\Exceptions\FormatException: Failed to parse json string, error: "Malformed UTF-8 characters, possibly incorrectly encoded". in /home/nocjadpy678c/public_html/tryyourwork.com/jattmatrimony/vendor/codeigniter4/framework/system/Format/JSONFormatter.php:41
Stack trace:
#0 /home/nocjadpy678c/public_html/tryyourwork.com/jattmatrimony/vendor/codeigniter4/framework/system/Format/JSONFormatter.php(41): CodeIgniter\Format\Exceptions\FormatException::forInvalidJSON('Malformed UTF-8...')
#1 /home/nocjadpy678c/public_html/tryyourwork.com/jattmatrimony/vendor/codeigniter4/framework/system/API/ResponseTrait.php(341): CodeIgniter\Format\JSONFormatter->format(Array)
#2 /home/nocjadpy678c/public_html/tryyourwork.com/jattmatrimony/vendor/codeigniter4/framework/system/API/ResponseTrait.php(99): CodeIgniter\Debug\Exceptions->format(Array)
#3 /home/nocjadpy678c/public_html/tryyourwork.com/jattmatrimony/vendor/codeigniter4/framework/system/Debug/Exceptions.php(126): CodeIgniter\Debug\Exceptions->respond( in /home/nocjadpy678c/public_html/tryyourwork.com/jattmatrimony/vendor/codeigniter4/framework/system/Format/JSONFormatter.php on line 41
[03-Feb-2022 03:16:34 America/Chicago] PHP Fatal error:  Uncaught CodeIgniter\Format\Exceptions\FormatException: Failed to parse json string, error: "Malformed UTF-8 characters, possibly incorrectly encoded". in /home/nocjadpy678c/public_html/tryyourwork.com/jattmatrimony/vendor/codeigniter4/framework/system/Format/JSONFormatter.php:41
Stack trace:
#0 /home/nocjadpy678c/public_html/tryyourwork.com/jattmatrimony/vendor/codeigniter4/framework/system/Format/JSONFormatter.php(41): CodeIgniter\Format\Exceptions\FormatException::forInvalidJSON('Malformed UTF-8...')
#1 /home/nocjadpy678c/public_html/tryyourwork.com/jattmatrimony/vendor/codeigniter4/framework/system/API/ResponseTrait.php(341): CodeIgniter\Format\JSONFormatter->format(Array)
#2 /home/nocjadpy678c/public_html/tryyourwork.com/jattmatrimony/vendor/codeigniter4/framework/system/API/ResponseTrait.php(99): CodeIgniter\Debug\Exceptions->format(Array)
#3 /home/nocjadpy678c/public_html/tryyourwork.com/jattmatrimony/vendor/codeigniter4/framework/system/Debug/Exceptions.php(126): CodeIgniter\Debug\Exceptions->respond( in /home/nocjadpy678c/public_html/tryyourwork.com/jattmatrimony/vendor/codeigniter4/framework/system/Format/JSONFormatter.php on line 41
[03-Feb-2022 03:16:35 America/Chicago] PHP Fatal error:  Uncaught CodeIgniter\Format\Exceptions\FormatException: Failed to parse json string, error: "Malformed UTF-8 characters, possibly incorrectly encoded". in /home/nocjadpy678c/public_html/tryyourwork.com/jattmatrimony/vendor/codeigniter4/framework/system/Format/JSONFormatter.php:41
Stack trace:
#0 /home/nocjadpy678c/public_html/tryyourwork.com/jattmatrimony/vendor/codeigniter4/framework/system/Format/JSONFormatter.php(41): CodeIgniter\Format\Exceptions\FormatException::forInvalidJSON('Malformed UTF-8...')
#1 /home/nocjadpy678c/public_html/tryyourwork.com/jattmatrimony/vendor/codeigniter4/framework/system/API/ResponseTrait.php(341): CodeIgniter\Format\JSONFormatter->format(Array)
#2 /home/nocjadpy678c/public_html/tryyourwork.com/jattmatrimony/vendor/codeigniter4/framework/system/API/ResponseTrait.php(99): CodeIgniter\Debug\Exceptions->format(Array)
#3 /home/nocjadpy678c/public_html/tryyourwork.com/jattmatrimony/vendor/codeigniter4/framework/system/Debug/Exceptions.php(126): CodeIgniter\Debug\Exceptions->respond( in /home/nocjadpy678c/public_html/tryyourwork.com/jattmatrimony/vendor/codeigniter4/framework/system/Format/JSONFormatter.php on line 41
[03-Feb-2022 03:16:35 America/Chicago] PHP Fatal error:  Uncaught CodeIgniter\Format\Exceptions\FormatException: Failed to parse json string, error: "Malformed UTF-8 characters, possibly incorrectly encoded". in /home/nocjadpy678c/public_html/tryyourwork.com/jattmatrimony/vendor/codeigniter4/framework/system/Format/JSONFormatter.php:41
Stack trace:
#0 /home/nocjadpy678c/public_html/tryyourwork.com/jattmatrimony/vendor/codeigniter4/framework/system/Format/JSONFormatter.php(41): CodeIgniter\Format\Exceptions\FormatException::forInvalidJSON('Malformed UTF-8...')
#1 /home/nocjadpy678c/public_html/tryyourwork.com/jattmatrimony/vendor/codeigniter4/framework/system/API/ResponseTrait.php(341): CodeIgniter\Format\JSONFormatter->format(Array)
#2 /home/nocjadpy678c/public_html/tryyourwork.com/jattmatrimony/vendor/codeigniter4/framework/system/API/ResponseTrait.php(99): CodeIgniter\Debug\Exceptions->format(Array)
#3 /home/nocjadpy678c/public_html/tryyourwork.com/jattmatrimony/vendor/codeigniter4/framework/system/Debug/Exceptions.php(126): CodeIgniter\Debug\Exceptions->respond( in /home/nocjadpy678c/public_html/tryyourwork.com/jattmatrimony/vendor/codeigniter4/framework/system/Format/JSONFormatter.php on line 41
[04-Feb-2022 01:52:55 America/Chicago] PHP Fatal error:  Uncaught CodeIgniter\Format\Exceptions\FormatException: Failed to parse json string, error: "Malformed UTF-8 characters, possibly incorrectly encoded". in /home/nocjadpy678c/public_html/tryyourwork.com/jattmatrimony/vendor/codeigniter4/framework/system/Format/JSONFormatter.php:41
Stack trace:
#0 /home/nocjadpy678c/public_html/tryyourwork.com/jattmatrimony/vendor/codeigniter4/framework/system/Format/JSONFormatter.php(41): CodeIgniter\Format\Exceptions\FormatException::forInvalidJSON('Malformed UTF-8...')
#1 /home/nocjadpy678c/public_html/tryyourwork.com/jattmatrimony/vendor/codeigniter4/framework/system/API/ResponseTrait.php(341): CodeIgniter\Format\JSONFormatter->format(Array)
#2 /home/nocjadpy678c/public_html/tryyourwork.com/jattmatrimony/vendor/codeigniter4/framework/system/API/ResponseTrait.php(99): CodeIgniter\Debug\Exceptions->format(Array)
#3 /home/nocjadpy678c/public_html/tryyourwork.com/jattmatrimony/vendor/codeigniter4/framework/system/Debug/Exceptions.php(126): CodeIgniter\Debug\Exceptions->respond( in /home/nocjadpy678c/public_html/tryyourwork.com/jattmatrimony/vendor/codeigniter4/framework/system/Format/JSONFormatter.php on line 41
[04-Feb-2022 01:53:01 America/Chicago] PHP Fatal error:  Uncaught CodeIgniter\Format\Exceptions\FormatException: Failed to parse json string, error: "Malformed UTF-8 characters, possibly incorrectly encoded". in /home/nocjadpy678c/public_html/tryyourwork.com/jattmatrimony/vendor/codeigniter4/framework/system/Format/JSONFormatter.php:41
Stack trace:
#0 /home/nocjadpy678c/public_html/tryyourwork.com/jattmatrimony/vendor/codeigniter4/framework/system/Format/JSONFormatter.php(41): CodeIgniter\Format\Exceptions\FormatException::forInvalidJSON('Malformed UTF-8...')
#1 /home/nocjadpy678c/public_html/tryyourwork.com/jattmatrimony/vendor/codeigniter4/framework/system/API/ResponseTrait.php(341): CodeIgniter\Format\JSONFormatter->format(Array)
#2 /home/nocjadpy678c/public_html/tryyourwork.com/jattmatrimony/vendor/codeigniter4/framework/system/API/ResponseTrait.php(99): CodeIgniter\Debug\Exceptions->format(Array)
#3 /home/nocjadpy678c/public_html/tryyourwork.com/jattmatrimony/vendor/codeigniter4/framework/system/Debug/Exceptions.php(126): CodeIgniter\Debug\Exceptions->respond( in /home/nocjadpy678c/public_html/tryyourwork.com/jattmatrimony/vendor/codeigniter4/framework/system/Format/JSONFormatter.php on line 41
[07-Feb-2022 06:31:11 America/Chicago] PHP Fatal error:  Cannot use isset() on the result of an expression (you can use "null !== expression" instead) in /home/nocjadpy678c/public_html/tryyourwork.com/jattmatrimony/app/Controllers/UserSetting.php on line 68
[09-Feb-2022 03:15:10 America/Chicago] PHP Fatal error:  Cannot use isset() on the result of an expression (you can use "null !== expression" instead) in /home/nocjadpy678c/public_html/tryyourwork.com/jattmatrimony/app/Controllers/UserSetting.php on line 45
[09-Feb-2022 03:16:30 America/Chicago] PHP Fatal error:  Cannot use isset() on the result of an expression (you can use "null !== expression" instead) in /home/nocjadpy678c/public_html/tryyourwork.com/jattmatrimony/app/Controllers/UserSetting.php on line 45
[09-Feb-2022 03:19:09 America/Chicago] PHP Fatal error:  Cannot use isset() on the result of an expression (you can use "null !== expression" instead) in /home/nocjadpy678c/public_html/tryyourwork.com/jattmatrimony/app/Controllers/UserSetting.php on line 45
[09-Feb-2022 03:25:25 America/Chicago] PHP Fatal error:  Cannot use isset() on the result of an expression (you can use "null !== expression" instead) in /home/nocjadpy678c/public_html/tryyourwork.com/jattmatrimony/app/Controllers/UserSetting.php on line 45
[09-Feb-2022 03:25:55 America/Chicago] PHP Fatal error:  Cannot use isset() on the result of an expression (you can use "null !== expression" instead) in /home/nocjadpy678c/public_html/tryyourwork.com/jattmatrimony/app/Controllers/UserSetting.php on line 45
[09-Feb-2022 03:27:07 America/Chicago] PHP Fatal error:  Cannot use isset() on the result of an expression (you can use "null !== expression" instead) in /home/nocjadpy678c/public_html/tryyourwork.com/jattmatrimony/app/Controllers/UserSetting.php on line 45
[10-Feb-2022 23:17:28 America/Chicago] PHP Fatal error:  Uncaught CodeIgniter\Format\Exceptions\FormatException: Failed to parse json string, error: "Malformed UTF-8 characters, possibly incorrectly encoded". in /home/nocjadpy678c/public_html/tryyourwork.com/jattmatrimony/vendor/codeigniter4/framework/system/Format/JSONFormatter.php:41
Stack trace:
#0 /home/nocjadpy678c/public_html/tryyourwork.com/jattmatrimony/vendor/codeigniter4/framework/system/Format/JSONFormatter.php(41): CodeIgniter\Format\Exceptions\FormatException::forInvalidJSON('Malformed UTF-8...')
#1 /home/nocjadpy678c/public_html/tryyourwork.com/jattmatrimony/vendor/codeigniter4/framework/system/API/ResponseTrait.php(341): CodeIgniter\Format\JSONFormatter->format(Array)
#2 /home/nocjadpy678c/public_html/tryyourwork.com/jattmatrimony/vendor/codeigniter4/framework/system/API/ResponseTrait.php(99): CodeIgniter\Debug\Exceptions->format(Array)
#3 /home/nocjadpy678c/public_html/tryyourwork.com/jattmatrimony/vendor/codeigniter4/framework/system/Debug/Exceptions.php(126): CodeIgniter\Debug\Exceptions->respond( in /home/nocjadpy678c/public_html/tryyourwork.com/jattmatrimony/vendor/codeigniter4/framework/system/Format/JSONFormatter.php on line 41
[15-Mar-2022 01:26:37 America/Chicago] PHP Warning:  Uncaught ErrorException: require_once(/home/nocjadpy678c/public_html/tryyourwork.com/projects/app/App/Libraries/vendor/autoload.php): failed to open stream: No such file or directory in /home/nocjadpy678c/public_html/tryyourwork.com/projects/app/Controllers/Home.php:161
Stack trace:
#0 /home/nocjadpy678c/public_html/tryyourwork.com/projects/app/Controllers/Home.php(161): CodeIgniter\Debug\Exceptions->errorHandler(2, 'require_once(/h...', '/home/nocjadpy6...', 161, Array)
#1 /home/nocjadpy678c/public_html/tryyourwork.com/projects/app/Controllers/Home.php(161): require_once()
#2 /home/nocjadpy678c/public_html/tryyourwork.com/projects/vendor/codeigniter4/framework/system/CodeIgniter.php(824): App\Controllers\Home->index()
#3 /home/nocjadpy678c/public_html/tryyourwork.com/projects/vendor/codeigniter4/framework/system/CodeIgniter.php(410): CodeIgniter\CodeIgniter->runController(Object(App\Controllers\Home))
#4 /home/nocjadpy678c/public_html/tryyourwork.com/projects/vendor/codeigniter4/framework/system/CodeIgniter. in /home/nocjadpy678c/public_html/tryyourwork.com/projects/app/Controllers/Home.php on line 161
[15-Mar-2022 01:26:37 America/Chicago] PHP Fatal error:  App\Controllers\Home::index(): Failed opening required '/home/nocjadpy678c/public_html/tryyourwork.com/projects/app/App/Libraries/vendor/autoload.php' (include_path='.:/opt/alt/php74/usr/share/pear') in /home/nocjadpy678c/public_html/tryyourwork.com/projects/app/Controllers/Home.php on line 161
[17-Mar-2022 06:58:53 America/Chicago] PHP Warning:  Uncaught ErrorException: require_once(/home/nocjadpy678c/public_html/tryyourwork.com/docladder/app/App/Libraries/vendor/autoload.php): failed to open stream: No such file or directory in /home/nocjadpy678c/public_html/tryyourwork.com/docladder/app/Controllers/Home.php:159
Stack trace:
#0 /home/nocjadpy678c/public_html/tryyourwork.com/docladder/app/Controllers/Home.php(159): CodeIgniter\Debug\Exceptions->errorHandler(2, 'require_once(/h...', '/home/nocjadpy6...', 159, Array)
#1 /home/nocjadpy678c/public_html/tryyourwork.com/docladder/app/Controllers/Home.php(159): require_once()
#2 /home/nocjadpy678c/public_html/tryyourwork.com/docladder/vendor/codeigniter4/framework/system/CodeIgniter.php(824): App\Controllers\Home->index()
#3 /home/nocjadpy678c/public_html/tryyourwork.com/docladder/vendor/codeigniter4/framework/system/CodeIgniter.php(410): CodeIgniter\CodeIgniter->runController(Object(App\Controllers\Home))
#4 /home/nocjadpy678c/public_html/tryyourwork.com/docladder/vendor/codeigniter4/framework/system/CodeI in /home/nocjadpy678c/public_html/tryyourwork.com/docladder/app/Controllers/Home.php on line 159
[17-Mar-2022 06:58:53 America/Chicago] PHP Fatal error:  App\Controllers\Home::index(): Failed opening required '/home/nocjadpy678c/public_html/tryyourwork.com/docladder/app/App/Libraries/vendor/autoload.php' (include_path='.:/opt/alt/php74/usr/share/pear') in /home/nocjadpy678c/public_html/tryyourwork.com/docladder/app/Controllers/Home.php on line 159
[17-Mar-2022 06:59:17 America/Chicago] PHP Warning:  Uncaught ErrorException: require_once(/home/nocjadpy678c/public_html/tryyourwork.com/docladder/app/App/Libraries/vendor/autoload.php): failed to open stream: No such file or directory in /home/nocjadpy678c/public_html/tryyourwork.com/docladder/app/Controllers/Home.php:159
Stack trace:
#0 /home/nocjadpy678c/public_html/tryyourwork.com/docladder/app/Controllers/Home.php(159): CodeIgniter\Debug\Exceptions->errorHandler(2, 'require_once(/h...', '/home/nocjadpy6...', 159, Array)
#1 /home/nocjadpy678c/public_html/tryyourwork.com/docladder/app/Controllers/Home.php(159): require_once()
#2 /home/nocjadpy678c/public_html/tryyourwork.com/docladder/vendor/codeigniter4/framework/system/CodeIgniter.php(824): App\Controllers\Home->index()
#3 /home/nocjadpy678c/public_html/tryyourwork.com/docladder/vendor/codeigniter4/framework/system/CodeIgniter.php(410): CodeIgniter\CodeIgniter->runController(Object(App\Controllers\Home))
#4 /home/nocjadpy678c/public_html/tryyourwork.com/docladder/vendor/codeigniter4/framework/system/CodeI in /home/nocjadpy678c/public_html/tryyourwork.com/docladder/app/Controllers/Home.php on line 159
[17-Mar-2022 06:59:17 America/Chicago] PHP Fatal error:  App\Controllers\Home::index(): Failed opening required '/home/nocjadpy678c/public_html/tryyourwork.com/docladder/app/App/Libraries/vendor/autoload.php' (include_path='.:/opt/alt/php74/usr/share/pear') in /home/nocjadpy678c/public_html/tryyourwork.com/docladder/app/Controllers/Home.php on line 159
[17-Mar-2022 07:21:03 America/Chicago] PHP Warning:  Uncaught ErrorException: require_once(/home/nocjadpy678c/public_html/tryyourwork.com/docladder/app/Libraries\vendor\facebook\graph-sdk\src\Facebook\autoload.php): failed to open stream: No such file or directory in /home/nocjadpy678c/public_html/tryyourwork.com/docladder/app/Controllers/Login.php:13
Stack trace:
#0 /home/nocjadpy678c/public_html/tryyourwork.com/docladder/app/Controllers/Login.php(13): CodeIgniter\Debug\Exceptions->errorHandler(2, 'require_once(/h...', '/home/nocjadpy6...', 13, Array)
#1 /home/nocjadpy678c/public_html/tryyourwork.com/docladder/app/Controllers/Login.php(13): require_once()
#2 /home/nocjadpy678c/public_html/tryyourwork.com/docladder/vendor/codeigniter4/framework/system/CodeIgniter.php(824): App\Controllers\Login->facebook()
#3 /home/nocjadpy678c/public_html/tryyourwork.com/docladder/vendor/codeigniter4/framework/system/CodeIgniter.php(410): CodeIgniter\CodeIgniter->runController(Object(App\Controllers\Login))
#4 /home/nocjadpy678c/public_html/tryyourwork.com/docladder/vendor/cod in /home/nocjadpy678c/public_html/tryyourwork.com/docladder/app/Controllers/Login.php on line 13
[17-Mar-2022 07:21:03 America/Chicago] PHP Fatal error:  App\Controllers\Login::facebook(): Failed opening required '/home/nocjadpy678c/public_html/tryyourwork.com/docladder/app/Libraries\vendor\facebook\graph-sdk\src\Facebook\autoload.php' (include_path='.:/opt/alt/php74/usr/share/pear') in /home/nocjadpy678c/public_html/tryyourwork.com/docladder/app/Controllers/Login.php on line 13
[19-Mar-2022 07:37:27 America/Chicago] PHP Fatal error:  Cannot use isset() on the result of an expression (you can use "null !== expression" instead) in /home/nocjadpy678c/public_html/tryyourwork.com/docladder/app/Controllers/Login.php on line 23
[21-Mar-2022 06:54:49 America/Chicago] PHP Warning:  Uncaught ErrorException: require_once(/home/nocjadpy678c/public_html/tryyourwork.com/docladder/app/Libraries/vendor/cosenary/instagram/src/Instagram.php): failed to open stream: No such file or directory in /home/nocjadpy678c/public_html/tryyourwork.com/docladder/app/Controllers/Login.php:75
Stack trace:
#0 /home/nocjadpy678c/public_html/tryyourwork.com/docladder/app/Controllers/Login.php(75): CodeIgniter\Debug\Exceptions->errorHandler(2, 'require_once(/h...', '/home/nocjadpy6...', 75, Array)
#1 /home/nocjadpy678c/public_html/tryyourwork.com/docladder/app/Controllers/Login.php(75): require_once()
#2 /home/nocjadpy678c/public_html/tryyourwork.com/docladder/vendor/codeigniter4/framework/system/CodeIgniter.php(824): App\Controllers\Login->instagram()
#3 /home/nocjadpy678c/public_html/tryyourwork.com/docladder/vendor/codeigniter4/framework/system/CodeIgniter.php(410): CodeIgniter\CodeIgniter->runController(Object(App\Controllers\Login))
#4 /home/nocjadpy678c/public_html/tryyourwork.com/docladder/vendor/codeignite in /home/nocjadpy678c/public_html/tryyourwork.com/docladder/app/Controllers/Login.php on line 75
[21-Mar-2022 06:54:49 America/Chicago] PHP Fatal error:  App\Controllers\Login::instagram(): Failed opening required '/home/nocjadpy678c/public_html/tryyourwork.com/docladder/app/Libraries/vendor/cosenary/instagram/src/Instagram.php' (include_path='.:/opt/alt/php74/usr/share/pear') in /home/nocjadpy678c/public_html/tryyourwork.com/docladder/app/Controllers/Login.php on line 75
[21-Mar-2022 06:58:23 America/Chicago] PHP Warning:  Uncaught ErrorException: require_once(/home/nocjadpy678c/public_html/tryyourwork.com/docladder/app/Libraries/vendor/app/Libraries/vendor/cosenary/instagram/src/Instagram.php): failed to open stream: No such file or directory in /home/nocjadpy678c/public_html/tryyourwork.com/docladder/app/Controllers/Login.php:75
Stack trace:
#0 /home/nocjadpy678c/public_html/tryyourwork.com/docladder/app/Controllers/Login.php(75): CodeIgniter\Debug\Exceptions->errorHandler(2, 'require_once(/h...', '/home/nocjadpy6...', 75, Array)
#1 /home/nocjadpy678c/public_html/tryyourwork.com/docladder/app/Controllers/Login.php(75): require_once()
#2 /home/nocjadpy678c/public_html/tryyourwork.com/docladder/vendor/codeigniter4/framework/system/CodeIgniter.php(824): App\Controllers\Login->instagram()
#3 /home/nocjadpy678c/public_html/tryyourwork.com/docladder/vendor/codeigniter4/framework/system/CodeIgniter.php(410): CodeIgniter\CodeIgniter->runController(Object(App\Controllers\Login))
#4 /home/nocjadpy678c/public_html/tryyourwork.com/doclad in /home/nocjadpy678c/public_html/tryyourwork.com/docladder/app/Controllers/Login.php on line 75
[21-Mar-2022 06:58:23 America/Chicago] PHP Fatal error:  App\Controllers\Login::instagram(): Failed opening required '/home/nocjadpy678c/public_html/tryyourwork.com/docladder/app/Libraries/vendor/app/Libraries/vendor/cosenary/instagram/src/Instagram.php' (include_path='.:/opt/alt/php74/usr/share/pear') in /home/nocjadpy678c/public_html/tryyourwork.com/docladder/app/Controllers/Login.php on line 75
[21-Mar-2022 06:59:50 America/Chicago] PHP Warning:  Uncaught ErrorException: require_once(/home/nocjadpy678c/public_html/tryyourwork.com/docladder/app/Libraries/vendor/app/Libraries/vendor/cosenary/instagram/src/Instagram.php): failed to open stream: No such file or directory in /home/nocjadpy678c/public_html/tryyourwork.com/docladder/app/Controllers/Login.php:75
Stack trace:
#0 /home/nocjadpy678c/public_html/tryyourwork.com/docladder/app/Controllers/Login.php(75): CodeIgniter\Debug\Exceptions->errorHandler(2, 'require_once(/h...', '/home/nocjadpy6...', 75, Array)
#1 /home/nocjadpy678c/public_html/tryyourwork.com/docladder/app/Controllers/Login.php(75): require_once()
#2 /home/nocjadpy678c/public_html/tryyourwork.com/docladder/vendor/codeigniter4/framework/system/CodeIgniter.php(824): App\Controllers\Login->instagram()
#3 /home/nocjadpy678c/public_html/tryyourwork.com/docladder/vendor/codeigniter4/framework/system/CodeIgniter.php(410): CodeIgniter\CodeIgniter->runController(Object(App\Controllers\Login))
#4 /home/nocjadpy678c/public_html/tryyourwork.com/doclad in /home/nocjadpy678c/public_html/tryyourwork.com/docladder/app/Controllers/Login.php on line 75
[21-Mar-2022 06:59:50 America/Chicago] PHP Fatal error:  App\Controllers\Login::instagram(): Failed opening required '/home/nocjadpy678c/public_html/tryyourwork.com/docladder/app/Libraries/vendor/app/Libraries/vendor/cosenary/instagram/src/Instagram.php' (include_path='.:/opt/alt/php74/usr/share/pear') in /home/nocjadpy678c/public_html/tryyourwork.com/docladder/app/Controllers/Login.php on line 75
[21-Mar-2022 07:00:13 America/Chicago] PHP Warning:  Uncaught ErrorException: require_once(/home/nocjadpy678c/public_html/tryyourwork.com/docladder/app/Libraries/vendor/cosenary/instagram/src/Instagram.php): failed to open stream: No such file or directory in /home/nocjadpy678c/public_html/tryyourwork.com/docladder/app/Controllers/Login.php:75
Stack trace:
#0 /home/nocjadpy678c/public_html/tryyourwork.com/docladder/app/Controllers/Login.php(75): CodeIgniter\Debug\Exceptions->errorHandler(2, 'require_once(/h...', '/home/nocjadpy6...', 75, Array)
#1 /home/nocjadpy678c/public_html/tryyourwork.com/docladder/app/Controllers/Login.php(75): require_once()
#2 /home/nocjadpy678c/public_html/tryyourwork.com/docladder/vendor/codeigniter4/framework/system/CodeIgniter.php(824): App\Controllers\Login->instagram()
#3 /home/nocjadpy678c/public_html/tryyourwork.com/docladder/vendor/codeigniter4/framework/system/CodeIgniter.php(410): CodeIgniter\CodeIgniter->runController(Object(App\Controllers\Login))
#4 /home/nocjadpy678c/public_html/tryyourwork.com/docladder/vendor/codeignite in /home/nocjadpy678c/public_html/tryyourwork.com/docladder/app/Controllers/Login.php on line 75
[21-Mar-2022 07:00:13 America/Chicago] PHP Fatal error:  App\Controllers\Login::instagram(): Failed opening required '/home/nocjadpy678c/public_html/tryyourwork.com/docladder/app/Libraries/vendor/cosenary/instagram/src/Instagram.php' (include_path='.:/opt/alt/php74/usr/share/pear') in /home/nocjadpy678c/public_html/tryyourwork.com/docladder/app/Controllers/Login.php on line 75
[21-Mar-2022 07:01:40 America/Chicago] PHP Warning:  Uncaught ErrorException: require_once(/home/nocjadpy678c/public_html/tryyourwork.com/docladder/app/Libraries/vendor/cosenary/instagram/src/instagram.php): failed to open stream: No such file or directory in /home/nocjadpy678c/public_html/tryyourwork.com/docladder/app/Controllers/Login.php:75
Stack trace:
#0 /home/nocjadpy678c/public_html/tryyourwork.com/docladder/app/Controllers/Login.php(75): CodeIgniter\Debug\Exceptions->errorHandler(2, 'require_once(/h...', '/home/nocjadpy6...', 75, Array)
#1 /home/nocjadpy678c/public_html/tryyourwork.com/docladder/app/Controllers/Login.php(75): require_once()
#2 /home/nocjadpy678c/public_html/tryyourwork.com/docladder/vendor/codeigniter4/framework/system/CodeIgniter.php(824): App\Controllers\Login->instagram()
#3 /home/nocjadpy678c/public_html/tryyourwork.com/docladder/vendor/codeigniter4/framework/system/CodeIgniter.php(410): CodeIgniter\CodeIgniter->runController(Object(App\Controllers\Login))
#4 /home/nocjadpy678c/public_html/tryyourwork.com/docladder/vendor/codeignite in /home/nocjadpy678c/public_html/tryyourwork.com/docladder/app/Controllers/Login.php on line 75
[21-Mar-2022 07:01:40 America/Chicago] PHP Fatal error:  App\Controllers\Login::instagram(): Failed opening required '/home/nocjadpy678c/public_html/tryyourwork.com/docladder/app/Libraries/vendor/cosenary/instagram/src/instagram.php' (include_path='.:/opt/alt/php74/usr/share/pear') in /home/nocjadpy678c/public_html/tryyourwork.com/docladder/app/Controllers/Login.php on line 75
[21-Mar-2022 07:02:54 America/Chicago] PHP Warning:  Uncaught ErrorException: require_once(/home/nocjadpy678c/public_html/tryyourwork.com/docladder/app/Libraries/vendor/cosenary/instagram/src/Instagram.php): failed to open stream: No such file or directory in /home/nocjadpy678c/public_html/tryyourwork.com/docladder/app/Controllers/Login.php:75
Stack trace:
#0 /home/nocjadpy678c/public_html/tryyourwork.com/docladder/app/Controllers/Login.php(75): CodeIgniter\Debug\Exceptions->errorHandler(2, 'require_once(/h...', '/home/nocjadpy6...', 75, Array)
#1 /home/nocjadpy678c/public_html/tryyourwork.com/docladder/app/Controllers/Login.php(75): require_once()
#2 /home/nocjadpy678c/public_html/tryyourwork.com/docladder/vendor/codeigniter4/framework/system/CodeIgniter.php(824): App\Controllers\Login->instagram()
#3 /home/nocjadpy678c/public_html/tryyourwork.com/docladder/vendor/codeigniter4/framework/system/CodeIgniter.php(410): CodeIgniter\CodeIgniter->runController(Object(App\Controllers\Login))
#4 /home/nocjadpy678c/public_html/tryyourwork.com/docladder/vendor/codeignite in /home/nocjadpy678c/public_html/tryyourwork.com/docladder/app/Controllers/Login.php on line 75
[21-Mar-2022 07:02:54 America/Chicago] PHP Fatal error:  App\Controllers\Login::instagram(): Failed opening required '/home/nocjadpy678c/public_html/tryyourwork.com/docladder/app/Libraries/vendor/cosenary/instagram/src/Instagram.php' (include_path='.:/opt/alt/php74/usr/share/pear') in /home/nocjadpy678c/public_html/tryyourwork.com/docladder/app/Controllers/Login.php on line 75
[21-Mar-2022 07:04:28 America/Chicago] PHP Warning:  Uncaught ErrorException: require_once(/home/nocjadpy678c/public_html/tryyourwork.com/docladder/app/Libraries/vendor/cosenary/instagram/src/Instagram.php): failed to open stream: No such file or directory in /home/nocjadpy678c/public_html/tryyourwork.com/docladder/app/Controllers/Login.php:75
Stack trace:
#0 /home/nocjadpy678c/public_html/tryyourwork.com/docladder/app/Controllers/Login.php(75): CodeIgniter\Debug\Exceptions->errorHandler(2, 'require_once(/h...', '/home/nocjadpy6...', 75, Array)
#1 /home/nocjadpy678c/public_html/tryyourwork.com/docladder/app/Controllers/Login.php(75): require_once()
#2 /home/nocjadpy678c/public_html/tryyourwork.com/docladder/vendor/codeigniter4/framework/system/CodeIgniter.php(824): App\Controllers\Login->instagram()
#3 /home/nocjadpy678c/public_html/tryyourwork.com/docladder/vendor/codeigniter4/framework/system/CodeIgniter.php(410): CodeIgniter\CodeIgniter->runController(Object(App\Controllers\Login))
#4 /home/nocjadpy678c/public_html/tryyourwork.com/docladder/vendor/codeignite in /home/nocjadpy678c/public_html/tryyourwork.com/docladder/app/Controllers/Login.php on line 75
[21-Mar-2022 07:04:28 America/Chicago] PHP Fatal error:  App\Controllers\Login::instagram(): Failed opening required '/home/nocjadpy678c/public_html/tryyourwork.com/docladder/app/Libraries/vendor/cosenary/instagram/src/Instagram.php' (include_path='.:/opt/alt/php74/usr/share/pear') in /home/nocjadpy678c/public_html/tryyourwork.com/docladder/app/Controllers/Login.php on line 75
[21-Mar-2022 07:05:00 America/Chicago] PHP Warning:  Uncaught ErrorException: require_once(/home/nocjadpy678c/public_html/tryyourwork.com/docladder/app/Libraries/vendor/cosenary/instagram/src/Instagram.php): failed to open stream: No such file or directory in /home/nocjadpy678c/public_html/tryyourwork.com/docladder/app/Controllers/Login.php:75
Stack trace:
#0 /home/nocjadpy678c/public_html/tryyourwork.com/docladder/app/Controllers/Login.php(75): CodeIgniter\Debug\Exceptions->errorHandler(2, 'require_once(/h...', '/home/nocjadpy6...', 75, Array)
#1 /home/nocjadpy678c/public_html/tryyourwork.com/docladder/app/Controllers/Login.php(75): require_once()
#2 /home/nocjadpy678c/public_html/tryyourwork.com/docladder/vendor/codeigniter4/framework/system/CodeIgniter.php(824): App\Controllers\Login->instagram()
#3 /home/nocjadpy678c/public_html/tryyourwork.com/docladder/vendor/codeigniter4/framework/system/CodeIgniter.php(410): CodeIgniter\CodeIgniter->runController(Object(App\Controllers\Login))
#4 /home/nocjadpy678c/public_html/tryyourwork.com/docladder/vendor/codeignite in /home/nocjadpy678c/public_html/tryyourwork.com/docladder/app/Controllers/Login.php on line 75
[21-Mar-2022 07:05:00 America/Chicago] PHP Fatal error:  App\Controllers\Login::instagram(): Failed opening required '/home/nocjadpy678c/public_html/tryyourwork.com/docladder/app/Libraries/vendor/cosenary/instagram/src/Instagram.php' (include_path='.:/opt/alt/php74/usr/share/pear') in /home/nocjadpy678c/public_html/tryyourwork.com/docladder/app/Controllers/Login.php on line 75
[21-Mar-2022 07:05:33 America/Chicago] PHP Warning:  Uncaught ErrorException: require_once(): https:// wrapper is disabled in the server configuration by allow_url_include=0 in /home/nocjadpy678c/public_html/tryyourwork.com/docladder/app/Controllers/Login.php:75
Stack trace:
#0 /home/nocjadpy678c/public_html/tryyourwork.com/docladder/app/Controllers/Login.php(75): CodeIgniter\Debug\Exceptions->errorHandler(2, 'require_once():...', '/home/nocjadpy6...', 75, Array)
#1 /home/nocjadpy678c/public_html/tryyourwork.com/docladder/app/Controllers/Login.php(75): require_once()
#2 /home/nocjadpy678c/public_html/tryyourwork.com/docladder/vendor/codeigniter4/framework/system/CodeIgniter.php(824): App\Controllers\Login->instagram()
#3 /home/nocjadpy678c/public_html/tryyourwork.com/docladder/vendor/codeigniter4/framework/system/CodeIgniter.php(410): CodeIgniter\CodeIgniter->runController(Object(App\Controllers\Login))
#4 /home/nocjadpy678c/public_html/tryyourwork.com/docladder/vendor/codeigniter4/framework/system/CodeIgniter.php(318): CodeIgniter\CodeIgniter->handleRequest(NU in /home/nocjadpy678c/public_html/tryyourwork.com/docladder/app/Controllers/Login.php on line 75
[21-Mar-2022 07:05:33 America/Chicago] PHP Fatal error:  App\Controllers\Login::instagram(): Failed opening required 'https://tryyourwork.com/docladdeLibraries/vendor/cosenary/instagram/src/Instagram.php' (include_path='.:/opt/alt/php74/usr/share/pear') in /home/nocjadpy678c/public_html/tryyourwork.com/docladder/app/Controllers/Login.php on line 75
[21-Mar-2022 07:05:57 America/Chicago] PHP Warning:  Uncaught ErrorException: require_once(): https:// wrapper is disabled in the server configuration by allow_url_include=0 in /home/nocjadpy678c/public_html/tryyourwork.com/docladder/app/Controllers/Login.php:75
Stack trace:
#0 /home/nocjadpy678c/public_html/tryyourwork.com/docladder/app/Controllers/Login.php(75): CodeIgniter\Debug\Exceptions->errorHandler(2, 'require_once():...', '/home/nocjadpy6...', 75, Array)
#1 /home/nocjadpy678c/public_html/tryyourwork.com/docladder/app/Controllers/Login.php(75): require_once()
#2 /home/nocjadpy678c/public_html/tryyourwork.com/docladder/vendor/codeigniter4/framework/system/CodeIgniter.php(824): App\Controllers\Login->instagram()
#3 /home/nocjadpy678c/public_html/tryyourwork.com/docladder/vendor/codeigniter4/framework/system/CodeIgniter.php(410): CodeIgniter\CodeIgniter->runController(Object(App\Controllers\Login))
#4 /home/nocjadpy678c/public_html/tryyourwork.com/docladder/vendor/codeigniter4/framework/system/CodeIgniter.php(318): CodeIgniter\CodeIgniter->handleRequest(NU in /home/nocjadpy678c/public_html/tryyourwork.com/docladder/app/Controllers/Login.php on line 75
[21-Mar-2022 07:05:57 America/Chicago] PHP Fatal error:  App\Controllers\Login::instagram(): Failed opening required 'https://tryyourwork.com/docladde/Libraries/vendor/cosenary/instagram/src/Instagram.php' (include_path='.:/opt/alt/php74/usr/share/pear') in /home/nocjadpy678c/public_html/tryyourwork.com/docladder/app/Controllers/Login.php on line 75
[21-Mar-2022 07:07:02 America/Chicago] PHP Warning:  Uncaught ErrorException: require_once(): https:// wrapper is disabled in the server configuration by allow_url_include=0 in /home/nocjadpy678c/public_html/tryyourwork.com/docladder/app/Controllers/Login.php:75
Stack trace:
#0 /home/nocjadpy678c/public_html/tryyourwork.com/docladder/app/Controllers/Login.php(75): CodeIgniter\Debug\Exceptions->errorHandler(2, 'require_once():...', '/home/nocjadpy6...', 75, Array)
#1 /home/nocjadpy678c/public_html/tryyourwork.com/docladder/app/Controllers/Login.php(75): require_once()
#2 /home/nocjadpy678c/public_html/tryyourwork.com/docladder/vendor/codeigniter4/framework/system/CodeIgniter.php(824): App\Controllers\Login->instagram()
#3 /home/nocjadpy678c/public_html/tryyourwork.com/docladder/vendor/codeigniter4/framework/system/CodeIgniter.php(410): CodeIgniter\CodeIgniter->runController(Object(App\Controllers\Login))
#4 /home/nocjadpy678c/public_html/tryyourwork.com/docladder/vendor/codeigniter4/framework/system/CodeIgniter.php(318): CodeIgniter\CodeIgniter->handleRequest(NU in /home/nocjadpy678c/public_html/tryyourwork.com/docladder/app/Controllers/Login.php on line 75
[21-Mar-2022 07:07:02 America/Chicago] PHP Fatal error:  App\Controllers\Login::instagram(): Failed opening required 'https://tryyourwork.com/docladde/Libraries/vendor/cosenary/instagram/src/Instagram.php' (include_path='.:/opt/alt/php74/usr/share/pear') in /home/nocjadpy678c/public_html/tryyourwork.com/docladder/app/Controllers/Login.php on line 75
[21-Mar-2022 07:08:50 America/Chicago] PHP Warning:  Uncaught ErrorException: require_once(/home/nocjadpy678c/public_html/tryyourwork.com/docladder/app//Libraries/vendor/cosenary/instagram/src/Instagram.php): failed to open stream: No such file or directory in /home/nocjadpy678c/public_html/tryyourwork.com/docladder/app/Controllers/Login.php:75
Stack trace:
#0 /home/nocjadpy678c/public_html/tryyourwork.com/docladder/app/Controllers/Login.php(75): CodeIgniter\Debug\Exceptions->errorHandler(2, 'require_once(/h...', '/home/nocjadpy6...', 75, Array)
#1 /home/nocjadpy678c/public_html/tryyourwork.com/docladder/app/Controllers/Login.php(75): require_once()
#2 /home/nocjadpy678c/public_html/tryyourwork.com/docladder/vendor/codeigniter4/framework/system/CodeIgniter.php(824): App\Controllers\Login->instagram()
#3 /home/nocjadpy678c/public_html/tryyourwork.com/docladder/vendor/codeigniter4/framework/system/CodeIgniter.php(410): CodeIgniter\CodeIgniter->runController(Object(App\Controllers\Login))
#4 /home/nocjadpy678c/public_html/tryyourwork.com/docladder/vendor/codeignit in /home/nocjadpy678c/public_html/tryyourwork.com/docladder/app/Controllers/Login.php on line 75
[21-Mar-2022 07:08:50 America/Chicago] PHP Fatal error:  App\Controllers\Login::instagram(): Failed opening required '/home/nocjadpy678c/public_html/tryyourwork.com/docladder/app//Libraries/vendor/cosenary/instagram/src/Instagram.php' (include_path='.:/opt/alt/php74/usr/share/pear') in /home/nocjadpy678c/public_html/tryyourwork.com/docladder/app/Controllers/Login.php on line 75
[21-Mar-2022 07:32:12 America/Chicago] PHP Fatal error:  Cannot declare class MetzWeb\Instagram\Instagram, because the name is already in use in /home/nocjadpy678c/public_html/tryyourwork.com/docladder/app/Libraries/vendor/cosenary/instagram/Instagram.php on line 17
[21-Mar-2022 07:33:16 America/Chicago] PHP Fatal error:  Cannot declare class MetzWeb\Instagram\Instagram, because the name is already in use in /home/nocjadpy678c/public_html/tryyourwork.com/docladder/app/Libraries/vendor/cosenary/instagram/Instagram.php on line 17
[21-Mar-2022 07:42:50 America/Chicago] PHP Fatal error:  Cannot declare class MetzWeb\Instagram\Instagram, because the name is already in use in /home/nocjadpy678c/public_html/tryyourwork.com/docladder/app/Libraries/vendor/cosenary/instagram/Instagram.php on line 17
[21-Mar-2022 07:43:20 America/Chicago] PHP Fatal error:  Cannot declare class MetzWeb\Instagram\Instagram, because the name is already in use in /home/nocjadpy678c/public_html/tryyourwork.com/docladder/app/Libraries/vendor/cosenary/instagram/Instagram.php on line 17
[21-Mar-2022 07:48:31 America/Chicago] PHP Fatal error:  Cannot declare class MetzWeb\Instagram\Instagram, because the name is already in use in /home/nocjadpy678c/public_html/tryyourwork.com/docladder/app/Libraries/vendor/cosenary/instagram/Instagram.php on line 17
[21-Mar-2022 07:48:51 America/Chicago] PHP Fatal error:  Cannot declare class MetzWeb\Instagram\Instagram, because the name is already in use in /home/nocjadpy678c/public_html/tryyourwork.com/docladder/app/Libraries/vendor/cosenary/instagram/Instagram.php on line 17
[21-Mar-2022 07:53:33 America/Chicago] PHP Fatal error:  Cannot declare class MetzWeb\Instagram\Instagram, because the name is already in use in /home/nocjadpy678c/public_html/tryyourwork.com/docladder/app/Libraries/vendor/cosenary/instagram/Insta.php on line 17
[21-Mar-2022 07:56:46 America/Chicago] PHP Fatal error:  Cannot declare class MetzWeb\Instagram\Instagrams, because the name is already in use in /home/nocjadpy678c/public_html/tryyourwork.com/docladder/app/Libraries/vendor/cosenary/instagram/Insta.php on line 17
[21-Mar-2022 07:57:36 America/Chicago] PHP Fatal error:  Cannot declare class MetzWeb\Insta\Instagram, because the name is already in use in /home/nocjadpy678c/public_html/tryyourwork.com/docladder/app/Libraries/vendor/cosenary/instagram/Insta.php on line 17
[21-Mar-2022 08:06:51 America/Chicago] PHP Fatal error:  Cannot declare class EspressoDev\InstagramBasicDisplay\InstagramBasicDisplay, because the name is already in use in /home/nocjadpy678c/public_html/tryyourwork.com/docladder/app/Libraries/vendor/EspressoDev/InstagramBasicDisplay/InstagramBasicDisplay.php on line 9
[21-Mar-2022 08:12:08 America/Chicago] PHP Fatal error:  Cannot declare class EspressoDev\InstagramBasicDisplay\InstagramBasicDisplay, because the name is already in use in /home/nocjadpy678c/public_html/tryyourwork.com/docladder/app/Libraries/vendor/EspressoDev/InstagramBasicDisplay/InstagramBasicDisplay.php on line 9
[21-Mar-2022 08:29:15 America/Chicago] PHP Fatal error:  Cannot declare class MetzWeb\Instagram\Instagram, because the name is already in use in /home/nocjadpy678c/public_html/tryyourwork.com/docladder/app/Libraries/vendor/instagram/InstagramPhp/src/Instagram.php on line 17
[21-Mar-2022 08:31:00 America/Chicago] PHP Fatal error:  Cannot declare class MetzWeb\Instagram\Instagram, because the name is already in use in /home/nocjadpy678c/public_html/tryyourwork.com/docladder/app/Libraries/vendor/instagram/InstagramPhp/src/Instagram.php on line 17
[21-Mar-2022 08:31:06 America/Chicago] PHP Fatal error:  Cannot declare class MetzWeb\Instagram\Instagram, because the name is already in use in /home/nocjadpy678c/public_html/tryyourwork.com/docladder/app/Libraries/vendor/instagram/InstagramPhp/src/Instagram.php on line 17
[21-Mar-2022 08:34:29 America/Chicago] PHP Fatal error:  Cannot declare class MetzWeb\Instagram\Instagram, because the name is already in use in /home/nocjadpy678c/public_html/tryyourwork.com/docladder/app/Libraries/vendor/instagram/InstagramPhp/src/Instagram.php on line 17
[21-Mar-2022 23:48:00 America/Chicago] PHP Fatal error:  Cannot declare class MetzWeb\Instagram\Instagram, because the name is already in use in /home/nocjadpy678c/public_html/tryyourwork.com/docladder/app/Libraries/vendor/instagram/InstagramPhp/src/Instagram.php on line 17
[21-Mar-2022 23:53:27 America/Chicago] PHP Fatal error:  Cannot declare class MetzWeb\Instagrams\Instagram, because the name is already in use in /home/nocjadpy678c/public_html/tryyourwork.com/docladder/app/Libraries/vendor/instagram/InstagramPhp/src/Instagram.php on line 17
[21-Mar-2022 23:54:28 America/Chicago] PHP Fatal error:  Cannot declare class MetzWeb\Instagram\insta, because the name is already in use in /home/nocjadpy678c/public_html/tryyourwork.com/docladder/app/Libraries/vendor/instagram/InstagramPhp/src/Instagram.php on line 17
[21-Mar-2022 23:54:53 America/Chicago] PHP Fatal error:  Cannot declare class MetzWeb\Instagram\Instagram, because the name is already in use in /home/nocjadpy678c/public_html/tryyourwork.com/docladder/app/Libraries/vendor/instagram/InstagramPhp/src/Instagram.php on line 17
[21-Mar-2022 23:56:14 America/Chicago] PHP Warning:  Uncaught ErrorException: require_once(/home/nocjadpy678c/public_html/tryyourwork.com/docladder/app//Libraries/vendor/instagram/InstagramPhp/src/Instagram.php): failed to open stream: No such file or directory in /home/nocjadpy678c/public_html/tryyourwork.com/docladder/app/Controllers/Login.php:77
Stack trace:
#0 /home/nocjadpy678c/public_html/tryyourwork.com/docladder/app/Controllers/Login.php(77): CodeIgniter\Debug\Exceptions->errorHandler(2, 'require_once(/h...', '/home/nocjadpy6...', 77, Array)
#1 /home/nocjadpy678c/public_html/tryyourwork.com/docladder/app/Controllers/Login.php(77): require_once()
#2 /home/nocjadpy678c/public_html/tryyourwork.com/docladder/vendor/codeigniter4/framework/system/CodeIgniter.php(824): App\Controllers\Login->apinstagram()
#3 /home/nocjadpy678c/public_html/tryyourwork.com/docladder/vendor/codeigniter4/framework/system/CodeIgniter.php(410): CodeIgniter\CodeIgniter->runController(Object(App\Controllers\Login))
#4 /home/nocjadpy678c/public_html/tryyourwork.com/docladder/vendor/cod in /home/nocjadpy678c/public_html/tryyourwork.com/docladder/app/Controllers/Login.php on line 77
[21-Mar-2022 23:56:14 America/Chicago] PHP Fatal error:  App\Controllers\Login::apinstagram(): Failed opening required '/home/nocjadpy678c/public_html/tryyourwork.com/docladder/app//Libraries/vendor/instagram/InstagramPhp/src/Instagram.php' (include_path='.:/opt/alt/php74/usr/share/pear') in /home/nocjadpy678c/public_html/tryyourwork.com/docladder/app/Controllers/Login.php on line 77
[21-Mar-2022 23:57:17 America/Chicago] PHP Warning:  Uncaught ErrorException: require_once(/home/nocjadpy678c/public_html/tryyourwork.com/docladder/app//Libraries/vendor/instagram/InstagramPhp/src/Instagram.php): failed to open stream: No such file or directory in /home/nocjadpy678c/public_html/tryyourwork.com/docladder/app/Controllers/Login.php:77
Stack trace:
#0 /home/nocjadpy678c/public_html/tryyourwork.com/docladder/app/Controllers/Login.php(77): CodeIgniter\Debug\Exceptions->errorHandler(2, 'require_once(/h...', '/home/nocjadpy6...', 77, Array)
#1 /home/nocjadpy678c/public_html/tryyourwork.com/docladder/app/Controllers/Login.php(77): require_once()
#2 /home/nocjadpy678c/public_html/tryyourwork.com/docladder/vendor/codeigniter4/framework/system/CodeIgniter.php(824): App\Controllers\Login->apinstagram()
#3 /home/nocjadpy678c/public_html/tryyourwork.com/docladder/vendor/codeigniter4/framework/system/CodeIgniter.php(410): CodeIgniter\CodeIgniter->runController(Object(App\Controllers\Login))
#4 /home/nocjadpy678c/public_html/tryyourwork.com/docladder/vendor/cod in /home/nocjadpy678c/public_html/tryyourwork.com/docladder/app/Controllers/Login.php on line 77
[21-Mar-2022 23:57:17 America/Chicago] PHP Fatal error:  App\Controllers\Login::apinstagram(): Failed opening required '/home/nocjadpy678c/public_html/tryyourwork.com/docladder/app//Libraries/vendor/instagram/InstagramPhp/src/Instagram.php' (include_path='.:/opt/alt/php74/usr/share/pear') in /home/nocjadpy678c/public_html/tryyourwork.com/docladder/app/Controllers/Login.php on line 77
[21-Mar-2022 23:58:30 America/Chicago] PHP Warning:  Uncaught ErrorException: require_once(/home/nocjadpy678c/public_html/tryyourwork.com/docladder/app//Libraries/vendor/instagram/InstagramPhp/src/Instagram.php): failed to open stream: No such file or directory in /home/nocjadpy678c/public_html/tryyourwork.com/docladder/app/Controllers/Login.php:77
Stack trace:
#0 /home/nocjadpy678c/public_html/tryyourwork.com/docladder/app/Controllers/Login.php(77): CodeIgniter\Debug\Exceptions->errorHandler(2, 'require_once(/h...', '/home/nocjadpy6...', 77, Array)
#1 /home/nocjadpy678c/public_html/tryyourwork.com/docladder/app/Controllers/Login.php(77): require_once()
#2 /home/nocjadpy678c/public_html/tryyourwork.com/docladder/vendor/codeigniter4/framework/system/CodeIgniter.php(824): App\Controllers\Login->apinstagram()
#3 /home/nocjadpy678c/public_html/tryyourwork.com/docladder/vendor/codeigniter4/framework/system/CodeIgniter.php(410): CodeIgniter\CodeIgniter->runController(Object(App\Controllers\Login))
#4 /home/nocjadpy678c/public_html/tryyourwork.com/docladder/vendor/cod in /home/nocjadpy678c/public_html/tryyourwork.com/docladder/app/Controllers/Login.php on line 77
[21-Mar-2022 23:58:30 America/Chicago] PHP Fatal error:  App\Controllers\Login::apinstagram(): Failed opening required '/home/nocjadpy678c/public_html/tryyourwork.com/docladder/app//Libraries/vendor/instagram/InstagramPhp/src/Instagram.php' (include_path='.:/opt/alt/php74/usr/share/pear') in /home/nocjadpy678c/public_html/tryyourwork.com/docladder/app/Controllers/Login.php on line 77
[22-Mar-2022 00:02:40 America/Chicago] PHP Warning:  Uncaught ErrorException: require_once(/home/nocjadpy678c/public_html/tryyourwork.com/docladder/app//Libraries/vendor/instagram/InstagramPhp/src/Instagram.php): failed to open stream: No such file or directory in /home/nocjadpy678c/public_html/tryyourwork.com/docladder/app/Controllers/Login.php:77
Stack trace:
#0 /home/nocjadpy678c/public_html/tryyourwork.com/docladder/app/Controllers/Login.php(77): CodeIgniter\Debug\Exceptions->errorHandler(2, 'require_once(/h...', '/home/nocjadpy6...', 77, Array)
#1 /home/nocjadpy678c/public_html/tryyourwork.com/docladder/app/Controllers/Login.php(77): require_once()
#2 /home/nocjadpy678c/public_html/tryyourwork.com/docladder/vendor/codeigniter4/framework/system/CodeIgniter.php(824): App\Controllers\Login->apinstagram()
#3 /home/nocjadpy678c/public_html/tryyourwork.com/docladder/vendor/codeigniter4/framework/system/CodeIgniter.php(410): CodeIgniter\CodeIgniter->runController(Object(App\Controllers\Login))
#4 /home/nocjadpy678c/public_html/tryyourwork.com/docladder/vendor/cod in /home/nocjadpy678c/public_html/tryyourwork.com/docladder/app/Controllers/Login.php on line 77
[22-Mar-2022 00:02:40 America/Chicago] PHP Fatal error:  App\Controllers\Login::apinstagram(): Failed opening required '/home/nocjadpy678c/public_html/tryyourwork.com/docladder/app//Libraries/vendor/instagram/InstagramPhp/src/Instagram.php' (include_path='.:/opt/alt/php74/usr/share/pear') in /home/nocjadpy678c/public_html/tryyourwork.com/docladder/app/Controllers/Login.php on line 77
[22-Mar-2022 00:03:37 America/Chicago] PHP Warning:  Uncaught ErrorException: require_once(/home/nocjadpy678c/public_html/tryyourwork.com/docladder/app//Libraries/vendor/instagram/InstagramPhp/src/Instagram.php): failed to open stream: No such file or directory in /home/nocjadpy678c/public_html/tryyourwork.com/docladder/app/Controllers/Login.php:76
Stack trace:
#0 /home/nocjadpy678c/public_html/tryyourwork.com/docladder/app/Controllers/Login.php(76): CodeIgniter\Debug\Exceptions->errorHandler(2, 'require_once(/h...', '/home/nocjadpy6...', 76, Array)
#1 /home/nocjadpy678c/public_html/tryyourwork.com/docladder/app/Controllers/Login.php(76): require_once()
#2 /home/nocjadpy678c/public_html/tryyourwork.com/docladder/vendor/codeigniter4/framework/system/CodeIgniter.php(824): App\Controllers\Login->apinstagram()
#3 /home/nocjadpy678c/public_html/tryyourwork.com/docladder/vendor/codeigniter4/framework/system/CodeIgniter.php(410): CodeIgniter\CodeIgniter->runController(Object(App\Controllers\Login))
#4 /home/nocjadpy678c/public_html/tryyourwork.com/docladder/vendor/cod in /home/nocjadpy678c/public_html/tryyourwork.com/docladder/app/Controllers/Login.php on line 76
[22-Mar-2022 00:03:37 America/Chicago] PHP Fatal error:  App\Controllers\Login::apinstagram(): Failed opening required '/home/nocjadpy678c/public_html/tryyourwork.com/docladder/app//Libraries/vendor/instagram/InstagramPhp/src/Instagram.php' (include_path='.:/opt/alt/php74/usr/share/pear') in /home/nocjadpy678c/public_html/tryyourwork.com/docladder/app/Controllers/Login.php on line 76
[22-Mar-2022 01:28:49 America/Chicago] PHP Fatal error:  Cannot declare class MetzWeb\Instagram\Instagramm, because the name is already in use in /home/nocjadpy678c/public_html/tryyourwork.com/docladder/app/Libraries/vendor/instagram/InstagramPhp/src/Instagramm.php on line 17
[22-Mar-2022 01:30:08 America/Chicago] PHP Fatal error:  Cannot declare class MetzWeb\Instagram\Instagramm, because the name is already in use in /home/nocjadpy678c/public_html/tryyourwork.com/docladder/app/Libraries/vendor/instagram/InstagramPhp/src/Instagramm.php on line 17
[22-Mar-2022 01:32:21 America/Chicago] PHP Fatal error:  Cannot declare class MetzWeb\Instagram\Instagram, because the name is already in use in /home/nocjadpy678c/public_html/tryyourwork.com/docladder/app/Libraries/vendor/instagram/InstagramPhp/src/Instagramm.php on line 17
[22-Mar-2022 01:43:08 America/Chicago] PHP Fatal error:  Cannot declare class MetzWeb\Instagram\Instagram, because the name is already in use in /home/nocjadpy678c/public_html/tryyourwork.com/docladder/app/Libraries/vendor/instagram/InstagramPhp/src/Instagramm.php on line 17
[22-Mar-2022 01:45:05 America/Chicago] PHP Fatal error:  Cannot declare class MetzWeb\Instagram\Instagramm, because the name is already in use in /home/nocjadpy678c/public_html/tryyourwork.com/docladder/app/Libraries/vendor/instagram/InstagramPhp/src/Instagramm.php on line 17
[22-Mar-2022 01:53:28 America/Chicago] PHP Fatal error:  Cannot declare class MetzWeb\Instagram\Instagramm, because the name is already in use in /home/nocjadpy678c/public_html/tryyourwork.com/docladder/app/Libraries/vendor/instagram/InstagramPhp/src/Instagramm.php on line 17
[22-Mar-2022 01:55:20 America/Chicago] PHP Warning:  Uncaught ErrorException: require_once(/home/nocjadpy678c/public_html/tryyourwork.com/docladder/app//Libraries/vendor/instagram/InstagramPhp/src/Instagramm.php): failed to open stream: No such file or directory in /home/nocjadpy678c/public_html/tryyourwork.com/docladder/app/Controllers/Login.php:78
Stack trace:
#0 /home/nocjadpy678c/public_html/tryyourwork.com/docladder/app/Controllers/Login.php(78): CodeIgniter\Debug\Exceptions->errorHandler(2, 'require_once(/h...', '/home/nocjadpy6...', 78, Array)
#1 /home/nocjadpy678c/public_html/tryyourwork.com/docladder/app/Controllers/Login.php(78): require_once()
#2 /home/nocjadpy678c/public_html/tryyourwork.com/docladder/vendor/codeigniter4/framework/system/CodeIgniter.php(824): App\Controllers\Login->apinstagram()
#3 /home/nocjadpy678c/public_html/tryyourwork.com/docladder/vendor/codeigniter4/framework/system/CodeIgniter.php(410): CodeIgniter\CodeIgniter->runController(Object(App\Controllers\Login))
#4 /home/nocjadpy678c/public_html/tryyourwork.com/docladder/vendor/co in /home/nocjadpy678c/public_html/tryyourwork.com/docladder/app/Controllers/Login.php on line 78
[22-Mar-2022 01:55:20 America/Chicago] PHP Fatal error:  App\Controllers\Login::apinstagram(): Failed opening required '/home/nocjadpy678c/public_html/tryyourwork.com/docladder/app//Libraries/vendor/instagram/InstagramPhp/src/Instagramm.php' (include_path='.:/opt/alt/php74/usr/share/pear') in /home/nocjadpy678c/public_html/tryyourwork.com/docladder/app/Controllers/Login.php on line 78
[22-Mar-2022 01:55:57 America/Chicago] PHP Warning:  Uncaught ErrorException: require_once(/home/nocjadpy678c/public_html/tryyourwork.com/docladder/app//Libraries/vendor/instagram/InstagramPhp/src/Instagramm.php): failed to open stream: No such file or directory in /home/nocjadpy678c/public_html/tryyourwork.com/docladder/app/Controllers/Login.php:78
Stack trace:
#0 /home/nocjadpy678c/public_html/tryyourwork.com/docladder/app/Controllers/Login.php(78): CodeIgniter\Debug\Exceptions->errorHandler(2, 'require_once(/h...', '/home/nocjadpy6...', 78, Array)
#1 /home/nocjadpy678c/public_html/tryyourwork.com/docladder/app/Controllers/Login.php(78): require_once()
#2 /home/nocjadpy678c/public_html/tryyourwork.com/docladder/vendor/codeigniter4/framework/system/CodeIgniter.php(824): App\Controllers\Login->apinstagram()
#3 /home/nocjadpy678c/public_html/tryyourwork.com/docladder/vendor/codeigniter4/framework/system/CodeIgniter.php(410): CodeIgniter\CodeIgniter->runController(Object(App\Controllers\Login))
#4 /home/nocjadpy678c/public_html/tryyourwork.com/docladder/vendor/co in /home/nocjadpy678c/public_html/tryyourwork.com/docladder/app/Controllers/Login.php on line 78
[22-Mar-2022 01:55:57 America/Chicago] PHP Fatal error:  App\Controllers\Login::apinstagram(): Failed opening required '/home/nocjadpy678c/public_html/tryyourwork.com/docladder/app//Libraries/vendor/instagram/InstagramPhp/src/Instagramm.php' (include_path='.:/opt/alt/php74/usr/share/pear') in /home/nocjadpy678c/public_html/tryyourwork.com/docladder/app/Controllers/Login.php on line 78
[22-Mar-2022 01:57:31 America/Chicago] PHP Fatal error:  Cannot declare class Instagram\Instagram, because the name is already in use in /home/nocjadpy678c/public_html/tryyourwork.com/docladder/app/Libraries/vendor/instagram/InstagramPhp/src/Instagram.php on line 17
[22-Mar-2022 02:29:12 America/Chicago] PHP Fatal error:  Cannot declare class Instagram\Instagram, because the name is already in use in /home/nocjadpy678c/public_html/tryyourwork.com/docladder/app/Libraries/vendor/instagram/InstagramPhp/src/Instagram.php on line 17
[22-Mar-2022 03:14:03 America/Chicago] PHP Fatal error:  Cannot declare class MetzWeb\Instagram\Instagram, because the name is already in use in /home/nocjadpy678c/public_html/tryyourwork.com/docladder/app/Libraries/vendor/instagram/InstagramPhp/src/Instagram.php on line 18
[22-Mar-2022 04:22:24 America/Chicago] PHP Fatal error:  Cannot declare class MetzWeb\Instagram\Instagram, because the name is already in use in /home/nocjadpy678c/public_html/tryyourwork.com/docladder/app/Libraries/vendor/instagram/InstagramPhp/src/Instagram.php on line 18
[22-Mar-2022 04:23:20 America/Chicago] PHP Fatal error:  Cannot declare class MetzWeb\Instagram\Instagram, because the name is already in use in /home/nocjadpy678c/public_html/tryyourwork.com/docladder/app/Libraries/vendor/instagram/InstagramPhp/src/Instagram.php on line 18
[22-Mar-2022 04:25:16 America/Chicago] PHP Fatal error:  Cannot declare class MetzWeb\Instagram\Instagram, because the name is already in use in /home/nocjadpy678c/public_html/tryyourwork.com/docladder/app/Libraries/vendor/instagram/InstagramPhp/src/Instagram.php on line 18
[22-Mar-2022 04:28:19 America/Chicago] PHP Fatal error:  Cannot declare class MetzWeb\Instagram\Instagram, because the name is already in use in /home/nocjadpy678c/public_html/tryyourwork.com/docladder/app/Libraries/vendor/instagram/InstagramPhp/src/Instagram.php on line 18
[22-Mar-2022 04:29:03 America/Chicago] PHP Fatal error:  Cannot declare class MetzWeb\Instagram\Instagram, because the name is already in use in /home/nocjadpy678c/public_html/tryyourwork.com/docladder/app/Libraries/vendor/instagram/InstagramPhp/src/Instagram.php on line 18
[22-Mar-2022 04:30:16 America/Chicago] PHP Fatal error:  Cannot declare class MetzWeb\Instagram\Instagram, because the name is already in use in /home/nocjadpy678c/public_html/tryyourwork.com/docladder/app/Libraries/vendor/instagram/InstagramPhp/src/Instagram.php on line 18
[22-Mar-2022 04:37:19 America/Chicago] PHP Fatal error:  Cannot declare class MetzWeb\Instagram\Instagram, because the name is already in use in /home/nocjadpy678c/public_html/tryyourwork.com/docladder/app/Libraries/vendor/instagram/InstagramPhp/src/Instagram.php on line 18
[22-Mar-2022 04:48:02 America/Chicago] PHP Fatal error:  Cannot declare class MetzWeb\Instagram\Instagram, because the name is already in use in /home/nocjadpy678c/public_html/tryyourwork.com/docladder/app/Libraries/vendor/instagram/InstagramPhp/src/Instagram.php on line 18
[22-Mar-2022 05:33:20 America/Chicago] PHP Fatal error:  Cannot declare class MetzWeb\Instagram\Instagram, because the name is already in use in /home/nocjadpy678c/public_html/tryyourwork.com/docladder/app/Libraries/vendor/instagram/InstagramPhp/src/Instagram.php on line 18
[22-Mar-2022 06:12:04 America/Chicago] PHP Warning:  Uncaught ErrorException: require_once(/home/nocjadpy678c/public_html/tryyourwork.com/docladder/app//Libraries/vendor/Andreyco/Instagram/Client.php): failed to open stream: No such file or directory in /home/nocjadpy678c/public_html/tryyourwork.com/docladder/app/Controllers/Api.php:10
Stack trace:
#0 /home/nocjadpy678c/public_html/tryyourwork.com/docladder/app/Controllers/Api.php(10): CodeIgniter\Debug\Exceptions->errorHandler(2, 'require_once(/h...', '/home/nocjadpy6...', 10, Array)
#1 /home/nocjadpy678c/public_html/tryyourwork.com/docladder/app/Controllers/Api.php(10): require_once()
#2 /home/nocjadpy678c/public_html/tryyourwork.com/docladder/vendor/codeigniter4/framework/system/CodeIgniter.php(824): App\Controllers\Api->index()
#3 /home/nocjadpy678c/public_html/tryyourwork.com/docladder/vendor/codeigniter4/framework/system/CodeIgniter.php(410): CodeIgniter\CodeIgniter->runController(Object(App\Controllers\Api))
#4 /home/nocjadpy678c/public_html/tryyourwork.com/docladder/vendor/codeigniter4/framework/system/ in /home/nocjadpy678c/public_html/tryyourwork.com/docladder/app/Controllers/Api.php on line 10
[22-Mar-2022 06:12:04 America/Chicago] PHP Fatal error:  App\Controllers\Api::index(): Failed opening required '/home/nocjadpy678c/public_html/tryyourwork.com/docladder/app//Libraries/vendor/Andreyco/Instagram/Client.php' (include_path='.:/opt/alt/php74/usr/share/pear') in /home/nocjadpy678c/public_html/tryyourwork.com/docladder/app/Controllers/Api.php on line 10
[22-Mar-2022 06:14:21 America/Chicago] PHP Warning:  Uncaught ErrorException: require_once(/home/nocjadpy678c/public_html/tryyourwork.com/docladder/app//Libraries/vendor/Andreyco/Instagram/Client.php): failed to open stream: No such file or directory in /home/nocjadpy678c/public_html/tryyourwork.com/docladder/app/Controllers/Api.php:10
Stack trace:
#0 /home/nocjadpy678c/public_html/tryyourwork.com/docladder/app/Controllers/Api.php(10): CodeIgniter\Debug\Exceptions->errorHandler(2, 'require_once(/h...', '/home/nocjadpy6...', 10, Array)
#1 /home/nocjadpy678c/public_html/tryyourwork.com/docladder/app/Controllers/Api.php(10): require_once()
#2 /home/nocjadpy678c/public_html/tryyourwork.com/docladder/vendor/codeigniter4/framework/system/CodeIgniter.php(824): App\Controllers\Api->index()
#3 /home/nocjadpy678c/public_html/tryyourwork.com/docladder/vendor/codeigniter4/framework/system/CodeIgniter.php(410): CodeIgniter\CodeIgniter->runController(Object(App\Controllers\Api))
#4 /home/nocjadpy678c/public_html/tryyourwork.com/docladder/vendor/codeigniter4/framework/system/ in /home/nocjadpy678c/public_html/tryyourwork.com/docladder/app/Controllers/Api.php on line 10
[22-Mar-2022 06:14:21 America/Chicago] PHP Fatal error:  App\Controllers\Api::index(): Failed opening required '/home/nocjadpy678c/public_html/tryyourwork.com/docladder/app//Libraries/vendor/Andreyco/Instagram/Client.php' (include_path='.:/opt/alt/php74/usr/share/pear') in /home/nocjadpy678c/public_html/tryyourwork.com/docladder/app/Controllers/Api.php on line 10
[22-Mar-2022 06:16:59 America/Chicago] PHP Warning:  Uncaught ErrorException: require_once(/home/nocjadpy678c/public_html/tryyourwork.com/docladder/app/Libraries/vendor/Andreyco/Instagram/Client.php): failed to open stream: No such file or directory in /home/nocjadpy678c/public_html/tryyourwork.com/docladder/app/Controllers/Api.php:11
Stack trace:
#0 /home/nocjadpy678c/public_html/tryyourwork.com/docladder/app/Controllers/Api.php(11): CodeIgniter\Debug\Exceptions->errorHandler(2, 'require_once(/h...', '/home/nocjadpy6...', 11, Array)
#1 /home/nocjadpy678c/public_html/tryyourwork.com/docladder/app/Controllers/Api.php(11): require_once()
#2 /home/nocjadpy678c/public_html/tryyourwork.com/docladder/vendor/codeigniter4/framework/system/CodeIgniter.php(824): App\Controllers\Api->index()
#3 /home/nocjadpy678c/public_html/tryyourwork.com/docladder/vendor/codeigniter4/framework/system/CodeIgniter.php(410): CodeIgniter\CodeIgniter->runController(Object(App\Controllers\Api))
#4 /home/nocjadpy678c/public_html/tryyourwork.com/docladder/vendor/codeigniter4/framework/system/C in /home/nocjadpy678c/public_html/tryyourwork.com/docladder/app/Controllers/Api.php on line 11
[22-Mar-2022 06:16:59 America/Chicago] PHP Fatal error:  App\Controllers\Api::index(): Failed opening required '/home/nocjadpy678c/public_html/tryyourwork.com/docladder/app/Libraries/vendor/Andreyco/Instagram/Client.php' (include_path='.:/opt/alt/php74/usr/share/pear') in /home/nocjadpy678c/public_html/tryyourwork.com/docladder/app/Controllers/Api.php on line 11
[22-Mar-2022 06:36:58 America/Chicago] PHP Fatal error:  Cannot declare class MetzWeb\Instagram\Instagram, because the name is already in use in /home/nocjadpy678c/public_html/tryyourwork.com/docladder/app/Libraries/vendor/instagram/InstagramPhp/src/Instagram.php on line 18
[22-Mar-2022 06:41:42 America/Chicago] PHP Fatal error:  Cannot declare class MetzWeb\Instagram\Instagram, because the name is already in use in /home/nocjadpy678c/public_html/tryyourwork.com/docladder/app/Libraries/vendor/instagram/InstagramPhp/src/Instagram.php on line 18
[22-Mar-2022 07:05:35 America/Chicago] PHP Fatal error:  Cannot declare class MetzWeb\Instagram\Instagram, because the name is already in use in /home/nocjadpy678c/public_html/tryyourwork.com/docladder/app/Libraries/vendor/instagram/InstagramPhp/Instagram.php on line 18
[22-Mar-2022 07:06:12 America/Chicago] PHP Fatal error:  Cannot declare class MetzWeb\Instagram\Instagram, because the name is already in use in /home/nocjadpy678c/public_html/tryyourwork.com/docladder/app/Libraries/vendor/instagram/InstagramPhp/Instagram.php on line 18
[22-Mar-2022 07:07:55 America/Chicago] PHP Fatal error:  Cannot declare class MetzWeb\Instagram\Instagram, because the name is already in use in /home/nocjadpy678c/public_html/tryyourwork.com/docladder/app/Libraries/vendor/instagram/InstagramPhp/Instagram.php on line 18
[22-Mar-2022 07:08:40 America/Chicago] PHP Fatal error:  Cannot declare class MetzWeb\Instagram\Instagram, because the name is already in use in /home/nocjadpy678c/public_html/tryyourwork.com/docladder/app/Libraries/vendor/instagram/InstagramPhp/Instagram.php on line 17
[22-Mar-2022 07:09:53 America/Chicago] PHP Fatal error:  Cannot declare class MetzWeb\Instagram\Instagram, because the name is already in use in /home/nocjadpy678c/public_html/tryyourwork.com/docladder/app/Libraries/vendor/instagram/InstagramPhp/Instagram.php on line 17
[22-Mar-2022 07:10:11 America/Chicago] PHP Fatal error:  Cannot declare class Instagram, because the name is already in use in /home/nocjadpy678c/public_html/tryyourwork.com/docladder/app/Libraries/vendor/instagram/InstagramPhp/Instagram.php on line 17
[22-Mar-2022 07:10:45 America/Chicago] PHP Fatal error:  Cannot declare class Instagram\Instagram, because the name is already in use in /home/nocjadpy678c/public_html/tryyourwork.com/docladder/app/Libraries/vendor/instagram/InstagramPhp/Instagram.php on line 17
[22-Mar-2022 07:11:09 America/Chicago] PHP Fatal error:  Cannot declare class Instagram, because the name is already in use in /home/nocjadpy678c/public_html/tryyourwork.com/docladder/app/Libraries/vendor/instagram/InstagramPhp/Instagram.php on line 17
[22-Mar-2022 07:14:22 America/Chicago] PHP Warning:  Uncaught ErrorException: require_once(/home/nocjadpy678c/public_html/tryyourwork.com/docladder/app//Libraries/vendor/instagram/InstagramPhp/src/Instagram.php): failed to open stream: No such file or directory in /home/nocjadpy678c/public_html/tryyourwork.com/docladder/app/Controllers/Api.php:11
Stack trace:
#0 /home/nocjadpy678c/public_html/tryyourwork.com/docladder/app/Controllers/Api.php(11): CodeIgniter\Debug\Exceptions->errorHandler(2, 'require_once(/h...', '/home/nocjadpy6...', 11, Array)
#1 /home/nocjadpy678c/public_html/tryyourwork.com/docladder/app/Controllers/Api.php(11): require_once()
#2 /home/nocjadpy678c/public_html/tryyourwork.com/docladder/vendor/codeigniter4/framework/system/CodeIgniter.php(824): App\Controllers\Api->index()
#3 /home/nocjadpy678c/public_html/tryyourwork.com/docladder/vendor/codeigniter4/framework/system/CodeIgniter.php(410): CodeIgniter\CodeIgniter->runController(Object(App\Controllers\Api))
#4 /home/nocjadpy678c/public_html/tryyourwork.com/docladder/vendor/codeigniter4/framew in /home/nocjadpy678c/public_html/tryyourwork.com/docladder/app/Controllers/Api.php on line 11
[22-Mar-2022 07:14:22 America/Chicago] PHP Fatal error:  App\Controllers\Api::index(): Failed opening required '/home/nocjadpy678c/public_html/tryyourwork.com/docladder/app//Libraries/vendor/instagram/InstagramPhp/src/Instagram.php' (include_path='.:/opt/alt/php74/usr/share/pear') in /home/nocjadpy678c/public_html/tryyourwork.com/docladder/app/Controllers/Api.php on line 11
[22-Mar-2022 07:14:41 America/Chicago] PHP Fatal error:  Cannot declare class Instagram, because the name is already in use in /home/nocjadpy678c/public_html/tryyourwork.com/docladder/app/Libraries/vendor/instagram/InstagramPhp/Instagram.php on line 17
[22-Mar-2022 07:15:30 America/Chicago] PHP Fatal error:  Cannot declare class Instagram, because the name is already in use in /home/nocjadpy678c/public_html/tryyourwork.com/docladder/app/Libraries/vendor/instagram/InstagramPhp/Instagram.php on line 17
[22-Mar-2022 07:30:46 America/Chicago] PHP Fatal error:  Cannot use App\Libraries\vendor\instagram\InstagramPhp\Instagram as Instagram because the name is already in use in /home/nocjadpy678c/public_html/tryyourwork.com/docladder/app/Controllers/Login.php on line 9
[22-Mar-2022 07:36:10 America/Chicago] PHP Fatal error:  Cannot declare class MetzWeb\Instagram\Instagram, because the name is already in use in /home/nocjadpy678c/public_html/tryyourwork.com/docladder/app/Libraries/vendor/instagram/InstagramPhp/Instagram.php on line 17
[22-Mar-2022 07:37:06 America/Chicago] PHP Fatal error:  Cannot declare class Instagram\Instagram, because the name is already in use in /home/nocjadpy678c/public_html/tryyourwork.com/docladder/app/Libraries/vendor/instagram/InstagramPhp/Instagram.php on line 17
[22-Mar-2022 07:40:15 America/Chicago] PHP Fatal error:  Cannot declare class Instagram\Instagram, because the name is already in use in /home/nocjadpy678c/public_html/tryyourwork.com/docladder/app/Libraries/vendor/instagram/InstagramPhp/Instagram.php on line 17
[22-Mar-2022 07:44:07 America/Chicago] PHP Fatal error:  Cannot declare class Instagram\Instagram, because the name is already in use in /home/nocjadpy678c/public_html/tryyourwork.com/docladder/app/Libraries/vendor/instagram/InstagramPhp/Instagram.php on line 17
[22-Mar-2022 07:45:50 America/Chicago] PHP Fatal error:  Cannot declare class Instagram\Instagram, because the name is already in use in /home/nocjadpy678c/public_html/tryyourwork.com/docladder/app/Libraries/vendor/instagram/InstagramPhp/Instagram.php on line 17
[22-Mar-2022 07:46:27 America/Chicago] PHP Fatal error:  Cannot declare class Instagram\Instagram, because the name is already in use in /home/nocjadpy678c/public_html/tryyourwork.com/docladder/app/Libraries/vendor/instagram/InstagramPhp/Instagram.php on line 17
[22-Mar-2022 07:46:54 America/Chicago] PHP Fatal error:  Cannot declare class Instagram\Instagram, because the name is already in use in /home/nocjadpy678c/public_html/tryyourwork.com/docladder/app/Libraries/vendor/instagram/InstagramPhp/Instagram.php on line 17
[22-Mar-2022 07:47:19 America/Chicago] PHP Fatal error:  Cannot declare class Instagram\Instagram, because the name is already in use in /home/nocjadpy678c/public_html/tryyourwork.com/docladder/app/Libraries/vendor/instagram/InstagramPhp/Instagram.php on line 17
[22-Mar-2022 07:47:57 America/Chicago] PHP Fatal error:  Cannot declare class Instagram, because the name is already in use in /home/nocjadpy678c/public_html/tryyourwork.com/docladder/app/Libraries/vendor/instagram/InstagramPhp/Instagram.php on line 16
[22-Mar-2022 07:48:37 America/Chicago] PHP Fatal error:  Cannot declare class Instagram, because the name is already in use in /home/nocjadpy678c/public_html/tryyourwork.com/docladder/app/Libraries/vendor/instagram/InstagramPhp/Instagram.php on line 16
[22-Mar-2022 07:49:32 America/Chicago] PHP Fatal error:  Cannot declare class Instagram, because the name is already in use in /home/nocjadpy678c/public_html/tryyourwork.com/docladder/app/Libraries/vendor/instagram/InstagramPhp/Instagram.php on line 16
[22-Mar-2022 07:51:30 America/Chicago] PHP Fatal error:  Cannot declare class MetzWeb\Instagram\Instagram, because the name is already in use in /home/nocjadpy678c/public_html/tryyourwork.com/docladder/app/Libraries/vendor/instagram/InstagramPhp/Instagram.php on line 17
[22-Mar-2022 07:51:56 America/Chicago] PHP Fatal error:  Cannot declare class Instagram\Instagram, because the name is already in use in /home/nocjadpy678c/public_html/tryyourwork.com/docladder/app/Libraries/vendor/instagram/InstagramPhp/Instagram.php on line 17
[23-Mar-2022 03:54:04 America/Chicago] PHP Warning:  Uncaught ErrorException: require_once(/home/nocjadpy678c/public_html/tryyourwork.com/docladder/app//Libraries/vendor/instagram/instagram/Instagram.php): failed to open stream: No such file or directory in /home/nocjadpy678c/public_html/tryyourwork.com/docladder/app/Controllers/Login.php:79
Stack trace:
#0 /home/nocjadpy678c/public_html/tryyourwork.com/docladder/app/Controllers/Login.php(79): CodeIgniter\Debug\Exceptions->errorHandler(2, 'require_once(/h...', '/home/nocjadpy6...', 79, Array)
#1 /home/nocjadpy678c/public_html/tryyourwork.com/docladder/app/Controllers/Login.php(79): require_once()
#2 /home/nocjadpy678c/public_html/tryyourwork.com/docladder/app/Controllers/Login.php(56): App\Controllers\Login->instagram()
#3 /home/nocjadpy678c/public_html/tryyourwork.com/docladder/vendor/codeigniter4/framework/system/CodeIgniter.php(824): App\Controllers\Login->index()
#4 /home/nocjadpy678c/public_html/tryyourwork.com/docladder/vendor/codeigniter4/framework/system/CodeIgniter.php(410): CodeIgniter\CodeIgniter->ru in /home/nocjadpy678c/public_html/tryyourwork.com/docladder/app/Controllers/Login.php on line 79
[23-Mar-2022 03:54:04 America/Chicago] PHP Fatal error:  App\Controllers\Login::instagram(): Failed opening required '/home/nocjadpy678c/public_html/tryyourwork.com/docladder/app//Libraries/vendor/instagram/instagram/Instagram.php' (include_path='.:/opt/alt/php74/usr/share/pear') in /home/nocjadpy678c/public_html/tryyourwork.com/docladder/app/Controllers/Login.php on line 79
[23-Mar-2022 03:57:41 America/Chicago] PHP Fatal error:  Cannot declare class Instagram\Instagram, because the name is already in use in /home/nocjadpy678c/public_html/tryyourwork.com/docladder/app/Libraries/vendor/instagram/instagram/Instagram.php on line 11
[23-Mar-2022 07:56:21 America/Chicago] PHP Warning:  Uncaught ErrorException: require_once(/home/nocjadpy678c/public_html/tryyourwork.com/docladder/app//Libraries/vendor/instagram/InstagramPhp/Instagram.php): failed to open stream: No such file or directory in /home/nocjadpy678c/public_html/tryyourwork.com/docladder/app/Controllers/Api.php:10
Stack trace:
#0 /home/nocjadpy678c/public_html/tryyourwork.com/docladder/app/Controllers/Api.php(10): CodeIgniter\Debug\Exceptions->errorHandler(2, 'require_once(/h...', '/home/nocjadpy6...', 10, Array)
#1 /home/nocjadpy678c/public_html/tryyourwork.com/docladder/app/Controllers/Api.php(10): require_once()
#2 /home/nocjadpy678c/public_html/tryyourwork.com/docladder/vendor/codeigniter4/framework/system/CodeIgniter.php(824): App\Controllers\Api->index()
#3 /home/nocjadpy678c/public_html/tryyourwork.com/docladder/vendor/codeigniter4/framework/system/CodeIgniter.php(410): CodeIgniter\CodeIgniter->runController(Object(App\Controllers\Api))
#4 /home/nocjadpy678c/public_html/tryyourwork.com/docladder/vendor/codeigniter4/framework/ in /home/nocjadpy678c/public_html/tryyourwork.com/docladder/app/Controllers/Api.php on line 10
[23-Mar-2022 07:56:21 America/Chicago] PHP Fatal error:  App\Controllers\Api::index(): Failed opening required '/home/nocjadpy678c/public_html/tryyourwork.com/docladder/app//Libraries/vendor/instagram/InstagramPhp/Instagram.php' (include_path='.:/opt/alt/php74/usr/share/pear') in /home/nocjadpy678c/public_html/tryyourwork.com/docladder/app/Controllers/Api.php on line 10
[23-May-2022 05:41:53 America/Chicago] PHP Fatal error:  Uncaught CodeIgniter\HTTP\Exceptions\HTTPException: Unknown HTTP status code provided with no message: 190 in /home/nocjadpy678c/public_html/tryyourwork.com/docladder/vendor/codeigniter4/framework/system/HTTP/ResponseTrait.php:155
Stack trace:
#0 /home/nocjadpy678c/public_html/tryyourwork.com/docladder/vendor/codeigniter4/framework/system/HTTP/ResponseTrait.php(155): CodeIgniter\HTTP\Exceptions\HTTPException::forUnkownStatusCode(190)
#1 /home/nocjadpy678c/public_html/tryyourwork.com/docladder/vendor/codeigniter4/framework/system/Debug/Exceptions.php(106): CodeIgniter\HTTP\Response->setStatusCode(190)
#2 [internal function]: CodeIgniter\Debug\Exceptions->exceptionHandler(Object(Facebook\Exceptions\FacebookResponseException))
#3 {main}
  thrown in /home/nocjadpy678c/public_html/tryyourwork.com/docladder/vendor/codeigniter4/framework/system/HTTP/ResponseTrait.php on line 155
[27-May-2022 10:28:28 America/Chicago] PHP Fatal error:  Uncaught CodeIgniter\HTTP\Exceptions\HTTPException: Unknown HTTP status code provided with no message: 190 in /home/nocjadpy678c/public_html/tryyourwork.com/docladder/vendor/codeigniter4/framework/system/HTTP/ResponseTrait.php:155
Stack trace:
#0 /home/nocjadpy678c/public_html/tryyourwork.com/docladder/vendor/codeigniter4/framework/system/HTTP/ResponseTrait.php(155): CodeIgniter\HTTP\Exceptions\HTTPException::forUnkownStatusCode(190)
#1 /home/nocjadpy678c/public_html/tryyourwork.com/docladder/vendor/codeigniter4/framework/system/Debug/Exceptions.php(106): CodeIgniter\HTTP\Response->setStatusCode(190)
#2 [internal function]: CodeIgniter\Debug\Exceptions->exceptionHandler(Object(Facebook\Exceptions\FacebookResponseException))
#3 {main}
  thrown in /home/nocjadpy678c/public_html/tryyourwork.com/docladder/vendor/codeigniter4/framework/system/HTTP/ResponseTrait.php on line 155
[16-Jun-2022 06:37:56 America/Chicago] PHP Fatal error:  Uncaught CodeIgniter\HTTP\Exceptions\HTTPException: Unknown HTTP status code provided with no message: 190 in /home/nocjadpy678c/public_html/tryyourwork.com/docladder/vendor/codeigniter4/framework/system/HTTP/ResponseTrait.php:155
Stack trace:
#0 /home/nocjadpy678c/public_html/tryyourwork.com/docladder/vendor/codeigniter4/framework/system/HTTP/ResponseTrait.php(155): CodeIgniter\HTTP\Exceptions\HTTPException::forUnkownStatusCode(190)
#1 /home/nocjadpy678c/public_html/tryyourwork.com/docladder/vendor/codeigniter4/framework/system/Debug/Exceptions.php(106): CodeIgniter\HTTP\Response->setStatusCode(190)
#2 [internal function]: CodeIgniter\Debug\Exceptions->exceptionHandler(Object(Facebook\Exceptions\FacebookResponseException))
#3 {main}
  thrown in /home/nocjadpy678c/public_html/tryyourwork.com/docladder/vendor/codeigniter4/framework/system/HTTP/ResponseTrait.php on line 155
[16-Jun-2022 06:38:52 America/Chicago] PHP Fatal error:  Uncaught CodeIgniter\HTTP\Exceptions\HTTPException: Unknown HTTP status code provided with no message: 190 in /home/nocjadpy678c/public_html/tryyourwork.com/docladder/vendor/codeigniter4/framework/system/HTTP/ResponseTrait.php:155
Stack trace:
#0 /home/nocjadpy678c/public_html/tryyourwork.com/docladder/vendor/codeigniter4/framework/system/HTTP/ResponseTrait.php(155): CodeIgniter\HTTP\Exceptions\HTTPException::forUnkownStatusCode(190)
#1 /home/nocjadpy678c/public_html/tryyourwork.com/docladder/vendor/codeigniter4/framework/system/Debug/Exceptions.php(106): CodeIgniter\HTTP\Response->setStatusCode(190)
#2 [internal function]: CodeIgniter\Debug\Exceptions->exceptionHandler(Object(Facebook\Exceptions\FacebookResponseException))
#3 {main}
  thrown in /home/nocjadpy678c/public_html/tryyourwork.com/docladder/vendor/codeigniter4/framework/system/HTTP/ResponseTrait.php on line 155
[16-Jun-2022 06:39:16 America/Chicago] PHP Fatal error:  Uncaught CodeIgniter\HTTP\Exceptions\HTTPException: Unknown HTTP status code provided with no message: 190 in /home/nocjadpy678c/public_html/tryyourwork.com/docladder/vendor/codeigniter4/framework/system/HTTP/ResponseTrait.php:155
Stack trace:
#0 /home/nocjadpy678c/public_html/tryyourwork.com/docladder/vendor/codeigniter4/framework/system/HTTP/ResponseTrait.php(155): CodeIgniter\HTTP\Exceptions\HTTPException::forUnkownStatusCode(190)
#1 /home/nocjadpy678c/public_html/tryyourwork.com/docladder/vendor/codeigniter4/framework/system/Debug/Exceptions.php(106): CodeIgniter\HTTP\Response->setStatusCode(190)
#2 [internal function]: CodeIgniter\Debug\Exceptions->exceptionHandler(Object(Facebook\Exceptions\FacebookResponseException))
#3 {main}
  thrown in /home/nocjadpy678c/public_html/tryyourwork.com/docladder/vendor/codeigniter4/framework/system/HTTP/ResponseTrait.php on line 155
[16-Jun-2022 06:39:27 America/Chicago] PHP Fatal error:  Uncaught CodeIgniter\HTTP\Exceptions\HTTPException: Unknown HTTP status code provided with no message: 190 in /home/nocjadpy678c/public_html/tryyourwork.com/docladder/vendor/codeigniter4/framework/system/HTTP/ResponseTrait.php:155
Stack trace:
#0 /home/nocjadpy678c/public_html/tryyourwork.com/docladder/vendor/codeigniter4/framework/system/HTTP/ResponseTrait.php(155): CodeIgniter\HTTP\Exceptions\HTTPException::forUnkownStatusCode(190)
#1 /home/nocjadpy678c/public_html/tryyourwork.com/docladder/vendor/codeigniter4/framework/system/Debug/Exceptions.php(106): CodeIgniter\HTTP\Response->setStatusCode(190)
#2 [internal function]: CodeIgniter\Debug\Exceptions->exceptionHandler(Object(Facebook\Exceptions\FacebookResponseException))
#3 {main}
  thrown in /home/nocjadpy678c/public_html/tryyourwork.com/docladder/vendor/codeigniter4/framework/system/HTTP/ResponseTrait.php on line 155
[16-Jun-2022 06:39:34 America/Chicago] PHP Fatal error:  Uncaught CodeIgniter\HTTP\Exceptions\HTTPException: Unknown HTTP status code provided with no message: 190 in /home/nocjadpy678c/public_html/tryyourwork.com/docladder/vendor/codeigniter4/framework/system/HTTP/ResponseTrait.php:155
Stack trace:
#0 /home/nocjadpy678c/public_html/tryyourwork.com/docladder/vendor/codeigniter4/framework/system/HTTP/ResponseTrait.php(155): CodeIgniter\HTTP\Exceptions\HTTPException::forUnkownStatusCode(190)
#1 /home/nocjadpy678c/public_html/tryyourwork.com/docladder/vendor/codeigniter4/framework/system/Debug/Exceptions.php(106): CodeIgniter\HTTP\Response->setStatusCode(190)
#2 [internal function]: CodeIgniter\Debug\Exceptions->exceptionHandler(Object(Facebook\Exceptions\FacebookResponseException))
#3 {main}
  thrown in /home/nocjadpy678c/public_html/tryyourwork.com/docladder/vendor/codeigniter4/framework/system/HTTP/ResponseTrait.php on line 155
[30-Jun-2022 05:16:03 America/Chicago] PHP Fatal error:  Cannot redeclare App\Models\RecruiterModel::ChangePassword() in /home/nocjadpy678c/public_html/tryyourwork.com/docladder/app/Models/RecruiterModel.php on line 95
[04-Jul-2022 04:29:21 America/Chicago] PHP Fatal error:  Cannot declare class App\Controllers\EquipmentsRegister, because the name is already in use in /home/nocjadpy678c/public_html/tryyourwork.com/docladder/app/Controllers/EquipmentRegister.php on line 0
[04-Jul-2022 04:31:30 America/Chicago] PHP Fatal error:  Cannot declare class App\Controllers\EquipmentsRegister, because the name is already in use in /home/nocjadpy678c/public_html/tryyourwork.com/docladder/app/Controllers/EquipmentRegister.php on line 0
[04-Jul-2022 04:32:29 America/Chicago] PHP Fatal error:  Cannot declare class App\Controllers\EquipmentsRegister, because the name is already in use in /home/nocjadpy678c/public_html/tryyourwork.com/docladder/app/Controllers/EquipmentRegister.php on line 0
[08-Jul-2022 04:11:19 America/Chicago] PHP Fatal error:  Uncaught CodeIgniter\HTTP\Exceptions\HTTPException: Unknown HTTP status code provided with no message: 190 in /home/nocjadpy678c/public_html/tryyourwork.com/docladder/vendor/codeigniter4/framework/system/HTTP/ResponseTrait.php:155
Stack trace:
#0 /home/nocjadpy678c/public_html/tryyourwork.com/docladder/vendor/codeigniter4/framework/system/HTTP/ResponseTrait.php(155): CodeIgniter\HTTP\Exceptions\HTTPException::forUnkownStatusCode(190)
#1 /home/nocjadpy678c/public_html/tryyourwork.com/docladder/vendor/codeigniter4/framework/system/Debug/Exceptions.php(106): CodeIgniter\HTTP\Response->setStatusCode(190)
#2 [internal function]: CodeIgniter\Debug\Exceptions->exceptionHandler(Object(Facebook\Exceptions\FacebookResponseException))
#3 {main}
  thrown in /home/nocjadpy678c/public_html/tryyourwork.com/docladder/vendor/codeigniter4/framework/system/HTTP/ResponseTrait.php on line 155
[08-Jul-2022 04:12:25 America/Chicago] PHP Fatal error:  Uncaught CodeIgniter\HTTP\Exceptions\HTTPException: Unknown HTTP status code provided with no message: 190 in /home/nocjadpy678c/public_html/tryyourwork.com/docladder/vendor/codeigniter4/framework/system/HTTP/ResponseTrait.php:155
Stack trace:
#0 /home/nocjadpy678c/public_html/tryyourwork.com/docladder/vendor/codeigniter4/framework/system/HTTP/ResponseTrait.php(155): CodeIgniter\HTTP\Exceptions\HTTPException::forUnkownStatusCode(190)
#1 /home/nocjadpy678c/public_html/tryyourwork.com/docladder/vendor/codeigniter4/framework/system/Debug/Exceptions.php(106): CodeIgniter\HTTP\Response->setStatusCode(190)
#2 [internal function]: CodeIgniter\Debug\Exceptions->exceptionHandler(Object(Facebook\Exceptions\FacebookResponseException))
#3 {main}
  thrown in /home/nocjadpy678c/public_html/tryyourwork.com/docladder/vendor/codeigniter4/framework/system/HTTP/ResponseTrait.php on line 155
[17-Aug-2022 06:45:35 America/Chicago] PHP Fatal error:  Uncaught CodeIgniter\Format\Exceptions\FormatException: Failed to parse json string, error: "Type is not supported". in /home/nocjadpy678c/public_html/tryyourwork.com/docladder/vendor/codeigniter4/framework/system/Format/JSONFormatter.php:41
Stack trace:
#0 /home/nocjadpy678c/public_html/tryyourwork.com/docladder/vendor/codeigniter4/framework/system/Format/JSONFormatter.php(41): CodeIgniter\Format\Exceptions\FormatException::forInvalidJSON('Type is not sup...')
#1 /home/nocjadpy678c/public_html/tryyourwork.com/docladder/vendor/codeigniter4/framework/system/API/ResponseTrait.php(341): CodeIgniter\Format\JSONFormatter->format(Array)
#2 /home/nocjadpy678c/public_html/tryyourwork.com/docladder/vendor/codeigniter4/framework/system/API/ResponseTrait.php(99): CodeIgniter\Debug\Exceptions->format(Array)
#3 /home/nocjadpy678c/public_html/tryyourwork.com/docladder/vendor/codeigniter4/framework/system/Debug/Exceptions.php(110): CodeIgniter\Debug\Exceptions->respond(Array, 500)
#4 [internal function]: CodeIgniter\Debug\E in /home/nocjadpy678c/public_html/tryyourwork.com/docladder/vendor/codeigniter4/framework/system/Format/JSONFormatter.php on line 41
[17-Aug-2022 06:54:36 America/Chicago] PHP Fatal error:  Uncaught CodeIgniter\Format\Exceptions\FormatException: Failed to parse json string, error: "Type is not supported". in /home/nocjadpy678c/public_html/tryyourwork.com/docladder/vendor/codeigniter4/framework/system/Format/JSONFormatter.php:41
Stack trace:
#0 /home/nocjadpy678c/public_html/tryyourwork.com/docladder/vendor/codeigniter4/framework/system/Format/JSONFormatter.php(41): CodeIgniter\Format\Exceptions\FormatException::forInvalidJSON('Type is not sup...')
#1 /home/nocjadpy678c/public_html/tryyourwork.com/docladder/vendor/codeigniter4/framework/system/API/ResponseTrait.php(341): CodeIgniter\Format\JSONFormatter->format(Array)
#2 /home/nocjadpy678c/public_html/tryyourwork.com/docladder/vendor/codeigniter4/framework/system/API/ResponseTrait.php(99): CodeIgniter\Debug\Exceptions->format(Array)
#3 /home/nocjadpy678c/public_html/tryyourwork.com/docladder/vendor/codeigniter4/framework/system/Debug/Exceptions.php(110): CodeIgniter\Debug\Exceptions->respond(Array, 500)
#4 [internal function]: CodeIgniter\Debug\E in /home/nocjadpy678c/public_html/tryyourwork.com/docladder/vendor/codeigniter4/framework/system/Format/JSONFormatter.php on line 41
[17-Aug-2022 06:56:11 America/Chicago] PHP Fatal error:  Uncaught CodeIgniter\Format\Exceptions\FormatException: Failed to parse json string, error: "Type is not supported". in /home/nocjadpy678c/public_html/tryyourwork.com/docladder/vendor/codeigniter4/framework/system/Format/JSONFormatter.php:41
Stack trace:
#0 /home/nocjadpy678c/public_html/tryyourwork.com/docladder/vendor/codeigniter4/framework/system/Format/JSONFormatter.php(41): CodeIgniter\Format\Exceptions\FormatException::forInvalidJSON('Type is not sup...')
#1 /home/nocjadpy678c/public_html/tryyourwork.com/docladder/vendor/codeigniter4/framework/system/API/ResponseTrait.php(341): CodeIgniter\Format\JSONFormatter->format(Array)
#2 /home/nocjadpy678c/public_html/tryyourwork.com/docladder/vendor/codeigniter4/framework/system/API/ResponseTrait.php(99): CodeIgniter\Debug\Exceptions->format(Array)
#3 /home/nocjadpy678c/public_html/tryyourwork.com/docladder/vendor/codeigniter4/framework/system/Debug/Exceptions.php(110): CodeIgniter\Debug\Exceptions->respond(Array, 500)
#4 [internal function]: CodeIgniter\Debug\E in /home/nocjadpy678c/public_html/tryyourwork.com/docladder/vendor/codeigniter4/framework/system/Format/JSONFormatter.php on line 41
[17-Aug-2022 07:07:51 America/Chicago] PHP Fatal error:  Uncaught CodeIgniter\Format\Exceptions\FormatException: Failed to parse json string, error: "Type is not supported". in /home/nocjadpy678c/public_html/tryyourwork.com/docladder/vendor/codeigniter4/framework/system/Format/JSONFormatter.php:41
Stack trace:
#0 /home/nocjadpy678c/public_html/tryyourwork.com/docladder/vendor/codeigniter4/framework/system/Format/JSONFormatter.php(41): CodeIgniter\Format\Exceptions\FormatException::forInvalidJSON('Type is not sup...')
#1 /home/nocjadpy678c/public_html/tryyourwork.com/docladder/vendor/codeigniter4/framework/system/API/ResponseTrait.php(341): CodeIgniter\Format\JSONFormatter->format(Array)
#2 /home/nocjadpy678c/public_html/tryyourwork.com/docladder/vendor/codeigniter4/framework/system/API/ResponseTrait.php(99): CodeIgniter\Debug\Exceptions->format(Array)
#3 /home/nocjadpy678c/public_html/tryyourwork.com/docladder/vendor/codeigniter4/framework/system/Debug/Exceptions.php(110): CodeIgniter\Debug\Exceptions->respond(Array, 500)
#4 [internal function]: CodeIgniter\Debug\E in /home/nocjadpy678c/public_html/tryyourwork.com/docladder/vendor/codeigniter4/framework/system/Format/JSONFormatter.php on line 41
[17-Aug-2022 07:11:50 America/Chicago] PHP Fatal error:  Uncaught CodeIgniter\Format\Exceptions\FormatException: Failed to parse json string, error: "Type is not supported". in /home/nocjadpy678c/public_html/tryyourwork.com/docladder/vendor/codeigniter4/framework/system/Format/JSONFormatter.php:41
Stack trace:
#0 /home/nocjadpy678c/public_html/tryyourwork.com/docladder/vendor/codeigniter4/framework/system/Format/JSONFormatter.php(41): CodeIgniter\Format\Exceptions\FormatException::forInvalidJSON('Type is not sup...')
#1 /home/nocjadpy678c/public_html/tryyourwork.com/docladder/vendor/codeigniter4/framework/system/API/ResponseTrait.php(341): CodeIgniter\Format\JSONFormatter->format(Array)
#2 /home/nocjadpy678c/public_html/tryyourwork.com/docladder/vendor/codeigniter4/framework/system/API/ResponseTrait.php(99): CodeIgniter\Debug\Exceptions->format(Array)
#3 /home/nocjadpy678c/public_html/tryyourwork.com/docladder/vendor/codeigniter4/framework/system/Debug/Exceptions.php(110): CodeIgniter\Debug\Exceptions->respond(Array, 500)
#4 [internal function]: CodeIgniter\Debug\E in /home/nocjadpy678c/public_html/tryyourwork.com/docladder/vendor/codeigniter4/framework/system/Format/JSONFormatter.php on line 41
[17-Aug-2022 07:46:50 America/Chicago] PHP Fatal error:  Uncaught CodeIgniter\Format\Exceptions\FormatException: Failed to parse json string, error: "Malformed UTF-8 characters, possibly incorrectly encoded". in /home/nocjadpy678c/public_html/tryyourwork.com/docladder/vendor/codeigniter4/framework/system/Format/JSONFormatter.php:41
Stack trace:
#0 /home/nocjadpy678c/public_html/tryyourwork.com/docladder/vendor/codeigniter4/framework/system/Format/JSONFormatter.php(41): CodeIgniter\Format\Exceptions\FormatException::forInvalidJSON('Malformed UTF-8...')
#1 /home/nocjadpy678c/public_html/tryyourwork.com/docladder/vendor/codeigniter4/framework/system/API/ResponseTrait.php(341): CodeIgniter\Format\JSONFormatter->format(Array)
#2 /home/nocjadpy678c/public_html/tryyourwork.com/docladder/vendor/codeigniter4/framework/system/API/ResponseTrait.php(99): CodeIgniter\Debug\Exceptions->format(Array)
#3 /home/nocjadpy678c/public_html/tryyourwork.com/docladder/vendor/codeigniter4/framework/system/Debug/Exceptions.php(110): CodeIgniter\Debug\Exceptions->respond(Array, 500)
#4 [inte in /home/nocjadpy678c/public_html/tryyourwork.com/docladder/vendor/codeigniter4/framework/system/Format/JSONFormatter.php on line 41
[17-Aug-2022 08:09:09 America/Chicago] PHP Fatal error:  Uncaught CodeIgniter\Format\Exceptions\FormatException: Failed to parse json string, error: "Type is not supported". in /home/nocjadpy678c/public_html/tryyourwork.com/docladder/vendor/codeigniter4/framework/system/Format/JSONFormatter.php:41
Stack trace:
#0 /home/nocjadpy678c/public_html/tryyourwork.com/docladder/vendor/codeigniter4/framework/system/Format/JSONFormatter.php(41): CodeIgniter\Format\Exceptions\FormatException::forInvalidJSON('Type is not sup...')
#1 /home/nocjadpy678c/public_html/tryyourwork.com/docladder/vendor/codeigniter4/framework/system/API/ResponseTrait.php(341): CodeIgniter\Format\JSONFormatter->format(Array)
#2 /home/nocjadpy678c/public_html/tryyourwork.com/docladder/vendor/codeigniter4/framework/system/API/ResponseTrait.php(99): CodeIgniter\Debug\Exceptions->format(Array)
#3 /home/nocjadpy678c/public_html/tryyourwork.com/docladder/vendor/codeigniter4/framework/system/Debug/Exceptions.php(110): CodeIgniter\Debug\Exceptions->respond(Array, 500)
#4 [internal function]: CodeIgniter\Debug\E in /home/nocjadpy678c/public_html/tryyourwork.com/docladder/vendor/codeigniter4/framework/system/Format/JSONFormatter.php on line 41
[17-Aug-2022 08:11:49 America/Chicago] PHP Fatal error:  Uncaught CodeIgniter\Format\Exceptions\FormatException: Failed to parse json string, error: "Type is not supported". in /home/nocjadpy678c/public_html/tryyourwork.com/docladder/vendor/codeigniter4/framework/system/Format/JSONFormatter.php:43
Stack trace:
#0 /home/nocjadpy678c/public_html/tryyourwork.com/docladder/vendor/codeigniter4/framework/system/Format/JSONFormatter.php(43): CodeIgniter\Format\Exceptions\FormatException::forInvalidJSON('Type is not sup...')
#1 /home/nocjadpy678c/public_html/tryyourwork.com/docladder/vendor/codeigniter4/framework/system/API/ResponseTrait.php(341): CodeIgniter\Format\JSONFormatter->format(Array)
#2 /home/nocjadpy678c/public_html/tryyourwork.com/docladder/vendor/codeigniter4/framework/system/API/ResponseTrait.php(99): CodeIgniter\Debug\Exceptions->format(Array)
#3 /home/nocjadpy678c/public_html/tryyourwork.com/docladder/vendor/codeigniter4/framework/system/Debug/Exceptions.php(110): CodeIgniter\Debug\Exceptions->respond(Array, 500)
#4 [internal function]: CodeIgniter\Debug\E in /home/nocjadpy678c/public_html/tryyourwork.com/docladder/vendor/codeigniter4/framework/system/Format/JSONFormatter.php on line 43
[19-Aug-2022 02:06:34 America/Chicago] PHP Fatal error:  Cannot use isset() on the result of an expression (you can use "null !== expression" instead) in /home/nocjadpy678c/public_html/tryyourwork.com/docladder/app/Views/recent-jobs.php on line 241
[10-Sep-2022 04:09:49 America/Chicago] PHP Fatal error:  Cannot use App\Models\SignupModel as SignupModel because the name is already in use in /home/nocjadpy678c/public_html/tryyourwork.com/docladder/app/Controllers/Signup.php on line 6
[24-Sep-2022 07:47:28 America/Chicago] PHP Fatal error:  Cannot use isset() on the result of an expression (you can use "null !== expression" instead) in /home/nocjadpy678c/public_html/tryyourwork.com/docladder/app/Controllers/ManageEquipments.php on line 137
[28-Sep-2022 09:20:45 America/Chicago] PHP Fatal error:  Cannot redeclare App\Controllers\JobseekerProfile::uploadResume() in /home/nocjadpy678c/public_html/tryyourwork.com/docladder/app/Controllers/JobseekerProfile.php on line 357
[02-Oct-2022 14:36:28 America/Chicago] PHP Warning:  Uncaught ErrorException: require_once(/home/nocjadpy678c/public_html/tryyourwork.com/docladder/app/Libraries/vendor/oauth2linkedin/Provider/LinkedIn): failed to open stream: No such file or directory in /home/nocjadpy678c/public_html/tryyourwork.com/docladder/app/Controllers/Test.php:9
Stack trace:
#0 /home/nocjadpy678c/public_html/tryyourwork.com/docladder/app/Controllers/Test.php(9): CodeIgniter\Debug\Exceptions->errorHandler(2, 'require_once(/h...', '/home/nocjadpy6...', 9, Array)
#1 /home/nocjadpy678c/public_html/tryyourwork.com/docladder/app/Controllers/Test.php(9): require_once()
#2 /home/nocjadpy678c/public_html/tryyourwork.com/docladder/vendor/codeigniter4/framework/system/CodeIgniter.php(824): App\Controllers\Test->index()
#3 /home/nocjadpy678c/public_html/tryyourwork.com/docladder/vendor/codeigniter4/framework/system/CodeIgniter.php(410): CodeIgniter\CodeIgniter->runController(Object(App\Controllers\Test))
#4 /home/nocjadpy678c/public_html/tryyourwork.com/docladder/vendor/codeigniter4/framework/syst in /home/nocjadpy678c/public_html/tryyourwork.com/docladder/app/Controllers/Test.php on line 9
[02-Oct-2022 14:36:28 America/Chicago] PHP Fatal error:  App\Controllers\Test::index(): Failed opening required '/home/nocjadpy678c/public_html/tryyourwork.com/docladder/app/Libraries/vendor/oauth2linkedin/Provider/LinkedIn' (include_path='.:/opt/alt/php74/usr/share/pear') in /home/nocjadpy678c/public_html/tryyourwork.com/docladder/app/Controllers/Test.php on line 9
[02-Oct-2022 14:37:38 America/Chicago] PHP Warning:  Uncaught ErrorException: require_once(/home/nocjadpy678c/public_html/tryyourwork.com/docladder/app/Libraries/vendor/oauth2linkedin/Provider/LinkedIn): failed to open stream: No such file or directory in /home/nocjadpy678c/public_html/tryyourwork.com/docladder/app/Controllers/Test.php:9
Stack trace:
#0 /home/nocjadpy678c/public_html/tryyourwork.com/docladder/app/Controllers/Test.php(9): CodeIgniter\Debug\Exceptions->errorHandler(2, 'require_once(/h...', '/home/nocjadpy6...', 9, Array)
#1 /home/nocjadpy678c/public_html/tryyourwork.com/docladder/app/Controllers/Test.php(9): require_once()
#2 /home/nocjadpy678c/public_html/tryyourwork.com/docladder/vendor/codeigniter4/framework/system/CodeIgniter.php(824): App\Controllers\Test->index()
#3 /home/nocjadpy678c/public_html/tryyourwork.com/docladder/vendor/codeigniter4/framework/system/CodeIgniter.php(410): CodeIgniter\CodeIgniter->runController(Object(App\Controllers\Test))
#4 /home/nocjadpy678c/public_html/tryyourwork.com/docladder/vendor/codeigniter4/framework/syst in /home/nocjadpy678c/public_html/tryyourwork.com/docladder/app/Controllers/Test.php on line 9
[02-Oct-2022 14:37:38 America/Chicago] PHP Fatal error:  App\Controllers\Test::index(): Failed opening required '/home/nocjadpy678c/public_html/tryyourwork.com/docladder/app/Libraries/vendor/oauth2linkedin/Provider/LinkedIn' (include_path='.:/opt/alt/php74/usr/share/pear') in /home/nocjadpy678c/public_html/tryyourwork.com/docladder/app/Controllers/Test.php on line 9
[02-Oct-2022 23:13:32 America/Chicago] PHP Warning:  Uncaught ErrorException: require_once(/home/nocjadpy678c/public_html/tryyourwork.com/docladder/app/Libraries/vendor/oauth2linkedin/Provider/LinkedIn): failed to open stream: No such file or directory in /home/nocjadpy678c/public_html/tryyourwork.com/docladder/app/Controllers/Test.php:9
Stack trace:
#0 /home/nocjadpy678c/public_html/tryyourwork.com/docladder/app/Controllers/Test.php(9): CodeIgniter\Debug\Exceptions->errorHandler(2, 'require_once(/h...', '/home/nocjadpy6...', 9, Array)
#1 /home/nocjadpy678c/public_html/tryyourwork.com/docladder/app/Controllers/Test.php(9): require_once()
#2 /home/nocjadpy678c/public_html/tryyourwork.com/docladder/vendor/codeigniter4/framework/system/CodeIgniter.php(824): App\Controllers\Test->index()
#3 /home/nocjadpy678c/public_html/tryyourwork.com/docladder/vendor/codeigniter4/framework/system/CodeIgniter.php(410): CodeIgniter\CodeIgniter->runController(Object(App\Controllers\Test))
#4 /home/nocjadpy678c/public_html/tryyourwork.com/docladder/vendor/codeigniter4/framework/syst in /home/nocjadpy678c/public_html/tryyourwork.com/docladder/app/Controllers/Test.php on line 9
[02-Oct-2022 23:13:32 America/Chicago] PHP Fatal error:  App\Controllers\Test::index(): Failed opening required '/home/nocjadpy678c/public_html/tryyourwork.com/docladder/app/Libraries/vendor/oauth2linkedin/Provider/LinkedIn' (include_path='.:/opt/alt/php74/usr/share/pear') in /home/nocjadpy678c/public_html/tryyourwork.com/docladder/app/Controllers/Test.php on line 9
[02-Oct-2022 23:15:07 America/Chicago] PHP Warning:  Uncaught ErrorException: require_once(/home/nocjadpy678c/public_html/tryyourwork.com/docladder/app/Libraries/vendor/league/oauth2linkedin/Provider/LinkedIn): failed to open stream: No such file or directory in /home/nocjadpy678c/public_html/tryyourwork.com/docladder/app/Controllers/Test.php:9
Stack trace:
#0 /home/nocjadpy678c/public_html/tryyourwork.com/docladder/app/Controllers/Test.php(9): CodeIgniter\Debug\Exceptions->errorHandler(2, 'require_once(/h...', '/home/nocjadpy6...', 9, Array)
#1 /home/nocjadpy678c/public_html/tryyourwork.com/docladder/app/Controllers/Test.php(9): require_once()
#2 /home/nocjadpy678c/public_html/tryyourwork.com/docladder/vendor/codeigniter4/framework/system/CodeIgniter.php(824): App\Controllers\Test->index()
#3 /home/nocjadpy678c/public_html/tryyourwork.com/docladder/vendor/codeigniter4/framework/system/CodeIgniter.php(410): CodeIgniter\CodeIgniter->runController(Object(App\Controllers\Test))
#4 /home/nocjadpy678c/public_html/tryyourwork.com/docladder/vendor/codeigniter4/framewo in /home/nocjadpy678c/public_html/tryyourwork.com/docladder/app/Controllers/Test.php on line 9
[02-Oct-2022 23:15:07 America/Chicago] PHP Fatal error:  App\Controllers\Test::index(): Failed opening required '/home/nocjadpy678c/public_html/tryyourwork.com/docladder/app/Libraries/vendor/league/oauth2linkedin/Provider/LinkedIn' (include_path='.:/opt/alt/php74/usr/share/pear') in /home/nocjadpy678c/public_html/tryyourwork.com/docladder/app/Controllers/Test.php on line 9
[02-Oct-2022 23:19:46 America/Chicago] PHP Warning:  Uncaught ErrorException: require_once(/home/nocjadpy678c/public_html/tryyourwork.com/docladder/app/Libraries/vendor/league/oauth2linkedin/Provider/LinkedIn): failed to open stream: No such file or directory in /home/nocjadpy678c/public_html/tryyourwork.com/docladder/app/Controllers/Test.php:9
Stack trace:
#0 /home/nocjadpy678c/public_html/tryyourwork.com/docladder/app/Controllers/Test.php(9): CodeIgniter\Debug\Exceptions->errorHandler(2, 'require_once(/h...', '/home/nocjadpy6...', 9, Array)
#1 /home/nocjadpy678c/public_html/tryyourwork.com/docladder/app/Controllers/Test.php(9): require_once()
#2 /home/nocjadpy678c/public_html/tryyourwork.com/docladder/vendor/codeigniter4/framework/system/CodeIgniter.php(824): App\Controllers\Test->index()
#3 /home/nocjadpy678c/public_html/tryyourwork.com/docladder/vendor/codeigniter4/framework/system/CodeIgniter.php(410): CodeIgniter\CodeIgniter->runController(Object(App\Controllers\Test))
#4 /home/nocjadpy678c/public_html/tryyourwork.com/docladder/vendor/codeigniter4/framewo in /home/nocjadpy678c/public_html/tryyourwork.com/docladder/app/Controllers/Test.php on line 9
[02-Oct-2022 23:19:46 America/Chicago] PHP Fatal error:  App\Controllers\Test::index(): Failed opening required '/home/nocjadpy678c/public_html/tryyourwork.com/docladder/app/Libraries/vendor/league/oauth2linkedin/Provider/LinkedIn' (include_path='.:/opt/alt/php74/usr/share/pear') in /home/nocjadpy678c/public_html/tryyourwork.com/docladder/app/Controllers/Test.php on line 9
[02-Oct-2022 23:20:20 America/Chicago] PHP Warning:  Uncaught ErrorException: require_once(/home/nocjadpy678c/public_html/tryyourwork.com/docladder/app/Libraries/vendor/league/oauth2linkedin/Provider): failed to open stream: Success in /home/nocjadpy678c/public_html/tryyourwork.com/docladder/app/Controllers/Test.php:9
Stack trace:
#0 /home/nocjadpy678c/public_html/tryyourwork.com/docladder/app/Controllers/Test.php(9): CodeIgniter\Debug\Exceptions->errorHandler(2, 'require_once(/h...', '/home/nocjadpy6...', 9, Array)
#1 /home/nocjadpy678c/public_html/tryyourwork.com/docladder/app/Controllers/Test.php(9): require_once()
#2 /home/nocjadpy678c/public_html/tryyourwork.com/docladder/vendor/codeigniter4/framework/system/CodeIgniter.php(824): App\Controllers\Test->index()
#3 /home/nocjadpy678c/public_html/tryyourwork.com/docladder/vendor/codeigniter4/framework/system/CodeIgniter.php(410): CodeIgniter\CodeIgniter->runController(Object(App\Controllers\Test))
#4 /home/nocjadpy678c/public_html/tryyourwork.com/docladder/vendor/codeigniter4/framework/system/CodeIgniter.php(3 in /home/nocjadpy678c/public_html/tryyourwork.com/docladder/app/Controllers/Test.php on line 9
[02-Oct-2022 23:20:20 America/Chicago] PHP Fatal error:  App\Controllers\Test::index(): Failed opening required '/home/nocjadpy678c/public_html/tryyourwork.com/docladder/app/Libraries/vendor/league/oauth2linkedin/Provider' (include_path='.:/opt/alt/php74/usr/share/pear') in /home/nocjadpy678c/public_html/tryyourwork.com/docladder/app/Controllers/Test.php on line 9
[02-Oct-2022 23:22:22 America/Chicago] PHP Fatal error:  Cannot use App\Http\Requests as Requests because the name is already in use in /home/nocjadpy678c/public_html/tryyourwork.com/docladder/app/Controllers/Test.php on line 5
[02-Oct-2022 23:36:54 America/Chicago] PHP Warning:  Uncaught ErrorException: require_once(/home/nocjadpy678c/public_html/tryyourwork.com/docladder/Libraries/vendor/league/oauth2/client/Provider/LinkedIn.php): failed to open stream: No such file or directory in /home/nocjadpy678c/public_html/tryyourwork.com/docladder/app/Controllers/Test.php:9
Stack trace:
#0 /home/nocjadpy678c/public_html/tryyourwork.com/docladder/app/Controllers/Test.php(9): CodeIgniter\Debug\Exceptions->errorHandler(2, 'require_once(/h...', '/home/nocjadpy6...', 9, Array)
#1 /home/nocjadpy678c/public_html/tryyourwork.com/docladder/app/Controllers/Test.php(9): require_once()
#2 /home/nocjadpy678c/public_html/tryyourwork.com/docladder/vendor/codeigniter4/framework/system/CodeIgniter.php(824): App\Controllers\Test->index()
#3 /home/nocjadpy678c/public_html/tryyourwork.com/docladder/vendor/codeigniter4/framework/system/CodeIgniter.php(410): CodeIgniter\CodeIgniter->runController(Object(App\Controllers\Test))
#4 /home/nocjadpy678c/public_html/tryyourwork.com/docladder/vendor/codeigniter4/framewor in /home/nocjadpy678c/public_html/tryyourwork.com/docladder/app/Controllers/Test.php on line 9
[02-Oct-2022 23:36:54 America/Chicago] PHP Fatal error:  App\Controllers\Test::index(): Failed opening required '/home/nocjadpy678c/public_html/tryyourwork.com/docladder/Libraries/vendor/league/oauth2/client/Provider/LinkedIn.php' (include_path='.:/opt/alt/php74/usr/share/pear') in /home/nocjadpy678c/public_html/tryyourwork.com/docladder/app/Controllers/Test.php on line 9
[02-Oct-2022 23:37:19 America/Chicago] PHP Warning:  Uncaught ErrorException: require_once(/home/nocjadpy678c/public_html/tryyourwork.com/docladder/Libraries/vendor/league/oauth2/client/Provider/LinkedIn.php): failed to open stream: No such file or directory in /home/nocjadpy678c/public_html/tryyourwork.com/docladder/app/Controllers/Test.php:8
Stack trace:
#0 /home/nocjadpy678c/public_html/tryyourwork.com/docladder/app/Controllers/Test.php(8): CodeIgniter\Debug\Exceptions->errorHandler(2, 'require_once(/h...', '/home/nocjadpy6...', 8, Array)
#1 /home/nocjadpy678c/public_html/tryyourwork.com/docladder/app/Controllers/Test.php(8): require_once()
#2 /home/nocjadpy678c/public_html/tryyourwork.com/docladder/vendor/codeigniter4/framework/system/CodeIgniter.php(824): App\Controllers\Test->index()
#3 /home/nocjadpy678c/public_html/tryyourwork.com/docladder/vendor/codeigniter4/framework/system/CodeIgniter.php(410): CodeIgniter\CodeIgniter->runController(Object(App\Controllers\Test))
#4 /home/nocjadpy678c/public_html/tryyourwork.com/docladder/vendor/codeigniter4/framewor in /home/nocjadpy678c/public_html/tryyourwork.com/docladder/app/Controllers/Test.php on line 8
[02-Oct-2022 23:37:19 America/Chicago] PHP Fatal error:  App\Controllers\Test::index(): Failed opening required '/home/nocjadpy678c/public_html/tryyourwork.com/docladder/Libraries/vendor/league/oauth2/client/Provider/LinkedIn.php' (include_path='.:/opt/alt/php74/usr/share/pear') in /home/nocjadpy678c/public_html/tryyourwork.com/docladder/app/Controllers/Test.php on line 8
[02-Oct-2022 23:37:41 America/Chicago] PHP Warning:  Uncaught ErrorException: require_once(/home/nocjadpy678c/public_html/tryyourwork.com/docladder/app/Libraries/vendor/league/oauth2/client/Provider/LinkedIn.php): failed to open stream: No such file or directory in /home/nocjadpy678c/public_html/tryyourwork.com/docladder/app/Controllers/Test.php:8
Stack trace:
#0 /home/nocjadpy678c/public_html/tryyourwork.com/docladder/app/Controllers/Test.php(8): CodeIgniter\Debug\Exceptions->errorHandler(2, 'require_once(/h...', '/home/nocjadpy6...', 8, Array)
#1 /home/nocjadpy678c/public_html/tryyourwork.com/docladder/app/Controllers/Test.php(8): require_once()
#2 /home/nocjadpy678c/public_html/tryyourwork.com/docladder/vendor/codeigniter4/framework/system/CodeIgniter.php(824): App\Controllers\Test->index()
#3 /home/nocjadpy678c/public_html/tryyourwork.com/docladder/vendor/codeigniter4/framework/system/CodeIgniter.php(410): CodeIgniter\CodeIgniter->runController(Object(App\Controllers\Test))
#4 /home/nocjadpy678c/public_html/tryyourwork.com/docladder/vendor/codeigniter4/fram in /home/nocjadpy678c/public_html/tryyourwork.com/docladder/app/Controllers/Test.php on line 8
[02-Oct-2022 23:37:41 America/Chicago] PHP Fatal error:  App\Controllers\Test::index(): Failed opening required '/home/nocjadpy678c/public_html/tryyourwork.com/docladder/app/Libraries/vendor/league/oauth2/client/Provider/LinkedIn.php' (include_path='.:/opt/alt/php74/usr/share/pear') in /home/nocjadpy678c/public_html/tryyourwork.com/docladder/app/Controllers/Test.php on line 8
[18-Oct-2022 11:00:09 America/Chicago] PHP Fatal error:  Cannot redeclare App\Controllers\AjexCallback::getlocation() in /home/nocjadpy678c/public_html/tryyourwork.com/docladder/app/Controllers/AjexCallback.php on line 208
[18-Oct-2022 11:00:10 America/Chicago] PHP Fatal error:  Cannot redeclare App\Controllers\AjexCallback::getlocation() in /home/nocjadpy678c/public_html/tryyourwork.com/docladder/app/Controllers/AjexCallback.php on line 208
[18-Oct-2022 11:00:15 America/Chicago] PHP Fatal error:  Cannot redeclare App\Controllers\AjexCallback::getlocation() in /home/nocjadpy678c/public_html/tryyourwork.com/docladder/app/Controllers/AjexCallback.php on line 208
[18-Oct-2022 11:00:29 America/Chicago] PHP Fatal error:  Cannot redeclare App\Controllers\AjexCallback::getlocation() in /home/nocjadpy678c/public_html/tryyourwork.com/docladder/app/Controllers/AjexCallback.php on line 208
[18-Oct-2022 11:02:22 America/Chicago] PHP Fatal error:  Cannot redeclare App\Controllers\AjexCallback::getlocation() in /home/nocjadpy678c/public_html/tryyourwork.com/docladder/app/Controllers/AjexCallback.php on line 207
[26-Oct-2022 03:34:51 America/Chicago] PHP Deprecated:  The behavior of unparenthesized expressions containing both '.' and '+'/'-' will change in PHP 8: '+'/'-' will take a higher precedence in /home/nocjadpy678c/public_html/tryyourwork.com/docladder/app/Models/RecruiterSearchModel.php on line 43
[26-Oct-2022 03:35:35 America/Chicago] PHP Deprecated:  The behavior of unparenthesized expressions containing both '.' and '+'/'-' will change in PHP 8: '+'/'-' will take a higher precedence in /home/nocjadpy678c/public_html/tryyourwork.com/docladder/app/Models/RecruiterSearchModel.php on line 43
[04-Nov-2022 15:12:40 America/Chicago] PHP Fatal error:  Cannot use isset() on the result of an expression (you can use "null !== expression" instead) in /home/nocjadpy678c/public_html/tryyourwork.com/docladder/app/Views/sub-user-header.php on line 114
[12-Nov-2022 01:55:40 America/Chicago] PHP Fatal error:  Cannot use [] for reading in /home/nocjadpy678c/public_html/tryyourwork.com/docladder/app/Controllers/JobseekerProfile.php on line 139
[12-Nov-2022 01:56:37 America/Chicago] PHP Fatal error:  Cannot use [] for reading in /home/nocjadpy678c/public_html/tryyourwork.com/docladder/app/Controllers/JobseekerProfile.php on line 146
